2026-05-08T11:51:08  [1m[38;5;51mINFO    [0m  [2m[38;5;213mmain[0m  Log session: /home/altairfc/ALTAIR_FC_V2/altairfc/logs/2026-05-08_11-51-08
2026-05-08T11:51:08  [1m[38;5;51mINFO    [0m  [2m[38;5;213mmain[0m  Wrote 18 flight settings to DataStore
2026-05-08T11:51:08  [1m[38;5;51mINFO    [0m  [2m[38;5;213mcore.scheduler[0m  Task sphere_pitch is disabled in config, skipping registration
2026-05-08T11:51:08  [1m[38;5;51mINFO    [0m  [2m[38;5;213mcore.scheduler[0m  Task photodiode is disabled in config, skipping registration
2026-05-08T11:51:08  [1m[38;5;51mINFO    [0m  [2m[38;5;213mmain[0m  Starting ALTAIR V2 flight computer
2026-05-08T11:51:08  [1m[38;5;51mINFO    [0m  [2m[38;5;213mcore.scheduler[0m  Starting 8 task(s)
2026-05-08T11:51:08  [1m[38;5;51mINFO    [0m  [2m[38;5;213mcore.task_base[0m  Task reaction_wheel started
2026-05-08T11:51:08  [1m[38;5;51mINFO    [0m  [2m[38;5;213mtasks.mavlink_task[0m  MavlinkTask: connecting to /dev/serial/by-id/usb-Auterion_PX4_FMU_v6X.x_0-if00 @ 115200 baud
2026-05-08T11:51:08  [1m[38;5;51mINFO    [0m  [2m[38;5;213mcore.task_base[0m  Task mavlink started
2026-05-08T11:51:08  [1m[38;5;51mINFO    [0m  [2m[38;5;213mcore.task_base[0m  Task gps started
2026-05-08T11:51:08  [1m[38;5;51mINFO    [0m  [2m[38;5;213mdrivers.gps_driver[0m  GpsDriver: opened /dev/i2c-1 (fd=5)
2026-05-08T11:51:08  [1m[38;5;51mINFO    [0m  [2m[38;5;213mcore.task_base[0m  Task telemetry started
2026-05-08T11:51:08  [1m[38;5;51mINFO    [0m  [2m[38;5;213mtasks.gps_task[0m  GpsTask: driver ready on /dev/i2c-1
2026-05-08T11:51:08  [1m[38;5;51mINFO    [0m  [2m[38;5;213mtasks.command_receiver_task[0m  CommandReceiverTask: ready (sharing transport with TelemetryTask)
2026-05-08T11:51:08  [1m[38;5;51mINFO    [0m  [2m[38;5;213mtasks.rw_task[0m  RWTask: VESC connected on /dev/serial/by-path/platform-fd500000.pcie-pci-0000:01:00.0-usb-0:1.4:1.0
2026-05-08T11:51:08  [1m[38;5;51mINFO    [0m  [2m[38;5;213mcore.task_base[0m  Task command_receiver started
2026-05-08T11:51:08  [1m[38;5;51mINFO    [0m  [2m[38;5;213mtasks.flight_stage_task[0m  FlightStageTask: initializing — writing all event.* keys to 0
2026-05-08T11:51:08  [1m[38;5;51mINFO    [0m  [2m[38;5;213mcore.task_base[0m  Task flight_stage started
2026-05-08T11:51:08  [1m[38;5;51mINFO    [0m  [2m[38;5;213mdrivers.mcp23017[0m  MCP23017: opened bus 1 address 0x24
2026-05-08T11:51:08  [1m[38;5;51mINFO    [0m  [2m[38;5;213mcore.task_base[0m  Task power started
2026-05-08T11:51:08  [1m[38;5;51mINFO    [0m  [2m[38;5;213mcore.task_base[0m  Task datalogger started
2026-05-08T11:51:08  [1m[38;5;51mINFO    [0m  [2m[38;5;213mtasks.datalogger_task[0m  DataLoggerTask: logging to /home/altairfc/ALTAIR_FC_V2/altairfc/logs/2026-05-08_11-51-08
2026-05-08T11:51:08  [1m[38;5;51mINFO    [0m  [2m[38;5;213mdrivers.ina3221_driver[0m  INA3221Driver: opened /dev/i2c-1 (fd=12)
2026-05-08T11:51:08  [1m[38;5;51mINFO    [0m  [2m[38;5;213mcore.watchdog[0m  Watchdog started (ping interval 15.0s)
2026-05-08T11:51:08  [1m[38;5;51mINFO    [0m  [2m[38;5;213mtelemetry.transport[0m  SerialTransport opened /dev/ttyUSB0 @ 57600 baud
2026-05-08T11:51:08  [1m[38;5;51mINFO    [0m  [2m[38;5;213mtelemetry.telemetry_task[0m  TelemetryTask: transport opened
2026-05-08T11:51:08  [1m[38;5;51mINFO    [0m  [2m[38;5;213mtasks.datalogger_task[0m  DataLoggerTask: opened 12 CSV files
2026-05-08T11:51:13  [1m[38;5;51mINFO    [0m  [2m[38;5;213mtasks.mavlink_task[0m  MavlinkTask: connecting to /dev/serial/by-id/usb-Auterion_PX4_FMU_v6X.x_0-if00 @ 115200 baud
2026-05-08T11:51:18  [1m[38;5;51mINFO    [0m  [2m[38;5;213mtasks.mavlink_task[0m  MavlinkTask: connecting to /dev/serial/by-id/usb-Auterion_PX4_FMU_v6X.x_0-if00 @ 115200 baud
2026-05-08T11:51:23  [1m[38;5;51mINFO    [0m  [2m[38;5;213mtasks.mavlink_task[0m  MavlinkTask: connecting to /dev/serial/by-id/usb-Auterion_PX4_FMU_v6X.x_0-if00 @ 115200 baud
2026-05-08T11:51:28  [1m[38;5;51mINFO    [0m  [2m[38;5;213mtasks.mavlink_task[0m  MavlinkTask: connecting to /dev/serial/by-id/usb-Auterion_PX4_FMU_v6X.x_0-if00 @ 115200 baud
2026-05-08T11:51:33  [1m[38;5;51mINFO    [0m  [2m[38;5;213mtasks.mavlink_task[0m  MavlinkTask: connecting to /dev/serial/by-id/usb-Auterion_PX4_FMU_v6X.x_0-if00 @ 115200 baud
2026-05-08T11:51:38  [1m[38;5;51mINFO    [0m  [2m[38;5;213mtasks.mavlink_task[0m  MavlinkTask: connecting to /dev/serial/by-id/usb-Auterion_PX4_FMU_v6X.x_0-if00 @ 115200 baud
2026-05-08T11:51:43  [1m[38;5;51mINFO    [0m  [2m[38;5;213mtasks.mavlink_task[0m  MavlinkTask: connecting to /dev/serial/by-id/usb-Auterion_PX4_FMU_v6X.x_0-if00 @ 115200 baud
2026-05-08T11:51:46  [1m[38;5;51mINFO    [0m  [2m[38;5;213mtasks.command_receiver_task[0m  CommandReceiverTask: GsGpsCommandPacket → wrote 3 keys
2026-05-08T11:51:46  [1m[38;5;51mINFO    [0m  [2m[38;5;213mtasks.command_receiver_task[0m  CommandReceiverTask: ACK sent (cmd_id=0xC4 cmd_seq=0 status=0)
2026-05-08T11:51:48  [1m[38;5;51mINFO    [0m  [2m[38;5;213mtasks.mavlink_task[0m  MavlinkTask: connecting to /dev/serial/by-id/usb-Auterion_PX4_FMU_v6X.x_0-if00 @ 115200 baud
2026-05-08T11:51:51  [1m[38;5;51mINFO    [0m  [2m[38;5;213mtasks.command_receiver_task[0m  CommandReceiverTask: GsGpsCommandPacket → wrote 3 keys
2026-05-08T11:51:51  [1m[38;5;51mINFO    [0m  [2m[38;5;213mtasks.command_receiver_task[0m  CommandReceiverTask: ACK sent (cmd_id=0xC4 cmd_seq=1 status=0)
2026-05-08T11:51:53  [1m[38;5;51mINFO    [0m  [2m[38;5;213mtasks.mavlink_task[0m  MavlinkTask: connecting to /dev/serial/by-id/usb-Auterion_PX4_FMU_v6X.x_0-if00 @ 115200 baud
2026-05-08T11:51:56  [1m[38;5;51mINFO    [0m  [2m[38;5;213mtasks.command_receiver_task[0m  CommandReceiverTask: GsGpsCommandPacket → wrote 3 keys
2026-05-08T11:51:56  [1m[38;5;51mINFO    [0m  [2m[38;5;213mtasks.command_receiver_task[0m  CommandReceiverTask: ACK sent (cmd_id=0xC4 cmd_seq=2 status=0)
2026-05-08T11:51:58  [1m[38;5;51mINFO    [0m  [2m[38;5;213mtasks.mavlink_task[0m  MavlinkTask: connecting to /dev/serial/by-id/usb-Auterion_PX4_FMU_v6X.x_0-if00 @ 115200 baud
2026-05-08T11:52:01  [1m[38;5;51mINFO    [0m  [2m[38;5;213mtasks.command_receiver_task[0m  CommandReceiverTask: GsGpsCommandPacket → wrote 3 keys
2026-05-08T11:52:01  [1m[38;5;51mINFO    [0m  [2m[38;5;213mtasks.command_receiver_task[0m  CommandReceiverTask: ACK sent (cmd_id=0xC4 cmd_seq=3 status=0)
2026-05-08T11:52:03  [1m[38;5;51mINFO    [0m  [2m[38;5;213mtasks.mavlink_task[0m  MavlinkTask: connecting to /dev/serial/by-id/usb-Auterion_PX4_FMU_v6X.x_0-if00 @ 115200 baud
2026-05-08T11:52:06  [1m[38;5;51mINFO    [0m  [2m[38;5;213mtasks.command_receiver_task[0m  CommandReceiverTask: GsGpsCommandPacket → wrote 3 keys
2026-05-08T11:52:06  [1m[38;5;51mINFO    [0m  [2m[38;5;213mtasks.command_receiver_task[0m  CommandReceiverTask: ACK sent (cmd_id=0xC4 cmd_seq=4 status=0)
2026-05-08T11:52:08  [1m[38;5;51mINFO    [0m  [2m[38;5;213mtasks.mavlink_task[0m  MavlinkTask: connecting to /dev/serial/by-id/usb-Auterion_PX4_FMU_v6X.x_0-if00 @ 115200 baud
2026-05-08T11:52:11  [1m[38;5;51mINFO    [0m  [2m[38;5;213mtasks.command_receiver_task[0m  CommandReceiverTask: GsGpsCommandPacket → wrote 3 keys
2026-05-08T11:52:11  [1m[38;5;51mINFO    [0m  [2m[38;5;213mtasks.command_receiver_task[0m  CommandReceiverTask: ACK sent (cmd_id=0xC4 cmd_seq=5 status=0)
2026-05-08T11:52:13  [1m[38;5;51mINFO    [0m  [2m[38;5;213mtasks.mavlink_task[0m  MavlinkTask: connecting to /dev/serial/by-id/usb-Auterion_PX4_FMU_v6X.x_0-if00 @ 115200 baud
2026-05-08T11:52:16  [1m[38;5;51mINFO    [0m  [2m[38;5;213mtasks.command_receiver_task[0m  CommandReceiverTask: GsGpsCommandPacket → wrote 3 keys
2026-05-08T11:52:16  [1m[38;5;51mINFO    [0m  [2m[38;5;213mtasks.command_receiver_task[0m  CommandReceiverTask: ACK sent (cmd_id=0xC4 cmd_seq=6 status=0)
2026-05-08T11:52:18  [1m[38;5;51mINFO    [0m  [2m[38;5;213mtasks.mavlink_task[0m  MavlinkTask: connecting to /dev/serial/by-id/usb-Auterion_PX4_FMU_v6X.x_0-if00 @ 115200 baud
2026-05-08T11:52:21  [1m[38;5;51mINFO    [0m  [2m[38;5;213mtasks.command_receiver_task[0m  CommandReceiverTask: GsGpsCommandPacket → wrote 3 keys
2026-05-08T11:52:21  [1m[38;5;51mINFO    [0m  [2m[38;5;213mtasks.command_receiver_task[0m  CommandReceiverTask: ACK sent (cmd_id=0xC4 cmd_seq=7 status=0)
2026-05-08T11:52:23  [1m[38;5;51mINFO    [0m  [2m[38;5;213mtasks.mavlink_task[0m  MavlinkTask: connecting to /dev/serial/by-id/usb-Auterion_PX4_FMU_v6X.x_0-if00 @ 115200 baud
2026-05-08T11:52:26  [1m[38;5;51mINFO    [0m  [2m[38;5;213mtasks.command_receiver_task[0m  CommandReceiverTask: GsGpsCommandPacket → wrote 3 keys
2026-05-08T11:52:26  [1m[38;5;51mINFO    [0m  [2m[38;5;213mtasks.command_receiver_task[0m  CommandReceiverTask: ACK sent (cmd_id=0xC4 cmd_seq=8 status=0)
2026-05-08T11:52:28  [1m[38;5;51mINFO    [0m  [2m[38;5;213mtasks.mavlink_task[0m  MavlinkTask: connecting to /dev/serial/by-id/usb-Auterion_PX4_FMU_v6X.x_0-if00 @ 115200 baud
2026-05-08T11:52:31  [1m[38;5;51mINFO    [0m  [2m[38;5;213mtasks.command_receiver_task[0m  CommandReceiverTask: GsGpsCommandPacket → wrote 3 keys
2026-05-08T11:52:31  [1m[38;5;51mINFO    [0m  [2m[38;5;213mtasks.command_receiver_task[0m  CommandReceiverTask: ACK sent (cmd_id=0xC4 cmd_seq=9 status=0)
2026-05-08T11:52:33  [1m[38;5;51mINFO    [0m  [2m[38;5;213mtasks.mavlink_task[0m  MavlinkTask: connecting to /dev/serial/by-id/usb-Auterion_PX4_FMU_v6X.x_0-if00 @ 115200 baud
2026-05-08T11:52:36  [1m[38;5;51mINFO    [0m  [2m[38;5;213mtasks.command_receiver_task[0m  CommandReceiverTask: GsGpsCommandPacket → wrote 3 keys
2026-05-08T11:52:36  [1m[38;5;51mINFO    [0m  [2m[38;5;213mtasks.command_receiver_task[0m  CommandReceiverTask: ACK sent (cmd_id=0xC4 cmd_seq=10 status=0)
2026-05-08T11:52:38  [1m[38;5;51mINFO    [0m  [2m[38;5;213mtasks.mavlink_task[0m  MavlinkTask: connecting to /dev/serial/by-id/usb-Auterion_PX4_FMU_v6X.x_0-if00 @ 115200 baud
2026-05-08T11:52:41  [1m[38;5;51mINFO    [0m  [2m[38;5;213mtasks.command_receiver_task[0m  CommandReceiverTask: GsGpsCommandPacket → wrote 3 keys
2026-05-08T11:52:41  [1m[38;5;51mINFO    [0m  [2m[38;5;213mtasks.command_receiver_task[0m  CommandReceiverTask: ACK sent (cmd_id=0xC4 cmd_seq=11 status=0)
2026-05-08T11:52:43  [1m[38;5;51mINFO    [0m  [2m[38;5;213mtasks.mavlink_task[0m  MavlinkTask: connecting to /dev/serial/by-id/usb-Auterion_PX4_FMU_v6X.x_0-if00 @ 115200 baud
2026-05-08T11:52:46  [1m[38;5;51mINFO    [0m  [2m[38;5;213mtasks.command_receiver_task[0m  CommandReceiverTask: GsGpsCommandPacket → wrote 3 keys
2026-05-08T11:52:46  [1m[38;5;51mINFO    [0m  [2m[38;5;213mtasks.command_receiver_task[0m  CommandReceiverTask: ACK sent (cmd_id=0xC4 cmd_seq=12 status=0)
2026-05-08T11:52:48  [1m[38;5;51mINFO    [0m  [2m[38;5;213mtasks.mavlink_task[0m  MavlinkTask: connecting to /dev/serial/by-id/usb-Auterion_PX4_FMU_v6X.x_0-if00 @ 115200 baud
2026-05-08T11:52:51  [1m[38;5;51mINFO    [0m  [2m[38;5;213mtasks.command_receiver_task[0m  CommandReceiverTask: GsGpsCommandPacket → wrote 3 keys
2026-05-08T11:52:51  [1m[38;5;51mINFO    [0m  [2m[38;5;213mtasks.command_receiver_task[0m  CommandReceiverTask: ACK sent (cmd_id=0xC4 cmd_seq=13 status=0)
2026-05-08T11:52:53  [1m[38;5;51mINFO    [0m  [2m[38;5;213mtasks.mavlink_task[0m  MavlinkTask: connecting to /dev/serial/by-id/usb-Auterion_PX4_FMU_v6X.x_0-if00 @ 115200 baud
2026-05-08T11:52:56  [1m[38;5;51mINFO    [0m  [2m[38;5;213mtasks.command_receiver_task[0m  CommandReceiverTask: GsGpsCommandPacket → wrote 3 keys
2026-05-08T11:52:56  [1m[38;5;51mINFO    [0m  [2m[38;5;213mtasks.command_receiver_task[0m  CommandReceiverTask: ACK sent (cmd_id=0xC4 cmd_seq=14 status=0)
2026-05-08T11:52:58  [1m[38;5;51mINFO    [0m  [2m[38;5;213mtasks.mavlink_task[0m  MavlinkTask: connecting to /dev/serial/by-id/usb-Auterion_PX4_FMU_v6X.x_0-if00 @ 115200 baud
2026-05-08T11:53:01  [1m[38;5;51mINFO    [0m  [2m[38;5;213mtasks.command_receiver_task[0m  CommandReceiverTask: GsGpsCommandPacket → wrote 3 keys
2026-05-08T11:53:01  [1m[38;5;51mINFO    [0m  [2m[38;5;213mtasks.command_receiver_task[0m  CommandReceiverTask: ACK sent (cmd_id=0xC4 cmd_seq=15 status=0)
2026-05-08T11:53:03  [1m[38;5;51mINFO    [0m  [2m[38;5;213mtasks.mavlink_task[0m  MavlinkTask: connecting to /dev/serial/by-id/usb-Auterion_PX4_FMU_v6X.x_0-if00 @ 115200 baud
2026-05-08T11:53:06  [1m[38;5;51mINFO    [0m  [2m[38;5;213mtasks.command_receiver_task[0m  CommandReceiverTask: GsGpsCommandPacket → wrote 3 keys
2026-05-08T11:53:06  [1m[38;5;51mINFO    [0m  [2m[38;5;213mtasks.command_receiver_task[0m  CommandReceiverTask: ACK sent (cmd_id=0xC4 cmd_seq=16 status=0)
2026-05-08T11:53:08  [1m[38;5;51mINFO    [0m  [2m[38;5;213mtasks.mavlink_task[0m  MavlinkTask: connecting to /dev/serial/by-id/usb-Auterion_PX4_FMU_v6X.x_0-if00 @ 115200 baud
2026-05-08T11:53:11  [1m[38;5;51mINFO    [0m  [2m[38;5;213mtasks.command_receiver_task[0m  CommandReceiverTask: GsGpsCommandPacket → wrote 3 keys
2026-05-08T11:53:11  [1m[38;5;51mINFO    [0m  [2m[38;5;213mtasks.command_receiver_task[0m  CommandReceiverTask: ACK sent (cmd_id=0xC4 cmd_seq=17 status=0)
2026-05-08T11:53:13  [1m[38;5;51mINFO    [0m  [2m[38;5;213mtasks.mavlink_task[0m  MavlinkTask: connecting to /dev/serial/by-id/usb-Auterion_PX4_FMU_v6X.x_0-if00 @ 115200 baud
2026-05-08T11:53:16  [1m[38;5;51mINFO    [0m  [2m[38;5;213mtasks.command_receiver_task[0m  CommandReceiverTask: GsGpsCommandPacket → wrote 3 keys
2026-05-08T11:53:16  [1m[38;5;51mINFO    [0m  [2m[38;5;213mtasks.command_receiver_task[0m  CommandReceiverTask: ACK sent (cmd_id=0xC4 cmd_seq=18 status=0)
2026-05-08T11:53:18  [1m[38;5;51mINFO    [0m  [2m[38;5;213mtasks.mavlink_task[0m  MavlinkTask: connecting to /dev/serial/by-id/usb-Auterion_PX4_FMU_v6X.x_0-if00 @ 115200 baud
2026-05-08T11:53:21  [1m[38;5;51mINFO    [0m  [2m[38;5;213mtasks.command_receiver_task[0m  CommandReceiverTask: GsGpsCommandPacket → wrote 3 keys
2026-05-08T11:53:21  [1m[38;5;51mINFO    [0m  [2m[38;5;213mtasks.command_receiver_task[0m  CommandReceiverTask: ACK sent (cmd_id=0xC4 cmd_seq=19 status=0)
2026-05-08T11:53:23  [1m[38;5;51mINFO    [0m  [2m[38;5;213mtasks.mavlink_task[0m  MavlinkTask: connecting to /dev/serial/by-id/usb-Auterion_PX4_FMU_v6X.x_0-if00 @ 115200 baud
2026-05-08T11:53:26  [1m[38;5;51mINFO    [0m  [2m[38;5;213mtasks.command_receiver_task[0m  CommandReceiverTask: GsGpsCommandPacket → wrote 3 keys
2026-05-08T11:53:26  [1m[38;5;51mINFO    [0m  [2m[38;5;213mtasks.command_receiver_task[0m  CommandReceiverTask: ACK sent (cmd_id=0xC4 cmd_seq=20 status=0)
2026-05-08T11:53:28  [1m[38;5;51mINFO    [0m  [2m[38;5;213mtasks.mavlink_task[0m  MavlinkTask: connecting to /dev/serial/by-id/usb-Auterion_PX4_FMU_v6X.x_0-if00 @ 115200 baud
2026-05-08T11:53:31  [1m[38;5;51mINFO    [0m  [2m[38;5;213mtasks.command_receiver_task[0m  CommandReceiverTask: GsGpsCommandPacket → wrote 3 keys
2026-05-08T11:53:31  [1m[38;5;51mINFO    [0m  [2m[38;5;213mtasks.command_receiver_task[0m  CommandReceiverTask: ACK sent (cmd_id=0xC4 cmd_seq=21 status=0)
2026-05-08T11:53:33  [1m[38;5;51mINFO    [0m  [2m[38;5;213mtasks.mavlink_task[0m  MavlinkTask: connecting to /dev/serial/by-id/usb-Auterion_PX4_FMU_v6X.x_0-if00 @ 115200 baud
2026-05-08T11:53:36  [1m[38;5;51mINFO    [0m  [2m[38;5;213mtasks.command_receiver_task[0m  CommandReceiverTask: GsGpsCommandPacket → wrote 3 keys
2026-05-08T11:53:36  [1m[38;5;51mINFO    [0m  [2m[38;5;213mtasks.command_receiver_task[0m  CommandReceiverTask: ACK sent (cmd_id=0xC4 cmd_seq=22 status=0)
2026-05-08T11:53:38  [1m[38;5;51mINFO    [0m  [2m[38;5;213mtasks.mavlink_task[0m  MavlinkTask: connecting to /dev/serial/by-id/usb-Auterion_PX4_FMU_v6X.x_0-if00 @ 115200 baud
2026-05-08T11:53:41  [1m[38;5;51mINFO    [0m  [2m[38;5;213mtasks.command_receiver_task[0m  CommandReceiverTask: GsGpsCommandPacket → wrote 3 keys
2026-05-08T11:53:41  [1m[38;5;51mINFO    [0m  [2m[38;5;213mtasks.command_receiver_task[0m  CommandReceiverTask: ACK sent (cmd_id=0xC4 cmd_seq=23 status=0)
2026-05-08T11:53:43  [1m[38;5;51mINFO    [0m  [2m[38;5;213mtasks.mavlink_task[0m  MavlinkTask: connecting to /dev/serial/by-id/usb-Auterion_PX4_FMU_v6X.x_0-if00 @ 115200 baud
2026-05-08T11:53:46  [1m[38;5;51mINFO    [0m  [2m[38;5;213mtasks.command_receiver_task[0m  CommandReceiverTask: GsGpsCommandPacket → wrote 3 keys
2026-05-08T11:53:46  [1m[38;5;51mINFO    [0m  [2m[38;5;213mtasks.command_receiver_task[0m  CommandReceiverTask: ACK sent (cmd_id=0xC4 cmd_seq=24 status=0)
2026-05-08T11:53:48  [1m[38;5;51mINFO    [0m  [2m[38;5;213mtasks.mavlink_task[0m  MavlinkTask: connecting to /dev/serial/by-id/usb-Auterion_PX4_FMU_v6X.x_0-if00 @ 115200 baud
2026-05-08T11:53:51  [1m[38;5;51mINFO    [0m  [2m[38;5;213mtasks.command_receiver_task[0m  CommandReceiverTask: GsGpsCommandPacket → wrote 3 keys
2026-05-08T11:53:51  [1m[38;5;51mINFO    [0m  [2m[38;5;213mtasks.command_receiver_task[0m  CommandReceiverTask: ACK sent (cmd_id=0xC4 cmd_seq=25 status=0)
2026-05-08T11:53:53  [1m[38;5;51mINFO    [0m  [2m[38;5;213mtasks.mavlink_task[0m  MavlinkTask: connecting to /dev/serial/by-id/usb-Auterion_PX4_FMU_v6X.x_0-if00 @ 115200 baud
2026-05-08T11:53:56  [1m[38;5;51mINFO    [0m  [2m[38;5;213mtasks.command_receiver_task[0m  CommandReceiverTask: GsGpsCommandPacket → wrote 3 keys
2026-05-08T11:53:56  [1m[38;5;51mINFO    [0m  [2m[38;5;213mtasks.command_receiver_task[0m  CommandReceiverTask: ACK sent (cmd_id=0xC4 cmd_seq=26 status=0)
2026-05-08T11:53:58  [1m[38;5;51mINFO    [0m  [2m[38;5;213mtasks.mavlink_task[0m  MavlinkTask: connecting to /dev/serial/by-id/usb-Auterion_PX4_FMU_v6X.x_0-if00 @ 115200 baud
2026-05-08T11:54:01  [1m[38;5;51mINFO    [0m  [2m[38;5;213mtasks.command_receiver_task[0m  CommandReceiverTask: GsGpsCommandPacket → wrote 3 keys
2026-05-08T11:54:01  [1m[38;5;51mINFO    [0m  [2m[38;5;213mtasks.command_receiver_task[0m  CommandReceiverTask: ACK sent (cmd_id=0xC4 cmd_seq=27 status=0)
2026-05-08T11:54:03  [1m[38;5;51mINFO    [0m  [2m[38;5;213mtasks.mavlink_task[0m  MavlinkTask: connecting to /dev/serial/by-id/usb-Auterion_PX4_FMU_v6X.x_0-if00 @ 115200 baud
2026-05-08T11:54:06  [1m[38;5;51mINFO    [0m  [2m[38;5;213mtasks.command_receiver_task[0m  CommandReceiverTask: GsGpsCommandPacket → wrote 3 keys
2026-05-08T11:54:06  [1m[38;5;51mINFO    [0m  [2m[38;5;213mtasks.command_receiver_task[0m  CommandReceiverTask: ACK sent (cmd_id=0xC4 cmd_seq=28 status=0)
2026-05-08T11:54:08  [1m[38;5;51mINFO    [0m  [2m[38;5;213mtasks.mavlink_task[0m  MavlinkTask: connecting to /dev/serial/by-id/usb-Auterion_PX4_FMU_v6X.x_0-if00 @ 115200 baud
2026-05-08T11:54:11  [1m[38;5;51mINFO    [0m  [2m[38;5;213mtasks.command_receiver_task[0m  CommandReceiverTask: GsGpsCommandPacket → wrote 3 keys
2026-05-08T11:54:11  [1m[38;5;51mINFO    [0m  [2m[38;5;213mtasks.command_receiver_task[0m  CommandReceiverTask: ACK sent (cmd_id=0xC4 cmd_seq=29 status=0)
2026-05-08T11:54:13  [1m[38;5;51mINFO    [0m  [2m[38;5;213mtasks.mavlink_task[0m  MavlinkTask: connecting to /dev/serial/by-id/usb-Auterion_PX4_FMU_v6X.x_0-if00 @ 115200 baud
2026-05-08T11:54:16  [1m[38;5;51mINFO    [0m  [2m[38;5;213mtasks.command_receiver_task[0m  CommandReceiverTask: GsGpsCommandPacket → wrote 3 keys
2026-05-08T11:54:16  [1m[38;5;51mINFO    [0m  [2m[38;5;213mtasks.command_receiver_task[0m  CommandReceiverTask: ACK sent (cmd_id=0xC4 cmd_seq=30 status=0)
2026-05-08T11:54:18  [1m[38;5;51mINFO    [0m  [2m[38;5;213mtasks.mavlink_task[0m  MavlinkTask: connecting to /dev/serial/by-id/usb-Auterion_PX4_FMU_v6X.x_0-if00 @ 115200 baud
2026-05-08T11:54:21  [1m[38;5;51mINFO    [0m  [2m[38;5;213mtasks.command_receiver_task[0m  CommandReceiverTask: GsGpsCommandPacket → wrote 3 keys
2026-05-08T11:54:21  [1m[38;5;51mINFO    [0m  [2m[38;5;213mtasks.command_receiver_task[0m  CommandReceiverTask: ACK sent (cmd_id=0xC4 cmd_seq=31 status=0)
2026-05-08T11:54:23  [1m[38;5;51mINFO    [0m  [2m[38;5;213mtasks.mavlink_task[0m  MavlinkTask: connecting to /dev/serial/by-id/usb-Auterion_PX4_FMU_v6X.x_0-if00 @ 115200 baud
2026-05-08T11:54:26  [1m[38;5;51mINFO    [0m  [2m[38;5;213mtasks.command_receiver_task[0m  CommandReceiverTask: GsGpsCommandPacket → wrote 3 keys
2026-05-08T11:54:26  [1m[38;5;51mINFO    [0m  [2m[38;5;213mtasks.command_receiver_task[0m  CommandReceiverTask: ACK sent (cmd_id=0xC4 cmd_seq=32 status=0)
2026-05-08T11:54:28  [1m[38;5;51mINFO    [0m  [2m[38;5;213mtasks.mavlink_task[0m  MavlinkTask: connecting to /dev/serial/by-id/usb-Auterion_PX4_FMU_v6X.x_0-if00 @ 115200 baud
2026-05-08T11:54:31  [1m[38;5;51mINFO    [0m  [2m[38;5;213mtasks.command_receiver_task[0m  CommandReceiverTask: GsGpsCommandPacket → wrote 3 keys
2026-05-08T11:54:31  [1m[38;5;51mINFO    [0m  [2m[38;5;213mtasks.command_receiver_task[0m  CommandReceiverTask: ACK sent (cmd_id=0xC4 cmd_seq=33 status=0)
2026-05-08T11:54:33  [1m[38;5;51mINFO    [0m  [2m[38;5;213mtasks.mavlink_task[0m  MavlinkTask: connecting to /dev/serial/by-id/usb-Auterion_PX4_FMU_v6X.x_0-if00 @ 115200 baud
2026-05-08T11:54:36  [1m[38;5;51mINFO    [0m  [2m[38;5;213mtasks.command_receiver_task[0m  CommandReceiverTask: GsGpsCommandPacket → wrote 3 keys
2026-05-08T11:54:36  [1m[38;5;51mINFO    [0m  [2m[38;5;213mtasks.command_receiver_task[0m  CommandReceiverTask: ACK sent (cmd_id=0xC4 cmd_seq=34 status=0)
2026-05-08T11:54:38  [1m[38;5;51mINFO    [0m  [2m[38;5;213mtasks.mavlink_task[0m  MavlinkTask: connecting to /dev/serial/by-id/usb-Auterion_PX4_FMU_v6X.x_0-if00 @ 115200 baud
2026-05-08T11:54:41  [1m[38;5;51mINFO    [0m  [2m[38;5;213mtasks.command_receiver_task[0m  CommandReceiverTask: GsGpsCommandPacket → wrote 3 keys
2026-05-08T11:54:41  [1m[38;5;51mINFO    [0m  [2m[38;5;213mtasks.command_receiver_task[0m  CommandReceiverTask: ACK sent (cmd_id=0xC4 cmd_seq=35 status=0)
2026-05-08T11:54:43  [1m[38;5;51mINFO    [0m  [2m[38;5;213mtasks.mavlink_task[0m  MavlinkTask: connecting to /dev/serial/by-id/usb-Auterion_PX4_FMU_v6X.x_0-if00 @ 115200 baud
2026-05-08T11:54:46  [1m[38;5;51mINFO    [0m  [2m[38;5;213mtasks.command_receiver_task[0m  CommandReceiverTask: GsGpsCommandPacket → wrote 3 keys
2026-05-08T11:54:46  [1m[38;5;51mINFO    [0m  [2m[38;5;213mtasks.command_receiver_task[0m  CommandReceiverTask: ACK sent (cmd_id=0xC4 cmd_seq=36 status=0)
2026-05-08T11:54:48  [1m[38;5;51mINFO    [0m  [2m[38;5;213mtasks.mavlink_task[0m  MavlinkTask: connecting to /dev/serial/by-id/usb-Auterion_PX4_FMU_v6X.x_0-if00 @ 115200 baud
2026-05-08T11:54:51  [1m[38;5;51mINFO    [0m  [2m[38;5;213mtasks.command_receiver_task[0m  CommandReceiverTask: GsGpsCommandPacket → wrote 3 keys
2026-05-08T11:54:51  [1m[38;5;51mINFO    [0m  [2m[38;5;213mtasks.command_receiver_task[0m  CommandReceiverTask: ACK sent (cmd_id=0xC4 cmd_seq=37 status=0)
2026-05-08T11:54:53  [1m[38;5;51mINFO    [0m  [2m[38;5;213mtasks.mavlink_task[0m  MavlinkTask: connecting to /dev/serial/by-id/usb-Auterion_PX4_FMU_v6X.x_0-if00 @ 115200 baud
2026-05-08T11:54:56  [1m[38;5;51mINFO    [0m  [2m[38;5;213mtasks.command_receiver_task[0m  CommandReceiverTask: GsGpsCommandPacket → wrote 3 keys
2026-05-08T11:54:56  [1m[38;5;51mINFO    [0m  [2m[38;5;213mtasks.command_receiver_task[0m  CommandReceiverTask: ACK sent (cmd_id=0xC4 cmd_seq=38 status=0)
2026-05-08T11:54:58  [1m[38;5;51mINFO    [0m  [2m[38;5;213mtasks.mavlink_task[0m  MavlinkTask: connecting to /dev/serial/by-id/usb-Auterion_PX4_FMU_v6X.x_0-if00 @ 115200 baud
2026-05-08T11:55:01  [1m[38;5;51mINFO    [0m  [2m[38;5;213mtasks.command_receiver_task[0m  CommandReceiverTask: GsGpsCommandPacket → wrote 3 keys
2026-05-08T11:55:01  [1m[38;5;51mINFO    [0m  [2m[38;5;213mtasks.command_receiver_task[0m  CommandReceiverTask: ACK sent (cmd_id=0xC4 cmd_seq=39 status=0)
2026-05-08T11:55:03  [1m[38;5;51mINFO    [0m  [2m[38;5;213mtasks.mavlink_task[0m  MavlinkTask: connecting to /dev/serial/by-id/usb-Auterion_PX4_FMU_v6X.x_0-if00 @ 115200 baud
2026-05-08T11:55:06  [1m[38;5;51mINFO    [0m  [2m[38;5;213mtasks.command_receiver_task[0m  CommandReceiverTask: GsGpsCommandPacket → wrote 3 keys
2026-05-08T11:55:06  [1m[38;5;51mINFO    [0m  [2m[38;5;213mtasks.command_receiver_task[0m  CommandReceiverTask: ACK sent (cmd_id=0xC4 cmd_seq=40 status=0)
2026-05-08T11:55:08  [1m[38;5;51mINFO    [0m  [2m[38;5;213mtasks.mavlink_task[0m  MavlinkTask: connecting to /dev/serial/by-id/usb-Auterion_PX4_FMU_v6X.x_0-if00 @ 115200 baud
2026-05-08T11:55:11  [1m[38;5;51mINFO    [0m  [2m[38;5;213mtasks.command_receiver_task[0m  CommandReceiverTask: GsGpsCommandPacket → wrote 3 keys
2026-05-08T11:55:11  [1m[38;5;51mINFO    [0m  [2m[38;5;213mtasks.command_receiver_task[0m  CommandReceiverTask: ACK sent (cmd_id=0xC4 cmd_seq=41 status=0)
2026-05-08T11:55:13  [1m[38;5;51mINFO    [0m  [2m[38;5;213mtasks.mavlink_task[0m  MavlinkTask: connecting to /dev/serial/by-id/usb-Auterion_PX4_FMU_v6X.x_0-if00 @ 115200 baud
2026-05-08T11:55:16  [1m[38;5;51mINFO    [0m  [2m[38;5;213mtasks.command_receiver_task[0m  CommandReceiverTask: GsGpsCommandPacket → wrote 3 keys
2026-05-08T11:55:16  [1m[38;5;51mINFO    [0m  [2m[38;5;213mtasks.command_receiver_task[0m  CommandReceiverTask: ACK sent (cmd_id=0xC4 cmd_seq=42 status=0)
2026-05-08T11:55:18  [1m[38;5;51mINFO    [0m  [2m[38;5;213mtasks.mavlink_task[0m  MavlinkTask: connecting to /dev/serial/by-id/usb-Auterion_PX4_FMU_v6X.x_0-if00 @ 115200 baud
2026-05-08T11:55:21  [1m[38;5;51mINFO    [0m  [2m[38;5;213mtasks.command_receiver_task[0m  CommandReceiverTask: GsGpsCommandPacket → wrote 3 keys
2026-05-08T11:55:21  [1m[38;5;51mINFO    [0m  [2m[38;5;213mtasks.command_receiver_task[0m  CommandReceiverTask: ACK sent (cmd_id=0xC4 cmd_seq=43 status=0)
2026-05-08T11:55:23  [1m[38;5;51mINFO    [0m  [2m[38;5;213mtasks.mavlink_task[0m  MavlinkTask: connecting to /dev/serial/by-id/usb-Auterion_PX4_FMU_v6X.x_0-if00 @ 115200 baud
2026-05-08T11:55:26  [1m[38;5;51mINFO    [0m  [2m[38;5;213mtasks.command_receiver_task[0m  CommandReceiverTask: GsGpsCommandPacket → wrote 3 keys
2026-05-08T11:55:26  [1m[38;5;51mINFO    [0m  [2m[38;5;213mtasks.command_receiver_task[0m  CommandReceiverTask: ACK sent (cmd_id=0xC4 cmd_seq=44 status=0)
2026-05-08T11:55:28  [1m[38;5;51mINFO    [0m  [2m[38;5;213mtasks.mavlink_task[0m  MavlinkTask: connecting to /dev/serial/by-id/usb-Auterion_PX4_FMU_v6X.x_0-if00 @ 115200 baud
2026-05-08T11:55:31  [1m[38;5;51mINFO    [0m  [2m[38;5;213mtasks.command_receiver_task[0m  CommandReceiverTask: GsGpsCommandPacket → wrote 3 keys
2026-05-08T11:55:31  [1m[38;5;51mINFO    [0m  [2m[38;5;213mtasks.command_receiver_task[0m  CommandReceiverTask: ACK sent (cmd_id=0xC4 cmd_seq=45 status=0)
2026-05-08T11:55:33  [1m[38;5;51mINFO    [0m  [2m[38;5;213mtasks.mavlink_task[0m  MavlinkTask: connecting to /dev/serial/by-id/usb-Auterion_PX4_FMU_v6X.x_0-if00 @ 115200 baud
2026-05-08T11:55:36  [1m[38;5;51mINFO    [0m  [2m[38;5;213mtasks.command_receiver_task[0m  CommandReceiverTask: GsGpsCommandPacket → wrote 3 keys
2026-05-08T11:55:36  [1m[38;5;51mINFO    [0m  [2m[38;5;213mtasks.command_receiver_task[0m  CommandReceiverTask: ACK sent (cmd_id=0xC4 cmd_seq=46 status=0)
2026-05-08T11:55:38  [1m[38;5;51mINFO    [0m  [2m[38;5;213mtasks.mavlink_task[0m  MavlinkTask: connecting to /dev/serial/by-id/usb-Auterion_PX4_FMU_v6X.x_0-if00 @ 115200 baud
2026-05-08T11:55:41  [1m[38;5;51mINFO    [0m  [2m[38;5;213mtasks.command_receiver_task[0m  CommandReceiverTask: GsGpsCommandPacket → wrote 3 keys
2026-05-08T11:55:41  [1m[38;5;51mINFO    [0m  [2m[38;5;213mtasks.command_receiver_task[0m  CommandReceiverTask: ACK sent (cmd_id=0xC4 cmd_seq=47 status=0)
2026-05-08T11:55:43  [1m[38;5;51mINFO    [0m  [2m[38;5;213mtasks.mavlink_task[0m  MavlinkTask: connecting to /dev/serial/by-id/usb-Auterion_PX4_FMU_v6X.x_0-if00 @ 115200 baud
2026-05-08T11:55:46  [1m[38;5;51mINFO    [0m  [2m[38;5;213mtasks.command_receiver_task[0m  CommandReceiverTask: GsGpsCommandPacket → wrote 3 keys
2026-05-08T11:55:46  [1m[38;5;51mINFO    [0m  [2m[38;5;213mtasks.command_receiver_task[0m  CommandReceiverTask: ACK sent (cmd_id=0xC4 cmd_seq=48 status=0)
2026-05-08T11:55:48  [1m[38;5;51mINFO    [0m  [2m[38;5;213mtasks.mavlink_task[0m  MavlinkTask: connecting to /dev/serial/by-id/usb-Auterion_PX4_FMU_v6X.x_0-if00 @ 115200 baud
2026-05-08T11:55:51  [1m[38;5;51mINFO    [0m  [2m[38;5;213mtasks.command_receiver_task[0m  CommandReceiverTask: GsGpsCommandPacket → wrote 3 keys
2026-05-08T11:55:51  [1m[38;5;51mINFO    [0m  [2m[38;5;213mtasks.command_receiver_task[0m  CommandReceiverTask: ACK sent (cmd_id=0xC4 cmd_seq=49 status=0)
2026-05-08T11:55:53  [1m[38;5;51mINFO    [0m  [2m[38;5;213mtasks.mavlink_task[0m  MavlinkTask: connecting to /dev/serial/by-id/usb-Auterion_PX4_FMU_v6X.x_0-if00 @ 115200 baud
2026-05-08T11:55:56  [1m[38;5;51mINFO    [0m  [2m[38;5;213mtasks.command_receiver_task[0m  CommandReceiverTask: GsGpsCommandPacket → wrote 3 keys
2026-05-08T11:55:56  [1m[38;5;51mINFO    [0m  [2m[38;5;213mtasks.command_receiver_task[0m  CommandReceiverTask: ACK sent (cmd_id=0xC4 cmd_seq=50 status=0)
2026-05-08T11:55:58  [1m[38;5;51mINFO    [0m  [2m[38;5;213mtasks.mavlink_task[0m  MavlinkTask: connecting to /dev/serial/by-id/usb-Auterion_PX4_FMU_v6X.x_0-if00 @ 115200 baud
2026-05-08T11:56:01  [1m[38;5;51mINFO    [0m  [2m[38;5;213mtasks.command_receiver_task[0m  CommandReceiverTask: GsGpsCommandPacket → wrote 3 keys
2026-05-08T11:56:01  [1m[38;5;51mINFO    [0m  [2m[38;5;213mtasks.command_receiver_task[0m  CommandReceiverTask: ACK sent (cmd_id=0xC4 cmd_seq=51 status=0)
2026-05-08T11:56:03  [1m[38;5;51mINFO    [0m  [2m[38;5;213mtasks.mavlink_task[0m  MavlinkTask: connecting to /dev/serial/by-id/usb-Auterion_PX4_FMU_v6X.x_0-if00 @ 115200 baud
2026-05-08T11:56:06  [1m[38;5;51mINFO    [0m  [2m[38;5;213mtasks.command_receiver_task[0m  CommandReceiverTask: GsGpsCommandPacket → wrote 3 keys
2026-05-08T11:56:06  [1m[38;5;51mINFO    [0m  [2m[38;5;213mtasks.command_receiver_task[0m  CommandReceiverTask: ACK sent (cmd_id=0xC4 cmd_seq=52 status=0)
2026-05-08T11:56:08  [1m[38;5;51mINFO    [0m  [2m[38;5;213mtasks.mavlink_task[0m  MavlinkTask: connecting to /dev/serial/by-id/usb-Auterion_PX4_FMU_v6X.x_0-if00 @ 115200 baud
2026-05-08T11:56:11  [1m[38;5;51mINFO    [0m  [2m[38;5;213mtasks.command_receiver_task[0m  CommandReceiverTask: GsGpsCommandPacket → wrote 3 keys
2026-05-08T11:56:11  [1m[38;5;51mINFO    [0m  [2m[38;5;213mtasks.command_receiver_task[0m  CommandReceiverTask: ACK sent (cmd_id=0xC4 cmd_seq=53 status=0)
2026-05-08T11:56:13  [1m[38;5;51mINFO    [0m  [2m[38;5;213mtasks.mavlink_task[0m  MavlinkTask: connecting to /dev/serial/by-id/usb-Auterion_PX4_FMU_v6X.x_0-if00 @ 115200 baud
2026-05-08T11:56:16  [1m[38;5;51mINFO    [0m  [2m[38;5;213mtasks.command_receiver_task[0m  CommandReceiverTask: GsGpsCommandPacket → wrote 3 keys
2026-05-08T11:56:16  [1m[38;5;51mINFO    [0m  [2m[38;5;213mtasks.command_receiver_task[0m  CommandReceiverTask: ACK sent (cmd_id=0xC4 cmd_seq=54 status=0)
2026-05-08T11:56:18  [1m[38;5;51mINFO    [0m  [2m[38;5;213mtasks.mavlink_task[0m  MavlinkTask: connecting to /dev/serial/by-id/usb-Auterion_PX4_FMU_v6X.x_0-if00 @ 115200 baud
2026-05-08T11:56:21  [1m[38;5;51mINFO    [0m  [2m[38;5;213mtasks.command_receiver_task[0m  CommandReceiverTask: GsGpsCommandPacket → wrote 3 keys
2026-05-08T11:56:21  [1m[38;5;51mINFO    [0m  [2m[38;5;213mtasks.command_receiver_task[0m  CommandReceiverTask: ACK sent (cmd_id=0xC4 cmd_seq=55 status=0)
2026-05-08T11:56:23  [1m[38;5;51mINFO    [0m  [2m[38;5;213mtasks.mavlink_task[0m  MavlinkTask: connecting to /dev/serial/by-id/usb-Auterion_PX4_FMU_v6X.x_0-if00 @ 115200 baud
2026-05-08T11:56:26  [1m[38;5;51mINFO    [0m  [2m[38;5;213mtasks.command_receiver_task[0m  CommandReceiverTask: GsGpsCommandPacket → wrote 3 keys
2026-05-08T11:56:26  [1m[38;5;51mINFO    [0m  [2m[38;5;213mtasks.command_receiver_task[0m  CommandReceiverTask: ACK sent (cmd_id=0xC4 cmd_seq=56 status=0)
2026-05-08T11:56:28  [1m[38;5;51mINFO    [0m  [2m[38;5;213mtasks.mavlink_task[0m  MavlinkTask: connecting to /dev/serial/by-id/usb-Auterion_PX4_FMU_v6X.x_0-if00 @ 115200 baud
2026-05-08T11:56:31  [1m[38;5;51mINFO    [0m  [2m[38;5;213mtasks.command_receiver_task[0m  CommandReceiverTask: GsGpsCommandPacket → wrote 3 keys
2026-05-08T11:56:31  [1m[38;5;51mINFO    [0m  [2m[38;5;213mtasks.command_receiver_task[0m  CommandReceiverTask: ACK sent (cmd_id=0xC4 cmd_seq=57 status=0)
2026-05-08T11:56:33  [1m[38;5;51mINFO    [0m  [2m[38;5;213mtasks.mavlink_task[0m  MavlinkTask: connecting to /dev/serial/by-id/usb-Auterion_PX4_FMU_v6X.x_0-if00 @ 115200 baud
2026-05-08T11:56:36  [1m[38;5;51mINFO    [0m  [2m[38;5;213mtasks.command_receiver_task[0m  CommandReceiverTask: GsGpsCommandPacket → wrote 3 keys
2026-05-08T11:56:36  [1m[38;5;51mINFO    [0m  [2m[38;5;213mtasks.command_receiver_task[0m  CommandReceiverTask: ACK sent (cmd_id=0xC4 cmd_seq=58 status=0)
2026-05-08T11:56:38  [1m[38;5;51mINFO    [0m  [2m[38;5;213mtasks.mavlink_task[0m  MavlinkTask: connecting to /dev/serial/by-id/usb-Auterion_PX4_FMU_v6X.x_0-if00 @ 115200 baud
2026-05-08T11:56:41  [1m[38;5;51mINFO    [0m  [2m[38;5;213mtasks.command_receiver_task[0m  CommandReceiverTask: GsGpsCommandPacket → wrote 3 keys
2026-05-08T11:56:41  [1m[38;5;51mINFO    [0m  [2m[38;5;213mtasks.command_receiver_task[0m  CommandReceiverTask: ACK sent (cmd_id=0xC4 cmd_seq=59 status=0)
2026-05-08T11:56:43  [1m[38;5;51mINFO    [0m  [2m[38;5;213mtasks.mavlink_task[0m  MavlinkTask: connecting to /dev/serial/by-id/usb-Auterion_PX4_FMU_v6X.x_0-if00 @ 115200 baud
2026-05-08T11:56:46  [1m[38;5;220mWARNING [0m  [2m[38;5;213mdrivers.gps_driver[0m  GpsDriver: I2C error during read
2026-05-08T11:56:46  [1m[38;5;51mINFO    [0m  [2m[38;5;213mtasks.command_receiver_task[0m  CommandReceiverTask: GsGpsCommandPacket → wrote 3 keys
2026-05-08T11:56:46  [1m[38;5;51mINFO    [0m  [2m[38;5;213mtasks.command_receiver_task[0m  CommandReceiverTask: ACK sent (cmd_id=0xC4 cmd_seq=60 status=0)
2026-05-08T11:56:48  [1m[38;5;51mINFO    [0m  [2m[38;5;213mtasks.mavlink_task[0m  MavlinkTask: connecting to /dev/serial/by-id/usb-Auterion_PX4_FMU_v6X.x_0-if00 @ 115200 baud
2026-05-08T11:56:51  [1m[38;5;51mINFO    [0m  [2m[38;5;213mtasks.command_receiver_task[0m  CommandReceiverTask: GsGpsCommandPacket → wrote 3 keys
2026-05-08T11:56:51  [1m[38;5;51mINFO    [0m  [2m[38;5;213mtasks.command_receiver_task[0m  CommandReceiverTask: ACK sent (cmd_id=0xC4 cmd_seq=61 status=0)
2026-05-08T11:56:53  [1m[38;5;51mINFO    [0m  [2m[38;5;213mtasks.mavlink_task[0m  MavlinkTask: connecting to /dev/serial/by-id/usb-Auterion_PX4_FMU_v6X.x_0-if00 @ 115200 baud
2026-05-08T11:56:56  [1m[38;5;51mINFO    [0m  [2m[38;5;213mtasks.command_receiver_task[0m  CommandReceiverTask: GsGpsCommandPacket → wrote 3 keys
2026-05-08T11:56:56  [1m[38;5;51mINFO    [0m  [2m[38;5;213mtasks.command_receiver_task[0m  CommandReceiverTask: ACK sent (cmd_id=0xC4 cmd_seq=62 status=0)
2026-05-08T11:56:58  [1m[38;5;51mINFO    [0m  [2m[38;5;213mtasks.mavlink_task[0m  MavlinkTask: connecting to /dev/serial/by-id/usb-Auterion_PX4_FMU_v6X.x_0-if00 @ 115200 baud
2026-05-08T11:57:01  [1m[38;5;51mINFO    [0m  [2m[38;5;213mtasks.command_receiver_task[0m  CommandReceiverTask: GsGpsCommandPacket → wrote 3 keys
2026-05-08T11:57:01  [1m[38;5;51mINFO    [0m  [2m[38;5;213mtasks.command_receiver_task[0m  CommandReceiverTask: ACK sent (cmd_id=0xC4 cmd_seq=63 status=0)
2026-05-08T11:57:03  [1m[38;5;51mINFO    [0m  [2m[38;5;213mtasks.mavlink_task[0m  MavlinkTask: connecting to /dev/serial/by-id/usb-Auterion_PX4_FMU_v6X.x_0-if00 @ 115200 baud
2026-05-08T11:57:06  [1m[38;5;51mINFO    [0m  [2m[38;5;213mtasks.command_receiver_task[0m  CommandReceiverTask: GsGpsCommandPacket → wrote 3 keys
2026-05-08T11:57:06  [1m[38;5;51mINFO    [0m  [2m[38;5;213mtasks.command_receiver_task[0m  CommandReceiverTask: ACK sent (cmd_id=0xC4 cmd_seq=64 status=0)
2026-05-08T11:57:08  [1m[38;5;51mINFO    [0m  [2m[38;5;213mtasks.mavlink_task[0m  MavlinkTask: connecting to /dev/serial/by-id/usb-Auterion_PX4_FMU_v6X.x_0-if00 @ 115200 baud
2026-05-08T11:57:11  [1m[38;5;51mINFO    [0m  [2m[38;5;213mtasks.command_receiver_task[0m  CommandReceiverTask: GsGpsCommandPacket → wrote 3 keys
2026-05-08T11:57:11  [1m[38;5;51mINFO    [0m  [2m[38;5;213mtasks.command_receiver_task[0m  CommandReceiverTask: ACK sent (cmd_id=0xC4 cmd_seq=65 status=0)
2026-05-08T11:57:13  [1m[38;5;51mINFO    [0m  [2m[38;5;213mtasks.mavlink_task[0m  MavlinkTask: connecting to /dev/serial/by-id/usb-Auterion_PX4_FMU_v6X.x_0-if00 @ 115200 baud
2026-05-08T11:57:16  [1m[38;5;51mINFO    [0m  [2m[38;5;213mtasks.command_receiver_task[0m  CommandReceiverTask: GsGpsCommandPacket → wrote 3 keys
2026-05-08T11:57:16  [1m[38;5;51mINFO    [0m  [2m[38;5;213mtasks.command_receiver_task[0m  CommandReceiverTask: ACK sent (cmd_id=0xC4 cmd_seq=66 status=0)
2026-05-08T11:57:18  [1m[38;5;51mINFO    [0m  [2m[38;5;213mtasks.mavlink_task[0m  MavlinkTask: connecting to /dev/serial/by-id/usb-Auterion_PX4_FMU_v6X.x_0-if00 @ 115200 baud
2026-05-08T11:57:21  [1m[38;5;51mINFO    [0m  [2m[38;5;213mtasks.command_receiver_task[0m  CommandReceiverTask: GsGpsCommandPacket → wrote 3 keys
2026-05-08T11:57:21  [1m[38;5;51mINFO    [0m  [2m[38;5;213mtasks.command_receiver_task[0m  CommandReceiverTask: ACK sent (cmd_id=0xC4 cmd_seq=67 status=0)
2026-05-08T11:57:23  [1m[38;5;51mINFO    [0m  [2m[38;5;213mtasks.mavlink_task[0m  MavlinkTask: connecting to /dev/serial/by-id/usb-Auterion_PX4_FMU_v6X.x_0-if00 @ 115200 baud
2026-05-08T11:57:26  [1m[38;5;51mINFO    [0m  [2m[38;5;213mtasks.command_receiver_task[0m  CommandReceiverTask: GsGpsCommandPacket → wrote 3 keys
2026-05-08T11:57:26  [1m[38;5;51mINFO    [0m  [2m[38;5;213mtasks.command_receiver_task[0m  CommandReceiverTask: ACK sent (cmd_id=0xC4 cmd_seq=68 status=0)
2026-05-08T11:57:28  [1m[38;5;51mINFO    [0m  [2m[38;5;213mtasks.mavlink_task[0m  MavlinkTask: connecting to /dev/serial/by-id/usb-Auterion_PX4_FMU_v6X.x_0-if00 @ 115200 baud
2026-05-08T11:57:31  [1m[38;5;51mINFO    [0m  [2m[38;5;213mtasks.command_receiver_task[0m  CommandReceiverTask: GsGpsCommandPacket → wrote 3 keys
2026-05-08T11:57:31  [1m[38;5;51mINFO    [0m  [2m[38;5;213mtasks.command_receiver_task[0m  CommandReceiverTask: ACK sent (cmd_id=0xC4 cmd_seq=69 status=0)
2026-05-08T11:57:33  [1m[38;5;51mINFO    [0m  [2m[38;5;213mtasks.mavlink_task[0m  MavlinkTask: connecting to /dev/serial/by-id/usb-Auterion_PX4_FMU_v6X.x_0-if00 @ 115200 baud
2026-05-08T11:57:36  [1m[38;5;51mINFO    [0m  [2m[38;5;213mtasks.command_receiver_task[0m  CommandReceiverTask: GsGpsCommandPacket → wrote 3 keys
2026-05-08T11:57:36  [1m[38;5;51mINFO    [0m  [2m[38;5;213mtasks.command_receiver_task[0m  CommandReceiverTask: ACK sent (cmd_id=0xC4 cmd_seq=70 status=0)
2026-05-08T11:57:38  [1m[38;5;51mINFO    [0m  [2m[38;5;213mtasks.mavlink_task[0m  MavlinkTask: connecting to /dev/serial/by-id/usb-Auterion_PX4_FMU_v6X.x_0-if00 @ 115200 baud
2026-05-08T11:57:41  [1m[38;5;51mINFO    [0m  [2m[38;5;213mtasks.command_receiver_task[0m  CommandReceiverTask: GsGpsCommandPacket → wrote 3 keys
2026-05-08T11:57:41  [1m[38;5;51mINFO    [0m  [2m[38;5;213mtasks.command_receiver_task[0m  CommandReceiverTask: ACK sent (cmd_id=0xC4 cmd_seq=71 status=0)
2026-05-08T11:57:43  [1m[38;5;51mINFO    [0m  [2m[38;5;213mtasks.mavlink_task[0m  MavlinkTask: connecting to /dev/serial/by-id/usb-Auterion_PX4_FMU_v6X.x_0-if00 @ 115200 baud
2026-05-08T11:57:46  [1m[38;5;51mINFO    [0m  [2m[38;5;213mtasks.command_receiver_task[0m  CommandReceiverTask: GsGpsCommandPacket → wrote 3 keys
2026-05-08T11:57:46  [1m[38;5;51mINFO    [0m  [2m[38;5;213mtasks.command_receiver_task[0m  CommandReceiverTask: ACK sent (cmd_id=0xC4 cmd_seq=72 status=0)
2026-05-08T11:57:48  [1m[38;5;51mINFO    [0m  [2m[38;5;213mtasks.mavlink_task[0m  MavlinkTask: connecting to /dev/serial/by-id/usb-Auterion_PX4_FMU_v6X.x_0-if00 @ 115200 baud
2026-05-08T11:57:51  [1m[38;5;51mINFO    [0m  [2m[38;5;213mtasks.command_receiver_task[0m  CommandReceiverTask: GsGpsCommandPacket → wrote 3 keys
2026-05-08T11:57:51  [1m[38;5;51mINFO    [0m  [2m[38;5;213mtasks.command_receiver_task[0m  CommandReceiverTask: ACK sent (cmd_id=0xC4 cmd_seq=73 status=0)
2026-05-08T11:57:53  [1m[38;5;51mINFO    [0m  [2m[38;5;213mtasks.mavlink_task[0m  MavlinkTask: connecting to /dev/serial/by-id/usb-Auterion_PX4_FMU_v6X.x_0-if00 @ 115200 baud
2026-05-08T11:57:57  [1m[38;5;51mINFO    [0m  [2m[38;5;213mtasks.command_receiver_task[0m  CommandReceiverTask: GsGpsCommandPacket → wrote 3 keys
2026-05-08T11:57:57  [1m[38;5;51mINFO    [0m  [2m[38;5;213mtasks.command_receiver_task[0m  CommandReceiverTask: ACK sent (cmd_id=0xC4 cmd_seq=74 status=0)
2026-05-08T11:57:58  [1m[38;5;51mINFO    [0m  [2m[38;5;213mtasks.mavlink_task[0m  MavlinkTask: connecting to /dev/serial/by-id/usb-Auterion_PX4_FMU_v6X.x_0-if00 @ 115200 baud
2026-05-08T11:58:02  [1m[38;5;51mINFO    [0m  [2m[38;5;213mtasks.command_receiver_task[0m  CommandReceiverTask: GsGpsCommandPacket → wrote 3 keys
2026-05-08T11:58:02  [1m[38;5;51mINFO    [0m  [2m[38;5;213mtasks.command_receiver_task[0m  CommandReceiverTask: ACK sent (cmd_id=0xC4 cmd_seq=75 status=0)
2026-05-08T11:58:03  [1m[38;5;51mINFO    [0m  [2m[38;5;213mtasks.mavlink_task[0m  MavlinkTask: connecting to /dev/serial/by-id/usb-Auterion_PX4_FMU_v6X.x_0-if00 @ 115200 baud
2026-05-08T11:58:07  [1m[38;5;51mINFO    [0m  [2m[38;5;213mtasks.command_receiver_task[0m  CommandReceiverTask: GsGpsCommandPacket → wrote 3 keys
2026-05-08T11:58:07  [1m[38;5;51mINFO    [0m  [2m[38;5;213mtasks.command_receiver_task[0m  CommandReceiverTask: ACK sent (cmd_id=0xC4 cmd_seq=76 status=0)
2026-05-08T11:58:08  [1m[38;5;51mINFO    [0m  [2m[38;5;213mtasks.mavlink_task[0m  MavlinkTask: connecting to /dev/serial/by-id/usb-Auterion_PX4_FMU_v6X.x_0-if00 @ 115200 baud
2026-05-08T11:58:12  [1m[38;5;51mINFO    [0m  [2m[38;5;213mtasks.command_receiver_task[0m  CommandReceiverTask: GsGpsCommandPacket → wrote 3 keys
2026-05-08T11:58:12  [1m[38;5;51mINFO    [0m  [2m[38;5;213mtasks.command_receiver_task[0m  CommandReceiverTask: ACK sent (cmd_id=0xC4 cmd_seq=77 status=0)
2026-05-08T11:58:13  [1m[38;5;51mINFO    [0m  [2m[38;5;213mtasks.mavlink_task[0m  MavlinkTask: connecting to /dev/serial/by-id/usb-Auterion_PX4_FMU_v6X.x_0-if00 @ 115200 baud
2026-05-08T11:58:17  [1m[38;5;51mINFO    [0m  [2m[38;5;213mtasks.command_receiver_task[0m  CommandReceiverTask: GsGpsCommandPacket → wrote 3 keys
2026-05-08T11:58:17  [1m[38;5;51mINFO    [0m  [2m[38;5;213mtasks.command_receiver_task[0m  CommandReceiverTask: ACK sent (cmd_id=0xC4 cmd_seq=78 status=0)
2026-05-08T11:58:18  [1m[38;5;51mINFO    [0m  [2m[38;5;213mtasks.mavlink_task[0m  MavlinkTask: connecting to /dev/serial/by-id/usb-Auterion_PX4_FMU_v6X.x_0-if00 @ 115200 baud
2026-05-08T11:58:22  [1m[38;5;51mINFO    [0m  [2m[38;5;213mtasks.command_receiver_task[0m  CommandReceiverTask: GsGpsCommandPacket → wrote 3 keys
2026-05-08T11:58:22  [1m[38;5;51mINFO    [0m  [2m[38;5;213mtasks.command_receiver_task[0m  CommandReceiverTask: ACK sent (cmd_id=0xC4 cmd_seq=79 status=0)
2026-05-08T11:58:23  [1m[38;5;51mINFO    [0m  [2m[38;5;213mtasks.mavlink_task[0m  MavlinkTask: connecting to /dev/serial/by-id/usb-Auterion_PX4_FMU_v6X.x_0-if00 @ 115200 baud
2026-05-08T11:58:27  [1m[38;5;51mINFO    [0m  [2m[38;5;213mtasks.command_receiver_task[0m  CommandReceiverTask: GsGpsCommandPacket → wrote 3 keys
2026-05-08T11:58:27  [1m[38;5;51mINFO    [0m  [2m[38;5;213mtasks.command_receiver_task[0m  CommandReceiverTask: ACK sent (cmd_id=0xC4 cmd_seq=80 status=0)
2026-05-08T11:58:28  [1m[38;5;51mINFO    [0m  [2m[38;5;213mtasks.mavlink_task[0m  MavlinkTask: connecting to /dev/serial/by-id/usb-Auterion_PX4_FMU_v6X.x_0-if00 @ 115200 baud
2026-05-08T11:58:32  [1m[38;5;51mINFO    [0m  [2m[38;5;213mtasks.command_receiver_task[0m  CommandReceiverTask: GsGpsCommandPacket → wrote 3 keys
2026-05-08T11:58:32  [1m[38;5;51mINFO    [0m  [2m[38;5;213mtasks.command_receiver_task[0m  CommandReceiverTask: ACK sent (cmd_id=0xC4 cmd_seq=81 status=0)
2026-05-08T11:58:33  [1m[38;5;51mINFO    [0m  [2m[38;5;213mtasks.mavlink_task[0m  MavlinkTask: connecting to /dev/serial/by-id/usb-Auterion_PX4_FMU_v6X.x_0-if00 @ 115200 baud
2026-05-08T11:58:37  [1m[38;5;51mINFO    [0m  [2m[38;5;213mtasks.command_receiver_task[0m  CommandReceiverTask: GsGpsCommandPacket → wrote 3 keys
2026-05-08T11:58:37  [1m[38;5;51mINFO    [0m  [2m[38;5;213mtasks.command_receiver_task[0m  CommandReceiverTask: ACK sent (cmd_id=0xC4 cmd_seq=82 status=0)
2026-05-08T11:58:38  [1m[38;5;51mINFO    [0m  [2m[38;5;213mtasks.mavlink_task[0m  MavlinkTask: connecting to /dev/serial/by-id/usb-Auterion_PX4_FMU_v6X.x_0-if00 @ 115200 baud
2026-05-08T11:58:42  [1m[38;5;51mINFO    [0m  [2m[38;5;213mtasks.command_receiver_task[0m  CommandReceiverTask: GsGpsCommandPacket → wrote 3 keys
2026-05-08T11:58:42  [1m[38;5;51mINFO    [0m  [2m[38;5;213mtasks.command_receiver_task[0m  CommandReceiverTask: ACK sent (cmd_id=0xC4 cmd_seq=83 status=0)
2026-05-08T11:58:43  [1m[38;5;51mINFO    [0m  [2m[38;5;213mtasks.mavlink_task[0m  MavlinkTask: connecting to /dev/serial/by-id/usb-Auterion_PX4_FMU_v6X.x_0-if00 @ 115200 baud
2026-05-08T11:58:47  [1m[38;5;51mINFO    [0m  [2m[38;5;213mtasks.command_receiver_task[0m  CommandReceiverTask: GsGpsCommandPacket → wrote 3 keys
2026-05-08T11:58:47  [1m[38;5;51mINFO    [0m  [2m[38;5;213mtasks.command_receiver_task[0m  CommandReceiverTask: ACK sent (cmd_id=0xC4 cmd_seq=84 status=0)
2026-05-08T11:58:48  [1m[38;5;51mINFO    [0m  [2m[38;5;213mtasks.mavlink_task[0m  MavlinkTask: connecting to /dev/serial/by-id/usb-Auterion_PX4_FMU_v6X.x_0-if00 @ 115200 baud
2026-05-08T11:58:52  [1m[38;5;51mINFO    [0m  [2m[38;5;213mtasks.command_receiver_task[0m  CommandReceiverTask: GsGpsCommandPacket → wrote 3 keys
2026-05-08T11:58:52  [1m[38;5;51mINFO    [0m  [2m[38;5;213mtasks.command_receiver_task[0m  CommandReceiverTask: ACK sent (cmd_id=0xC4 cmd_seq=85 status=0)
2026-05-08T11:58:53  [1m[38;5;51mINFO    [0m  [2m[38;5;213mtasks.mavlink_task[0m  MavlinkTask: connecting to /dev/serial/by-id/usb-Auterion_PX4_FMU_v6X.x_0-if00 @ 115200 baud
2026-05-08T11:58:57  [1m[38;5;51mINFO    [0m  [2m[38;5;213mtasks.command_receiver_task[0m  CommandReceiverTask: GsGpsCommandPacket → wrote 3 keys
2026-05-08T11:58:57  [1m[38;5;51mINFO    [0m  [2m[38;5;213mtasks.command_receiver_task[0m  CommandReceiverTask: ACK sent (cmd_id=0xC4 cmd_seq=86 status=0)
2026-05-08T11:58:58  [1m[38;5;51mINFO    [0m  [2m[38;5;213mtasks.mavlink_task[0m  MavlinkTask: connecting to /dev/serial/by-id/usb-Auterion_PX4_FMU_v6X.x_0-if00 @ 115200 baud
2026-05-08T11:59:02  [1m[38;5;51mINFO    [0m  [2m[38;5;213mtasks.command_receiver_task[0m  CommandReceiverTask: GsGpsCommandPacket → wrote 3 keys
2026-05-08T11:59:02  [1m[38;5;51mINFO    [0m  [2m[38;5;213mtasks.command_receiver_task[0m  CommandReceiverTask: ACK sent (cmd_id=0xC4 cmd_seq=87 status=0)
2026-05-08T11:59:03  [1m[38;5;51mINFO    [0m  [2m[38;5;213mtasks.mavlink_task[0m  MavlinkTask: connecting to /dev/serial/by-id/usb-Auterion_PX4_FMU_v6X.x_0-if00 @ 115200 baud
2026-05-08T11:59:07  [1m[38;5;51mINFO    [0m  [2m[38;5;213mtasks.command_receiver_task[0m  CommandReceiverTask: GsGpsCommandPacket → wrote 3 keys
2026-05-08T11:59:07  [1m[38;5;51mINFO    [0m  [2m[38;5;213mtasks.command_receiver_task[0m  CommandReceiverTask: ACK sent (cmd_id=0xC4 cmd_seq=88 status=0)
2026-05-08T11:59:08  [1m[38;5;51mINFO    [0m  [2m[38;5;213mtasks.mavlink_task[0m  MavlinkTask: connecting to /dev/serial/by-id/usb-Auterion_PX4_FMU_v6X.x_0-if00 @ 115200 baud
2026-05-08T11:59:12  [1m[38;5;51mINFO    [0m  [2m[38;5;213mtasks.command_receiver_task[0m  CommandReceiverTask: GsGpsCommandPacket → wrote 3 keys
2026-05-08T11:59:12  [1m[38;5;51mINFO    [0m  [2m[38;5;213mtasks.command_receiver_task[0m  CommandReceiverTask: ACK sent (cmd_id=0xC4 cmd_seq=89 status=0)
2026-05-08T11:59:13  [1m[38;5;51mINFO    [0m  [2m[38;5;213mtasks.mavlink_task[0m  MavlinkTask: connecting to /dev/serial/by-id/usb-Auterion_PX4_FMU_v6X.x_0-if00 @ 115200 baud
2026-05-08T11:59:17  [1m[38;5;51mINFO    [0m  [2m[38;5;213mtasks.command_receiver_task[0m  CommandReceiverTask: GsGpsCommandPacket → wrote 3 keys
2026-05-08T11:59:17  [1m[38;5;51mINFO    [0m  [2m[38;5;213mtasks.command_receiver_task[0m  CommandReceiverTask: ACK sent (cmd_id=0xC4 cmd_seq=90 status=0)
2026-05-08T11:59:18  [1m[38;5;51mINFO    [0m  [2m[38;5;213mtasks.mavlink_task[0m  MavlinkTask: connecting to /dev/serial/by-id/usb-Auterion_PX4_FMU_v6X.x_0-if00 @ 115200 baud
2026-05-08T11:59:22  [1m[38;5;51mINFO    [0m  [2m[38;5;213mtasks.command_receiver_task[0m  CommandReceiverTask: GsGpsCommandPacket → wrote 3 keys
2026-05-08T11:59:22  [1m[38;5;51mINFO    [0m  [2m[38;5;213mtasks.command_receiver_task[0m  CommandReceiverTask: ACK sent (cmd_id=0xC4 cmd_seq=91 status=0)
2026-05-08T11:59:23  [1m[38;5;51mINFO    [0m  [2m[38;5;213mtasks.mavlink_task[0m  MavlinkTask: connecting to /dev/serial/by-id/usb-Auterion_PX4_FMU_v6X.x_0-if00 @ 115200 baud
2026-05-08T11:59:27  [1m[38;5;51mINFO    [0m  [2m[38;5;213mtasks.command_receiver_task[0m  CommandReceiverTask: GsGpsCommandPacket → wrote 3 keys
2026-05-08T11:59:27  [1m[38;5;51mINFO    [0m  [2m[38;5;213mtasks.command_receiver_task[0m  CommandReceiverTask: ACK sent (cmd_id=0xC4 cmd_seq=92 status=0)
2026-05-08T11:59:28  [1m[38;5;51mINFO    [0m  [2m[38;5;213mtasks.mavlink_task[0m  MavlinkTask: connecting to /dev/serial/by-id/usb-Auterion_PX4_FMU_v6X.x_0-if00 @ 115200 baud
2026-05-08T11:59:32  [1m[38;5;51mINFO    [0m  [2m[38;5;213mtasks.command_receiver_task[0m  CommandReceiverTask: GsGpsCommandPacket → wrote 3 keys
2026-05-08T11:59:32  [1m[38;5;51mINFO    [0m  [2m[38;5;213mtasks.command_receiver_task[0m  CommandReceiverTask: ACK sent (cmd_id=0xC4 cmd_seq=93 status=0)
2026-05-08T11:59:33  [1m[38;5;51mINFO    [0m  [2m[38;5;213mtasks.mavlink_task[0m  MavlinkTask: connecting to /dev/serial/by-id/usb-Auterion_PX4_FMU_v6X.x_0-if00 @ 115200 baud
2026-05-08T11:59:37  [1m[38;5;51mINFO    [0m  [2m[38;5;213mtasks.command_receiver_task[0m  CommandReceiverTask: GsGpsCommandPacket → wrote 3 keys
2026-05-08T11:59:37  [1m[38;5;51mINFO    [0m  [2m[38;5;213mtasks.command_receiver_task[0m  CommandReceiverTask: ACK sent (cmd_id=0xC4 cmd_seq=94 status=0)
2026-05-08T11:59:38  [1m[38;5;51mINFO    [0m  [2m[38;5;213mtasks.mavlink_task[0m  MavlinkTask: connecting to /dev/serial/by-id/usb-Auterion_PX4_FMU_v6X.x_0-if00 @ 115200 baud
2026-05-08T11:59:42  [1m[38;5;51mINFO    [0m  [2m[38;5;213mtasks.command_receiver_task[0m  CommandReceiverTask: GsGpsCommandPacket → wrote 3 keys
2026-05-08T11:59:42  [1m[38;5;51mINFO    [0m  [2m[38;5;213mtasks.command_receiver_task[0m  CommandReceiverTask: ACK sent (cmd_id=0xC4 cmd_seq=95 status=0)
2026-05-08T11:59:43  [1m[38;5;51mINFO    [0m  [2m[38;5;213mtasks.mavlink_task[0m  MavlinkTask: connecting to /dev/serial/by-id/usb-Auterion_PX4_FMU_v6X.x_0-if00 @ 115200 baud
2026-05-08T11:59:47  [1m[38;5;51mINFO    [0m  [2m[38;5;213mtasks.command_receiver_task[0m  CommandReceiverTask: GsGpsCommandPacket → wrote 3 keys
2026-05-08T11:59:47  [1m[38;5;51mINFO    [0m  [2m[38;5;213mtasks.command_receiver_task[0m  CommandReceiverTask: ACK sent (cmd_id=0xC4 cmd_seq=96 status=0)
2026-05-08T11:59:48  [1m[38;5;51mINFO    [0m  [2m[38;5;213mtasks.mavlink_task[0m  MavlinkTask: connecting to /dev/serial/by-id/usb-Auterion_PX4_FMU_v6X.x_0-if00 @ 115200 baud
2026-05-08T11:59:52  [1m[38;5;51mINFO    [0m  [2m[38;5;213mtasks.command_receiver_task[0m  CommandReceiverTask: GsGpsCommandPacket → wrote 3 keys
2026-05-08T11:59:52  [1m[38;5;51mINFO    [0m  [2m[38;5;213mtasks.command_receiver_task[0m  CommandReceiverTask: ACK sent (cmd_id=0xC4 cmd_seq=97 status=0)
2026-05-08T11:59:53  [1m[38;5;51mINFO    [0m  [2m[38;5;213mtasks.mavlink_task[0m  MavlinkTask: connecting to /dev/serial/by-id/usb-Auterion_PX4_FMU_v6X.x_0-if00 @ 115200 baud
2026-05-08T11:59:57  [1m[38;5;51mINFO    [0m  [2m[38;5;213mtasks.command_receiver_task[0m  CommandReceiverTask: GsGpsCommandPacket → wrote 3 keys
2026-05-08T11:59:57  [1m[38;5;51mINFO    [0m  [2m[38;5;213mtasks.command_receiver_task[0m  CommandReceiverTask: ACK sent (cmd_id=0xC4 cmd_seq=98 status=0)
2026-05-08T11:59:58  [1m[38;5;51mINFO    [0m  [2m[38;5;213mtasks.mavlink_task[0m  MavlinkTask: connecting to /dev/serial/by-id/usb-Auterion_PX4_FMU_v6X.x_0-if00 @ 115200 baud
2026-05-08T12:00:02  [1m[38;5;51mINFO    [0m  [2m[38;5;213mtasks.command_receiver_task[0m  CommandReceiverTask: GsGpsCommandPacket → wrote 3 keys
2026-05-08T12:00:02  [1m[38;5;51mINFO    [0m  [2m[38;5;213mtasks.command_receiver_task[0m  CommandReceiverTask: ACK sent (cmd_id=0xC4 cmd_seq=99 status=0)
2026-05-08T12:00:03  [1m[38;5;51mINFO    [0m  [2m[38;5;213mtasks.mavlink_task[0m  MavlinkTask: connecting to /dev/serial/by-id/usb-Auterion_PX4_FMU_v6X.x_0-if00 @ 115200 baud
2026-05-08T12:00:07  [1m[38;5;51mINFO    [0m  [2m[38;5;213mtasks.command_receiver_task[0m  CommandReceiverTask: GsGpsCommandPacket → wrote 3 keys
2026-05-08T12:00:07  [1m[38;5;51mINFO    [0m  [2m[38;5;213mtasks.command_receiver_task[0m  CommandReceiverTask: ACK sent (cmd_id=0xC4 cmd_seq=100 status=0)
2026-05-08T12:00:08  [1m[38;5;51mINFO    [0m  [2m[38;5;213mtasks.mavlink_task[0m  MavlinkTask: connecting to /dev/serial/by-id/usb-Auterion_PX4_FMU_v6X.x_0-if00 @ 115200 baud
2026-05-08T12:00:12  [1m[38;5;51mINFO    [0m  [2m[38;5;213mtasks.command_receiver_task[0m  CommandReceiverTask: GsGpsCommandPacket → wrote 3 keys
2026-05-08T12:00:12  [1m[38;5;51mINFO    [0m  [2m[38;5;213mtasks.command_receiver_task[0m  CommandReceiverTask: ACK sent (cmd_id=0xC4 cmd_seq=101 status=0)
2026-05-08T12:00:13  [1m[38;5;51mINFO    [0m  [2m[38;5;213mtasks.mavlink_task[0m  MavlinkTask: connecting to /dev/serial/by-id/usb-Auterion_PX4_FMU_v6X.x_0-if00 @ 115200 baud
2026-05-08T12:00:17  [1m[38;5;51mINFO    [0m  [2m[38;5;213mtasks.command_receiver_task[0m  CommandReceiverTask: GsGpsCommandPacket → wrote 3 keys
2026-05-08T12:00:17  [1m[38;5;51mINFO    [0m  [2m[38;5;213mtasks.command_receiver_task[0m  CommandReceiverTask: ACK sent (cmd_id=0xC4 cmd_seq=102 status=0)
2026-05-08T12:00:18  [1m[38;5;51mINFO    [0m  [2m[38;5;213mtasks.mavlink_task[0m  MavlinkTask: connecting to /dev/serial/by-id/usb-Auterion_PX4_FMU_v6X.x_0-if00 @ 115200 baud
2026-05-08T12:00:22  [1m[38;5;51mINFO    [0m  [2m[38;5;213mtasks.command_receiver_task[0m  CommandReceiverTask: GsGpsCommandPacket → wrote 3 keys
2026-05-08T12:00:22  [1m[38;5;51mINFO    [0m  [2m[38;5;213mtasks.command_receiver_task[0m  CommandReceiverTask: ACK sent (cmd_id=0xC4 cmd_seq=103 status=0)
2026-05-08T12:00:23  [1m[38;5;51mINFO    [0m  [2m[38;5;213mtasks.mavlink_task[0m  MavlinkTask: connecting to /dev/serial/by-id/usb-Auterion_PX4_FMU_v6X.x_0-if00 @ 115200 baud
2026-05-08T12:00:27  [1m[38;5;51mINFO    [0m  [2m[38;5;213mtasks.command_receiver_task[0m  CommandReceiverTask: GsGpsCommandPacket → wrote 3 keys
2026-05-08T12:00:27  [1m[38;5;51mINFO    [0m  [2m[38;5;213mtasks.command_receiver_task[0m  CommandReceiverTask: ACK sent (cmd_id=0xC4 cmd_seq=104 status=0)
2026-05-08T12:00:28  [1m[38;5;51mINFO    [0m  [2m[38;5;213mtasks.mavlink_task[0m  MavlinkTask: connecting to /dev/serial/by-id/usb-Auterion_PX4_FMU_v6X.x_0-if00 @ 115200 baud
2026-05-08T12:00:32  [1m[38;5;51mINFO    [0m  [2m[38;5;213mtasks.command_receiver_task[0m  CommandReceiverTask: GsGpsCommandPacket → wrote 3 keys
2026-05-08T12:00:32  [1m[38;5;51mINFO    [0m  [2m[38;5;213mtasks.command_receiver_task[0m  CommandReceiverTask: ACK sent (cmd_id=0xC4 cmd_seq=105 status=0)
2026-05-08T12:00:33  [1m[38;5;51mINFO    [0m  [2m[38;5;213mtasks.mavlink_task[0m  MavlinkTask: connecting to /dev/serial/by-id/usb-Auterion_PX4_FMU_v6X.x_0-if00 @ 115200 baud
2026-05-08T12:00:37  [1m[38;5;51mINFO    [0m  [2m[38;5;213mtasks.command_receiver_task[0m  CommandReceiverTask: GsGpsCommandPacket → wrote 3 keys
2026-05-08T12:00:37  [1m[38;5;51mINFO    [0m  [2m[38;5;213mtasks.command_receiver_task[0m  CommandReceiverTask: ACK sent (cmd_id=0xC4 cmd_seq=106 status=0)
2026-05-08T12:00:38  [1m[38;5;51mINFO    [0m  [2m[38;5;213mtasks.mavlink_task[0m  MavlinkTask: connecting to /dev/serial/by-id/usb-Auterion_PX4_FMU_v6X.x_0-if00 @ 115200 baud
2026-05-08T12:00:42  [1m[38;5;51mINFO    [0m  [2m[38;5;213mtasks.command_receiver_task[0m  CommandReceiverTask: GsGpsCommandPacket → wrote 3 keys
2026-05-08T12:00:42  [1m[38;5;51mINFO    [0m  [2m[38;5;213mtasks.command_receiver_task[0m  CommandReceiverTask: ACK sent (cmd_id=0xC4 cmd_seq=107 status=0)
2026-05-08T12:00:43  [1m[38;5;51mINFO    [0m  [2m[38;5;213mtasks.mavlink_task[0m  MavlinkTask: connecting to /dev/serial/by-id/usb-Auterion_PX4_FMU_v6X.x_0-if00 @ 115200 baud
2026-05-08T12:00:47  [1m[38;5;51mINFO    [0m  [2m[38;5;213mtasks.command_receiver_task[0m  CommandReceiverTask: GsGpsCommandPacket → wrote 3 keys
2026-05-08T12:00:47  [1m[38;5;51mINFO    [0m  [2m[38;5;213mtasks.command_receiver_task[0m  CommandReceiverTask: ACK sent (cmd_id=0xC4 cmd_seq=108 status=0)
2026-05-08T12:00:48  [1m[38;5;51mINFO    [0m  [2m[38;5;213mtasks.mavlink_task[0m  MavlinkTask: connecting to /dev/serial/by-id/usb-Auterion_PX4_FMU_v6X.x_0-if00 @ 115200 baud
2026-05-08T12:00:52  [1m[38;5;51mINFO    [0m  [2m[38;5;213mtasks.command_receiver_task[0m  CommandReceiverTask: GsGpsCommandPacket → wrote 3 keys
2026-05-08T12:00:52  [1m[38;5;51mINFO    [0m  [2m[38;5;213mtasks.command_receiver_task[0m  CommandReceiverTask: ACK sent (cmd_id=0xC4 cmd_seq=109 status=0)
2026-05-08T12:00:53  [1m[38;5;51mINFO    [0m  [2m[38;5;213mtasks.mavlink_task[0m  MavlinkTask: connecting to /dev/serial/by-id/usb-Auterion_PX4_FMU_v6X.x_0-if00 @ 115200 baud
2026-05-08T12:00:57  [1m[38;5;51mINFO    [0m  [2m[38;5;213mtasks.command_receiver_task[0m  CommandReceiverTask: GsGpsCommandPacket → wrote 3 keys
2026-05-08T12:00:57  [1m[38;5;51mINFO    [0m  [2m[38;5;213mtasks.command_receiver_task[0m  CommandReceiverTask: ACK sent (cmd_id=0xC4 cmd_seq=110 status=0)
2026-05-08T12:00:58  [1m[38;5;51mINFO    [0m  [2m[38;5;213mtasks.mavlink_task[0m  MavlinkTask: connecting to /dev/serial/by-id/usb-Auterion_PX4_FMU_v6X.x_0-if00 @ 115200 baud
