2026-03-24T09:54:44  INFO      main  Log session: /home/altairfc/ALTAIR_FC_V2/altairfc/logs/2026-03-24_09-54-44
2026-03-24T09:54:44  INFO      main  Wrote 18 flight settings to DataStore
2026-03-24T09:54:44  INFO      core.scheduler  Task sphere_pitch is disabled in config, skipping registration
2026-03-24T09:54:44  INFO      core.scheduler  Task photodiode is disabled in config, skipping registration
2026-03-24T09:54:44  INFO      main  Starting ALTAIR V2 flight computer
2026-03-24T09:54:44  INFO      core.scheduler  Starting 8 task(s)
2026-03-24T09:54:44  INFO      core.task_base  Task reaction_wheel started
2026-03-24T09:54:44  WARNING   tasks.rw_task  RWTask: waiting for VESC on /dev/serial/by-path/platform-fd500000.pcie-pci-0000:01:00.0-usb-0:1.4:1.0 ([Errno 2] could not open port /dev/serial/by-path/platform-fd500000.pcie-pci-0000:01:00.0-usb-0:1.4:1.0: [Errno 2] No such file or directory: '/dev/serial/by-path/platform-fd500000.pcie-pci-0000:01:00.0-usb-0:1.4:1.0') — retrying in 5s
2026-03-24T09:54:44  INFO      tasks.mavlink_task  MavlinkTask: connecting to /dev/serial/by-id/usb-Auterion_PX4_FMU_v6X.x_0-if00 @ 115200 baud
2026-03-24T09:54:44  INFO      core.task_base  Task mavlink started
2026-03-24T09:54:44  INFO      core.task_base  Task gps started
2026-03-24T09:54:44  INFO      drivers.gps_driver  GpsDriver: opened /dev/i2c-1 (fd=5)
2026-03-24T09:54:44  INFO      core.task_base  Task telemetry started
2026-03-24T09:54:44  INFO      tasks.gps_task  GpsTask: driver ready on /dev/i2c-1
2026-03-24T09:54:44  INFO      tasks.command_receiver_task  CommandReceiverTask: ready (sharing transport with TelemetryTask)
2026-03-24T09:54:44  INFO      core.task_base  Task command_receiver started
2026-03-24T09:54:44  INFO      drivers.mcp23017  MCP23017: opened bus 1 address 0x24
2026-03-24T09:54:44  INFO      tasks.flight_stage_task  FlightStageTask: initializing — writing all event.* keys to 0
2026-03-24T09:54:44  INFO      core.task_base  Task flight_stage started
2026-03-24T09:54:44  INFO      core.task_base  Task power started
2026-03-24T09:54:44  INFO      tasks.datalogger_task  DataLoggerTask: logging to /home/altairfc/ALTAIR_FC_V2/altairfc/logs/2026-03-24_09-54-44
2026-03-24T09:54:44  INFO      core.task_base  Task datalogger started
2026-03-24T09:54:44  INFO      drivers.ina3221_driver  INA3221Driver: opened /dev/i2c-1 (fd=13)
2026-03-24T09:54:44  INFO      telemetry.transport  SerialTransport opened /dev/ttyUSB0 @ 57600 baud
2026-03-24T09:54:44  INFO      core.watchdog  Watchdog started (ping interval 15.0s)
2026-03-24T09:54:44  INFO      telemetry.telemetry_task  TelemetryTask: transport opened
2026-03-24T09:54:44  INFO      tasks.datalogger_task  DataLoggerTask: opened 12 CSV files
2026-03-24T09:54:44  INFO      tasks.mavlink_task  MavlinkTask: heartbeat received (system 1, component 0)
2026-03-24T09:54:44  INFO      tasks.mavlink_task  MavlinkTask: requested MSG_ID=30 at 50.0 Hz
2026-03-24T09:54:44  INFO      tasks.mavlink_task  MavlinkTask: requested MSG_ID=31 at 50.0 Hz
2026-03-24T09:54:44  INFO      tasks.mavlink_task  MavlinkTask: requested MSG_ID=24 at 5.0 Hz
2026-03-24T09:54:44  INFO      tasks.mavlink_task  MavlinkTask: requested MSG_ID=32 at 5.0 Hz
2026-03-24T09:54:44  INFO      tasks.mavlink_task  MavlinkTask: requested MSG_ID=29 at 5.0 Hz
2026-03-24T09:54:44  INFO      tasks.mavlink_task  MavlinkTask: requested MSG_ID=74 at 5.0 Hz
2026-03-24T09:54:48  INFO      tasks.command_receiver_task  CommandReceiverTask: GsGpsCommandPacket → wrote 3 keys
2026-03-24T09:54:48  INFO      tasks.command_receiver_task  CommandReceiverTask: ACK sent (cmd_id=0xC4 cmd_seq=0 status=0)
2026-03-24T09:54:49  WARNING   tasks.rw_task  RWTask: waiting for VESC on /dev/serial/by-path/platform-fd500000.pcie-pci-0000:01:00.0-usb-0:1.4:1.0 ([Errno 2] could not open port /dev/serial/by-path/platform-fd500000.pcie-pci-0000:01:00.0-usb-0:1.4:1.0: [Errno 2] No such file or directory: '/dev/serial/by-path/platform-fd500000.pcie-pci-0000:01:00.0-usb-0:1.4:1.0') — retrying in 5s
2026-05-08T13:22:10  WARNING   tasks.rw_task  RWTask: waiting for VESC on /dev/serial/by-path/platform-fd500000.pcie-pci-0000:01:00.0-usb-0:1.4:1.0 ([Errno 2] could not open port /dev/serial/by-path/platform-fd500000.pcie-pci-0000:01:00.0-usb-0:1.4:1.0: [Errno 2] No such file or directory: '/dev/serial/by-path/platform-fd500000.pcie-pci-0000:01:00.0-usb-0:1.4:1.0') — retrying in 5s
2026-05-08T13:22:13  INFO      tasks.command_receiver_task  CommandReceiverTask: GsGpsCommandPacket → wrote 3 keys
2026-05-08T13:22:13  INFO      tasks.command_receiver_task  CommandReceiverTask: ACK sent (cmd_id=0xC4 cmd_seq=1 status=0)
2026-05-08T13:22:15  WARNING   tasks.rw_task  RWTask: waiting for VESC on /dev/serial/by-path/platform-fd500000.pcie-pci-0000:01:00.0-usb-0:1.4:1.0 ([Errno 2] could not open port /dev/serial/by-path/platform-fd500000.pcie-pci-0000:01:00.0-usb-0:1.4:1.0: [Errno 2] No such file or directory: '/dev/serial/by-path/platform-fd500000.pcie-pci-0000:01:00.0-usb-0:1.4:1.0') — retrying in 5s
2026-05-08T13:22:18  INFO      tasks.command_receiver_task  CommandReceiverTask: GsGpsCommandPacket → wrote 3 keys
2026-05-08T13:22:18  INFO      tasks.command_receiver_task  CommandReceiverTask: ACK sent (cmd_id=0xC4 cmd_seq=2 status=0)
2026-05-08T13:22:20  WARNING   tasks.rw_task  RWTask: waiting for VESC on /dev/serial/by-path/platform-fd500000.pcie-pci-0000:01:00.0-usb-0:1.4:1.0 ([Errno 2] could not open port /dev/serial/by-path/platform-fd500000.pcie-pci-0000:01:00.0-usb-0:1.4:1.0: [Errno 2] No such file or directory: '/dev/serial/by-path/platform-fd500000.pcie-pci-0000:01:00.0-usb-0:1.4:1.0') — retrying in 5s
2026-05-08T13:22:23  INFO      tasks.command_receiver_task  CommandReceiverTask: GsGpsCommandPacket → wrote 3 keys
2026-05-08T13:22:23  INFO      tasks.command_receiver_task  CommandReceiverTask: ACK sent (cmd_id=0xC4 cmd_seq=3 status=0)
2026-05-08T13:22:25  WARNING   tasks.rw_task  RWTask: waiting for VESC on /dev/serial/by-path/platform-fd500000.pcie-pci-0000:01:00.0-usb-0:1.4:1.0 ([Errno 2] could not open port /dev/serial/by-path/platform-fd500000.pcie-pci-0000:01:00.0-usb-0:1.4:1.0: [Errno 2] No such file or directory: '/dev/serial/by-path/platform-fd500000.pcie-pci-0000:01:00.0-usb-0:1.4:1.0') — retrying in 5s
2026-05-08T13:22:28  INFO      tasks.command_receiver_task  CommandReceiverTask: GsGpsCommandPacket → wrote 3 keys
2026-05-08T13:22:28  INFO      tasks.command_receiver_task  CommandReceiverTask: ACK sent (cmd_id=0xC4 cmd_seq=4 status=0)
2026-05-08T13:22:30  WARNING   tasks.rw_task  RWTask: waiting for VESC on /dev/serial/by-path/platform-fd500000.pcie-pci-0000:01:00.0-usb-0:1.4:1.0 ([Errno 2] could not open port /dev/serial/by-path/platform-fd500000.pcie-pci-0000:01:00.0-usb-0:1.4:1.0: [Errno 2] No such file or directory: '/dev/serial/by-path/platform-fd500000.pcie-pci-0000:01:00.0-usb-0:1.4:1.0') — retrying in 5s
2026-05-08T13:22:33  INFO      tasks.command_receiver_task  CommandReceiverTask: GsGpsCommandPacket → wrote 3 keys
2026-05-08T13:22:33  INFO      tasks.command_receiver_task  CommandReceiverTask: ACK sent (cmd_id=0xC4 cmd_seq=5 status=0)
2026-05-08T13:22:35  INFO      tasks.rw_task  RWTask: VESC connected on /dev/serial/by-path/platform-fd500000.pcie-pci-0000:01:00.0-usb-0:1.4:1.0
2026-05-08T13:22:38  INFO      tasks.command_receiver_task  CommandReceiverTask: GsGpsCommandPacket → wrote 3 keys
2026-05-08T13:22:38  INFO      tasks.command_receiver_task  CommandReceiverTask: ACK sent (cmd_id=0xC4 cmd_seq=6 status=0)
