2026-05-12T13:31:24  [1m[38;5;51mINFO    [0m  [2m[38;5;213mmain[0m  Log session: /home/altairfc/ALTAIR_FC_V2/altairfc/logs/2026-05-12_13-31-24
2026-05-12T13:31:24  [1m[38;5;51mINFO    [0m  [2m[38;5;213mmain[0m  Wrote 18 flight settings to DataStore
2026-05-12T13:31:24  [1m[38;5;51mINFO    [0m  [2m[38;5;213mcore.scheduler[0m  Task sphere_pitch is disabled in config, skipping registration
2026-05-12T13:31:24  [1m[38;5;51mINFO    [0m  [2m[38;5;213mcore.scheduler[0m  Task photodiode is disabled in config, skipping registration
2026-05-12T13:31:24  [1m[38;5;51mINFO    [0m  [2m[38;5;213mmain[0m  Starting ALTAIR V2 flight computer
2026-05-12T13:31:24  [1m[38;5;51mINFO    [0m  [2m[38;5;213mcore.scheduler[0m  Starting 8 task(s)
2026-05-12T13:31:24  [1m[38;5;51mINFO    [0m  [2m[38;5;213mcore.task_base[0m  Task reaction_wheel started
2026-05-12T13:31:24  [1m[38;5;220mWARNING [0m  [2m[38;5;213mtasks.rw_task[0m  RWTask: waiting for VESC on /dev/serial/by-path/platform-fd500000.pcie-pci-0000:01:00.0-usb-0:1.4:1.0 ([Errno 2] could not open port /dev/serial/by-path/platform-fd500000.pcie-pci-0000:01:00.0-usb-0:1.4:1.0: [Errno 2] No such file or directory: '/dev/serial/by-path/platform-fd500000.pcie-pci-0000:01:00.0-usb-0:1.4:1.0') — retrying in 5s
2026-05-12T13:31:24  [1m[38;5;51mINFO    [0m  [2m[38;5;213mtasks.mavlink_task[0m  MavlinkTask: connecting to /dev/serial/by-id/usb-Auterion_PX4_FMU_v6X.x_0-if00 @ 115200 baud
2026-05-12T13:31:24  [1m[38;5;51mINFO    [0m  [2m[38;5;213mcore.task_base[0m  Task mavlink started
2026-05-12T13:31:24  [1m[38;5;51mINFO    [0m  [2m[38;5;213mcore.task_base[0m  Task gps started
2026-05-12T13:31:24  [1m[38;5;208mERROR   [0m  [2m[38;5;213mcore.task_base[0m  Task gps failed in setup()
Traceback (most recent call last):
  File "/home/altairfc/ALTAIR_FC_V2/altairfc/core/task_base.py", line 93, in _run_loop
    self.setup()
    ~~~~~~~~~~^^
  File "/home/altairfc/ALTAIR_FC_V2/altairfc/tasks/gps_task.py", line 59, in setup
    self._driver = GpsDriver(i2c_dev=self._i2c_dev)
                   ~~~~~~~~~^^^^^^^^^^^^^^^^^^^^^^^
  File "/home/altairfc/ALTAIR_FC_V2/altairfc/drivers/gps_driver.py", line 52, in __init__
    raise OSError(f"gps_open failed on {i2c_dev} — check I2C bus and address 0x42")
OSError: gps_open failed on /dev/i2c-1 — check I2C bus and address 0x42
2026-05-12T13:31:24  [1m[38;5;51mINFO    [0m  [2m[38;5;213mcore.task_base[0m  Task telemetry started
2026-05-12T13:31:24  [1m[38;5;220mWARNING [0m  [2m[38;5;213mcore.task_base[0m  Task gps recovering in 1.0s
2026-05-12T13:31:24  [1m[38;5;51mINFO    [0m  [2m[38;5;213mtasks.command_receiver_task[0m  CommandReceiverTask: ready (sharing transport with TelemetryTask)
2026-05-12T13:31:24  [1m[38;5;51mINFO    [0m  [2m[38;5;213mcore.task_base[0m  Task command_receiver started
2026-05-12T13:31:24  [1m[38;5;51mINFO    [0m  [2m[38;5;213mtasks.flight_stage_task[0m  FlightStageTask: initializing — writing all event.* keys to 0
2026-05-12T13:31:24  [1m[38;5;51mINFO    [0m  [2m[38;5;213mcore.task_base[0m  Task flight_stage started
2026-05-12T13:31:24  [1m[38;5;51mINFO    [0m  [2m[38;5;213mcore.task_base[0m  Task power started
2026-05-12T13:31:24  [1m[38;5;51mINFO    [0m  [2m[38;5;213mcore.task_base[0m  Task datalogger started
2026-05-12T13:31:24  [1m[38;5;51mINFO    [0m  [2m[38;5;213mtasks.datalogger_task[0m  DataLoggerTask: logging to /home/altairfc/ALTAIR_FC_V2/altairfc/logs/2026-05-12_13-31-24
2026-05-12T13:31:24  [1m[38;5;208mERROR   [0m  [2m[38;5;213mtasks.power_task[0m  PowerTask: failed to open INA3221 on /dev/i2c-1: ina3221_open failed on /dev/i2c-1 — check I2C bus, address 0x40, and manufacturer ID
2026-05-12T13:31:24  [1m[38;5;51mINFO    [0m  [2m[38;5;213mtelemetry.transport[0m  SerialTransport opened /dev/ttyUSB0 @ 57600 baud
2026-05-12T13:31:24  [1m[38;5;51mINFO    [0m  [2m[38;5;213mcore.watchdog[0m  Watchdog started (ping interval 15.0s)
2026-05-12T13:31:24  [1m[38;5;51mINFO    [0m  [2m[38;5;213mtelemetry.telemetry_task[0m  TelemetryTask: transport opened
2026-05-12T13:31:24  [1m[38;5;51mINFO    [0m  [2m[38;5;213mtasks.datalogger_task[0m  DataLoggerTask: opened 12 CSV files
2026-05-12T13:31:25  [1m[38;5;208mERROR   [0m  [2m[38;5;213mcore.task_base[0m  Task gps failed in setup()
Traceback (most recent call last):
  File "/home/altairfc/ALTAIR_FC_V2/altairfc/core/task_base.py", line 93, in _run_loop
    self.setup()
    ~~~~~~~~~~^^
  File "/home/altairfc/ALTAIR_FC_V2/altairfc/tasks/gps_task.py", line 59, in setup
    self._driver = GpsDriver(i2c_dev=self._i2c_dev)
                   ~~~~~~~~~^^^^^^^^^^^^^^^^^^^^^^^
  File "/home/altairfc/ALTAIR_FC_V2/altairfc/drivers/gps_driver.py", line 52, in __init__
    raise OSError(f"gps_open failed on {i2c_dev} — check I2C bus and address 0x42")
OSError: gps_open failed on /dev/i2c-1 — check I2C bus and address 0x42
2026-05-12T13:31:25  [1m[38;5;220mWARNING [0m  [2m[38;5;213mcore.task_base[0m  Task gps recovering in 2.0s
2026-05-12T13:31:27  [1m[38;5;208mERROR   [0m  [2m[38;5;213mcore.task_base[0m  Task gps failed in setup()
Traceback (most recent call last):
  File "/home/altairfc/ALTAIR_FC_V2/altairfc/core/task_base.py", line 93, in _run_loop
    self.setup()
    ~~~~~~~~~~^^
  File "/home/altairfc/ALTAIR_FC_V2/altairfc/tasks/gps_task.py", line 59, in setup
    self._driver = GpsDriver(i2c_dev=self._i2c_dev)
                   ~~~~~~~~~^^^^^^^^^^^^^^^^^^^^^^^
  File "/home/altairfc/ALTAIR_FC_V2/altairfc/drivers/gps_driver.py", line 52, in __init__
    raise OSError(f"gps_open failed on {i2c_dev} — check I2C bus and address 0x42")
OSError: gps_open failed on /dev/i2c-1 — check I2C bus and address 0x42
2026-05-12T13:31:27  [1m[38;5;220mWARNING [0m  [2m[38;5;213mcore.task_base[0m  Task gps recovering in 4.0s
2026-05-12T13:31:29  [1m[38;5;220mWARNING [0m  [2m[38;5;213mtasks.rw_task[0m  RWTask: waiting for VESC on /dev/serial/by-path/platform-fd500000.pcie-pci-0000:01:00.0-usb-0:1.4:1.0 ([Errno 2] could not open port /dev/serial/by-path/platform-fd500000.pcie-pci-0000:01:00.0-usb-0:1.4:1.0: [Errno 2] No such file or directory: '/dev/serial/by-path/platform-fd500000.pcie-pci-0000:01:00.0-usb-0:1.4:1.0') — retrying in 5s
2026-05-12T13:31:29  [1m[38;5;51mINFO    [0m  [2m[38;5;213mtasks.mavlink_task[0m  MavlinkTask: connecting to /dev/serial/by-id/usb-Auterion_PX4_FMU_v6X.x_0-if00 @ 115200 baud
2026-05-12T13:31:31  [1m[38;5;208mERROR   [0m  [2m[38;5;213mcore.task_base[0m  Task gps failed in setup()
Traceback (most recent call last):
  File "/home/altairfc/ALTAIR_FC_V2/altairfc/core/task_base.py", line 93, in _run_loop
    self.setup()
    ~~~~~~~~~~^^
  File "/home/altairfc/ALTAIR_FC_V2/altairfc/tasks/gps_task.py", line 59, in setup
    self._driver = GpsDriver(i2c_dev=self._i2c_dev)
                   ~~~~~~~~~^^^^^^^^^^^^^^^^^^^^^^^
  File "/home/altairfc/ALTAIR_FC_V2/altairfc/drivers/gps_driver.py", line 52, in __init__
    raise OSError(f"gps_open failed on {i2c_dev} — check I2C bus and address 0x42")
OSError: gps_open failed on /dev/i2c-1 — check I2C bus and address 0x42
2026-05-12T13:31:32  [1m[38;5;220mWARNING [0m  [2m[38;5;213mcore.task_base[0m  Task gps recovering in 8.0s
2026-05-12T13:31:34  [1m[38;5;220mWARNING [0m  [2m[38;5;213mtasks.rw_task[0m  RWTask: waiting for VESC on /dev/serial/by-path/platform-fd500000.pcie-pci-0000:01:00.0-usb-0:1.4:1.0 ([Errno 2] could not open port /dev/serial/by-path/platform-fd500000.pcie-pci-0000:01:00.0-usb-0:1.4:1.0: [Errno 2] No such file or directory: '/dev/serial/by-path/platform-fd500000.pcie-pci-0000:01:00.0-usb-0:1.4:1.0') — retrying in 5s
2026-05-12T13:31:34  [1m[38;5;51mINFO    [0m  [2m[38;5;213mtasks.mavlink_task[0m  MavlinkTask: connecting to /dev/serial/by-id/usb-Auterion_PX4_FMU_v6X.x_0-if00 @ 115200 baud
2026-05-12T13:31:37  [1m[38;5;51mINFO    [0m  [2m[38;5;213mcore.lifecycle[0m  Received SIGINT — initiating graceful shutdown
2026-05-12T13:31:37  [1m[38;5;51mINFO    [0m  [2m[38;5;213mmain[0m  Shutdown event received — stopping all tasks
2026-05-12T13:31:37  [1m[38;5;51mINFO    [0m  [2m[38;5;213mcore.watchdog[0m  Watchdog stopped
2026-05-12T13:31:37  [1m[38;5;51mINFO    [0m  [2m[38;5;213mcore.scheduler[0m  Stopping all tasks
2026-05-12T13:31:37  [1m[38;5;51mINFO    [0m  [2m[38;5;213mtasks.datalogger_task[0m  DataLoggerTask: all CSV files closed
2026-05-12T13:31:37  [1m[38;5;51mINFO    [0m  [2m[38;5;213mcore.task_base[0m  Task datalogger stopped
2026-05-12T13:31:37  [1m[38;5;51mINFO    [0m  [2m[38;5;213mcore.task_base[0m  Task power stopped
2026-05-12T13:31:37  [1m[38;5;51mINFO    [0m  [2m[38;5;213mcore.task_base[0m  Task flight_stage stopped
2026-05-12T13:31:37  [1m[38;5;51mINFO    [0m  [2m[38;5;213mcore.task_base[0m  Task command_receiver stopped
2026-05-12T13:31:37  [1m[38;5;51mINFO    [0m  [2m[38;5;213mtelemetry.transport[0m  SerialTransport closed
2026-05-12T13:31:37  [1m[38;5;51mINFO    [0m  [2m[38;5;213mtelemetry.telemetry_task[0m  TelemetryTask: transport closed
2026-05-12T13:31:37  [1m[38;5;51mINFO    [0m  [2m[38;5;213mcore.task_base[0m  Task telemetry stopped
2026-05-12T13:31:37  [1m[38;5;51mINFO    [0m  [2m[38;5;213mcore.task_base[0m  Task gps stopped
2026-05-12T13:31:37  [1m[38;5;51mINFO    [0m  [2m[38;5;213mcore.task_base[0m  Task mavlink stopped
2026-05-12T13:31:37  [1m[38;5;51mINFO    [0m  [2m[38;5;213mcore.task_base[0m  Task reaction_wheel stopped
2026-05-12T13:31:38  [1m[38;5;51mINFO    [0m  [2m[38;5;213mmain[0m  ALTAIR V2 shutdown complete
