2026-05-08T12:59:19  [1m[38;5;51mINFO    [0m  [2m[38;5;213mmain[0m  Log session: /home/altairfc/ALTAIR_FC_V2/altairfc/logs/2026-05-08_12-59-19
2026-05-08T12:59:19  [1m[38;5;51mINFO    [0m  [2m[38;5;213mmain[0m  Wrote 18 flight settings to DataStore
2026-05-08T12:59:19  [1m[38;5;51mINFO    [0m  [2m[38;5;213mcore.scheduler[0m  Task sphere_pitch is disabled in config, skipping registration
2026-05-08T12:59:19  [1m[38;5;51mINFO    [0m  [2m[38;5;213mcore.scheduler[0m  Task photodiode is disabled in config, skipping registration
2026-05-08T12:59:19  [1m[38;5;51mINFO    [0m  [2m[38;5;213mmain[0m  Starting ALTAIR V2 flight computer
2026-05-08T12:59:19  [1m[38;5;51mINFO    [0m  [2m[38;5;213mcore.scheduler[0m  Starting 8 task(s)
2026-05-08T12:59:19  [1m[38;5;51mINFO    [0m  [2m[38;5;213mcore.task_base[0m  Task reaction_wheel started
2026-05-08T12:59:19  [1m[38;5;51mINFO    [0m  [2m[38;5;213mtasks.mavlink_task[0m  MavlinkTask: connecting to /dev/serial/by-id/usb-Auterion_PX4_FMU_v6X.x_0-if00 @ 115200 baud
2026-05-08T12:59:19  [1m[38;5;51mINFO    [0m  [2m[38;5;213mcore.task_base[0m  Task mavlink started
2026-05-08T12:59:19  [1m[38;5;51mINFO    [0m  [2m[38;5;213mtasks.rw_task[0m  RWTask: VESC connected on /dev/serial/by-path/platform-fd500000.pcie-pci-0000:01:00.0-usb-0:1.4:1.0
2026-05-08T12:59:19  [1m[38;5;51mINFO    [0m  [2m[38;5;213mdrivers.gps_driver[0m  GpsDriver: opened /dev/i2c-1 (fd=6)
2026-05-08T12:59:19  [1m[38;5;51mINFO    [0m  [2m[38;5;213mcore.task_base[0m  Task gps started
2026-05-08T12:59:19  [1m[38;5;51mINFO    [0m  [2m[38;5;213mtasks.gps_task[0m  GpsTask: driver ready on /dev/i2c-1
2026-05-08T12:59:19  [1m[38;5;51mINFO    [0m  [2m[38;5;213mcore.task_base[0m  Task telemetry started
2026-05-08T12:59:19  [1m[38;5;51mINFO    [0m  [2m[38;5;213mtasks.command_receiver_task[0m  CommandReceiverTask: ready (sharing transport with TelemetryTask)
2026-05-08T12:59:19  [1m[38;5;51mINFO    [0m  [2m[38;5;213mcore.task_base[0m  Task command_receiver started
2026-05-08T12:59:19  [1m[38;5;51mINFO    [0m  [2m[38;5;213mtasks.flight_stage_task[0m  FlightStageTask: initializing — writing all event.* keys to 0
2026-05-08T12:59:19  [1m[38;5;51mINFO    [0m  [2m[38;5;213mcore.task_base[0m  Task flight_stage started
2026-05-08T12:59:19  [1m[38;5;51mINFO    [0m  [2m[38;5;213mdrivers.mcp23017[0m  MCP23017: opened bus 1 address 0x24
2026-05-08T12:59:19  [1m[38;5;51mINFO    [0m  [2m[38;5;213mcore.task_base[0m  Task power started
2026-05-08T12:59:19  [1m[38;5;51mINFO    [0m  [2m[38;5;213mcore.task_base[0m  Task datalogger started
2026-05-08T12:59:19  [1m[38;5;51mINFO    [0m  [2m[38;5;213mtasks.datalogger_task[0m  DataLoggerTask: logging to /home/altairfc/ALTAIR_FC_V2/altairfc/logs/2026-05-08_12-59-19
2026-05-08T12:59:19  [1m[38;5;51mINFO    [0m  [2m[38;5;213mdrivers.ina3221_driver[0m  INA3221Driver: opened /dev/i2c-1 (fd=17)
2026-05-08T12:59:19  [1m[38;5;51mINFO    [0m  [2m[38;5;213mcore.watchdog[0m  Watchdog started (ping interval 15.0s)
2026-05-08T12:59:19  [1m[38;5;51mINFO    [0m  [2m[38;5;213mtelemetry.transport[0m  SerialTransport opened /dev/ttyUSB0 @ 57600 baud
2026-05-08T12:59:19  [1m[38;5;51mINFO    [0m  [2m[38;5;213mtelemetry.telemetry_task[0m  TelemetryTask: transport opened
2026-05-08T12:59:19  [1m[38;5;51mINFO    [0m  [2m[38;5;213mtasks.datalogger_task[0m  DataLoggerTask: opened 12 CSV files
2026-05-08T12:59:19  [1m[38;5;51mINFO    [0m  [2m[38;5;213mtasks.mavlink_task[0m  MavlinkTask: heartbeat received (system 1, component 0)
2026-05-08T12:59:19  [1m[38;5;51mINFO    [0m  [2m[38;5;213mtasks.mavlink_task[0m  MavlinkTask: requested MSG_ID=30 at 50.0 Hz
2026-05-08T12:59:19  [1m[38;5;51mINFO    [0m  [2m[38;5;213mtasks.mavlink_task[0m  MavlinkTask: requested MSG_ID=31 at 50.0 Hz
2026-05-08T12:59:19  [1m[38;5;51mINFO    [0m  [2m[38;5;213mtasks.mavlink_task[0m  MavlinkTask: requested MSG_ID=24 at 5.0 Hz
2026-05-08T12:59:19  [1m[38;5;51mINFO    [0m  [2m[38;5;213mtasks.mavlink_task[0m  MavlinkTask: requested MSG_ID=32 at 5.0 Hz
2026-05-08T12:59:19  [1m[38;5;51mINFO    [0m  [2m[38;5;213mtasks.mavlink_task[0m  MavlinkTask: requested MSG_ID=29 at 5.0 Hz
2026-05-08T12:59:19  [1m[38;5;51mINFO    [0m  [2m[38;5;213mtasks.mavlink_task[0m  MavlinkTask: requested MSG_ID=74 at 5.0 Hz
2026-05-08T12:59:21  [1m[38;5;51mINFO    [0m  [2m[38;5;213mtasks.command_receiver_task[0m  CommandReceiverTask: GsGpsCommandPacket → wrote 3 keys
2026-05-08T12:59:21  [1m[38;5;51mINFO    [0m  [2m[38;5;213mtasks.command_receiver_task[0m  CommandReceiverTask: ACK sent (cmd_id=0xC4 cmd_seq=82 status=0)
2026-05-08T12:59:26  [1m[38;5;51mINFO    [0m  [2m[38;5;213mtasks.command_receiver_task[0m  CommandReceiverTask: GsGpsCommandPacket → wrote 3 keys
2026-05-08T12:59:26  [1m[38;5;51mINFO    [0m  [2m[38;5;213mtasks.command_receiver_task[0m  CommandReceiverTask: ACK sent (cmd_id=0xC4 cmd_seq=83 status=0)
2026-05-08T12:59:30  [1m[38;5;220mWARNING [0m  [2m[38;5;213mdrivers.gps_driver[0m  GpsDriver: I2C error during read
2026-05-08T12:59:31  [1m[38;5;51mINFO    [0m  [2m[38;5;213mtasks.command_receiver_task[0m  CommandReceiverTask: GsGpsCommandPacket → wrote 3 keys
2026-05-08T12:59:31  [1m[38;5;51mINFO    [0m  [2m[38;5;213mtasks.command_receiver_task[0m  CommandReceiverTask: ACK sent (cmd_id=0xC4 cmd_seq=84 status=0)
2026-05-08T12:59:36  [1m[38;5;51mINFO    [0m  [2m[38;5;213mtasks.command_receiver_task[0m  CommandReceiverTask: GsGpsCommandPacket → wrote 3 keys
2026-05-08T12:59:36  [1m[38;5;51mINFO    [0m  [2m[38;5;213mtasks.command_receiver_task[0m  CommandReceiverTask: ACK sent (cmd_id=0xC4 cmd_seq=85 status=0)
2026-05-08T12:59:41  [1m[38;5;51mINFO    [0m  [2m[38;5;213mtasks.command_receiver_task[0m  CommandReceiverTask: GsGpsCommandPacket → wrote 3 keys
2026-05-08T12:59:41  [1m[38;5;51mINFO    [0m  [2m[38;5;213mtasks.command_receiver_task[0m  CommandReceiverTask: ACK sent (cmd_id=0xC4 cmd_seq=86 status=0)
2026-05-08T12:59:46  [1m[38;5;51mINFO    [0m  [2m[38;5;213mtasks.command_receiver_task[0m  CommandReceiverTask: GsGpsCommandPacket → wrote 3 keys
2026-05-08T12:59:46  [1m[38;5;51mINFO    [0m  [2m[38;5;213mtasks.command_receiver_task[0m  CommandReceiverTask: ACK sent (cmd_id=0xC4 cmd_seq=87 status=0)
2026-05-08T12:59:48  [1m[38;5;220mWARNING [0m  [2m[38;5;213mdrivers.gps_driver[0m  GpsDriver: I2C error during read
2026-05-08T12:59:49  [1m[38;5;51mINFO    [0m  [2m[38;5;213mtasks.command_receiver_task[0m  CommandReceiverTask: ArmCommandPacket → command.arm = 1.0
2026-05-08T12:59:49  [1m[38;5;51mINFO    [0m  [2m[38;5;213mtasks.command_receiver_task[0m  CommandReceiverTask: ACK sent (cmd_id=0xC0 cmd_seq=1 status=0)
2026-05-08T12:59:49  [1m[38;5;51mINFO    [0m  [2m[38;5;213mtasks.flight_stage_task[0m  FlightStageTask: ARM command received — starting arm checks
2026-05-08T12:59:49  [1m[38;5;51mINFO    [0m  [2m[38;5;213mtasks.flight_stage_task[0m  FlightStageTask: arm checks passed — advancing to STAGE_ARMED
2026-05-08T12:59:49  [1m[38;5;51mINFO    [0m  [2m[38;5;213mtasks.flight_stage_task[0m  FlightStageTask: stage 0 → 1
2026-05-08T12:59:51  [1m[38;5;51mINFO    [0m  [2m[38;5;213mtasks.command_receiver_task[0m  CommandReceiverTask: GsGpsCommandPacket → wrote 3 keys
2026-05-08T12:59:51  [1m[38;5;51mINFO    [0m  [2m[38;5;213mtasks.command_receiver_task[0m  CommandReceiverTask: ACK sent (cmd_id=0xC4 cmd_seq=88 status=0)
2026-05-08T12:59:56  [1m[38;5;51mINFO    [0m  [2m[38;5;213mtasks.command_receiver_task[0m  CommandReceiverTask: GsGpsCommandPacket → wrote 3 keys
2026-05-08T12:59:56  [1m[38;5;51mINFO    [0m  [2m[38;5;213mtasks.command_receiver_task[0m  CommandReceiverTask: ACK sent (cmd_id=0xC4 cmd_seq=89 status=0)
2026-05-08T13:00:01  [1m[38;5;51mINFO    [0m  [2m[38;5;213mtasks.command_receiver_task[0m  CommandReceiverTask: GsGpsCommandPacket → wrote 3 keys
2026-05-08T13:00:01  [1m[38;5;51mINFO    [0m  [2m[38;5;213mtasks.command_receiver_task[0m  CommandReceiverTask: ACK sent (cmd_id=0xC4 cmd_seq=90 status=0)
2026-05-08T13:00:06  [1m[38;5;51mINFO    [0m  [2m[38;5;213mtasks.command_receiver_task[0m  CommandReceiverTask: GsGpsCommandPacket → wrote 3 keys
2026-05-08T13:00:06  [1m[38;5;51mINFO    [0m  [2m[38;5;213mtasks.command_receiver_task[0m  CommandReceiverTask: ACK sent (cmd_id=0xC4 cmd_seq=91 status=0)
2026-05-08T13:00:17  [1m[38;5;51mINFO    [0m  [2m[38;5;213mtasks.command_receiver_task[0m  CommandReceiverTask: GsGpsCommandPacket → wrote 3 keys
2026-05-08T13:00:17  [1m[38;5;51mINFO    [0m  [2m[38;5;213mtasks.command_receiver_task[0m  CommandReceiverTask: ACK sent (cmd_id=0xC4 cmd_seq=0 status=0)
2026-05-08T13:00:22  [1m[38;5;51mINFO    [0m  [2m[38;5;213mtasks.command_receiver_task[0m  CommandReceiverTask: GsGpsCommandPacket → wrote 3 keys
2026-05-08T13:00:22  [1m[38;5;51mINFO    [0m  [2m[38;5;213mtasks.command_receiver_task[0m  CommandReceiverTask: ACK sent (cmd_id=0xC4 cmd_seq=1 status=0)
2026-05-08T13:00:27  [1m[38;5;51mINFO    [0m  [2m[38;5;213mtasks.command_receiver_task[0m  CommandReceiverTask: GsGpsCommandPacket → wrote 3 keys
2026-05-08T13:00:27  [1m[38;5;51mINFO    [0m  [2m[38;5;213mtasks.command_receiver_task[0m  CommandReceiverTask: ACK sent (cmd_id=0xC4 cmd_seq=2 status=0)
2026-05-08T13:00:32  [1m[38;5;51mINFO    [0m  [2m[38;5;213mtasks.command_receiver_task[0m  CommandReceiverTask: GsGpsCommandPacket → wrote 3 keys
2026-05-08T13:00:32  [1m[38;5;51mINFO    [0m  [2m[38;5;213mtasks.command_receiver_task[0m  CommandReceiverTask: ACK sent (cmd_id=0xC4 cmd_seq=3 status=0)
2026-05-08T13:00:34  [1m[38;5;51mINFO    [0m  [2m[38;5;213mtasks.command_receiver_task[0m  CommandReceiverTask: LaunchOkCommandPacket → command.launch_ok = 1.0
2026-05-08T13:00:34  [1m[38;5;51mINFO    [0m  [2m[38;5;213mtasks.command_receiver_task[0m  CommandReceiverTask: ACK sent (cmd_id=0xC1 cmd_seq=0 status=0)
2026-05-08T13:00:35  [1m[38;5;51mINFO    [0m  [2m[38;5;213mtasks.flight_stage_task[0m  FlightStageTask: LAUNCH_OK received — advancing to STAGE_LAUNCH (ref alt=76.2 m)
2026-05-08T13:00:37  [1m[38;5;51mINFO    [0m  [2m[38;5;213mtasks.command_receiver_task[0m  CommandReceiverTask: GsGpsCommandPacket → wrote 3 keys
2026-05-08T13:00:37  [1m[38;5;51mINFO    [0m  [2m[38;5;213mtasks.command_receiver_task[0m  CommandReceiverTask: ACK sent (cmd_id=0xC4 cmd_seq=4 status=0)
2026-05-08T13:00:42  [1m[38;5;51mINFO    [0m  [2m[38;5;213mtasks.command_receiver_task[0m  CommandReceiverTask: GsGpsCommandPacket → wrote 3 keys
2026-05-08T13:00:42  [1m[38;5;51mINFO    [0m  [2m[38;5;213mtasks.command_receiver_task[0m  CommandReceiverTask: ACK sent (cmd_id=0xC4 cmd_seq=5 status=0)
2026-05-08T13:00:47  [1m[38;5;51mINFO    [0m  [2m[38;5;213mtasks.command_receiver_task[0m  CommandReceiverTask: UpdateSetting field_id=16 → settings.pointing_activate_altitude_m = 50.0
2026-05-08T13:00:47  [1m[38;5;51mINFO    [0m  [2m[38;5;213mtasks.command_receiver_task[0m  CommandReceiverTask: ACK sent (cmd_id=0xC3 cmd_seq=0 status=0)
2026-05-08T13:00:47  [1m[38;5;51mINFO    [0m  [2m[38;5;213mtasks.command_receiver_task[0m  CommandReceiverTask: GsGpsCommandPacket → wrote 3 keys
2026-05-08T13:00:47  [1m[38;5;51mINFO    [0m  [2m[38;5;213mtasks.command_receiver_task[0m  CommandReceiverTask: ACK sent (cmd_id=0xC4 cmd_seq=6 status=0)
2026-05-08T13:00:48  [1m[38;5;51mINFO    [0m  [2m[38;5;213mtasks.rw_task[0m  RWTask: LAUNCH + altitude reached — spinning up reaction wheel
2026-05-08T13:00:52  [1m[38;5;51mINFO    [0m  [2m[38;5;213mtasks.command_receiver_task[0m  CommandReceiverTask: GsGpsCommandPacket → wrote 3 keys
2026-05-08T13:00:52  [1m[38;5;51mINFO    [0m  [2m[38;5;213mtasks.command_receiver_task[0m  CommandReceiverTask: ACK sent (cmd_id=0xC4 cmd_seq=7 status=0)
2026-05-08T13:00:53  [1m[38;5;51mINFO    [0m  [2m[38;5;213mtasks.rw_task[0m  RWTask: stabilizing payload
2026-05-08T13:00:53  [1m[38;5;51mINFO    [0m  [2m[38;5;213mtasks.rw_task[0m  yaw_error: 1.785326, yaw_rate: 0.000844, control signal: 4300.000000
2026-05-08T13:00:53  [1m[38;5;51mINFO    [0m  [2m[38;5;213mtasks.rw_task[0m  yaw_error: 1.784985, yaw_rate: -0.000011, control signal: 4300.000000
2026-05-08T13:00:53  [1m[38;5;51mINFO    [0m  [2m[38;5;213mtasks.rw_task[0m  yaw_error: 1.785284, yaw_rate: -0.000762, control signal: 4300.000000
2026-05-08T13:00:53  [1m[38;5;51mINFO    [0m  [2m[38;5;213mtasks.rw_task[0m  yaw_error: 1.785436, yaw_rate: 0.003934, control signal: 4300.000000
2026-05-08T13:00:53  [1m[38;5;51mINFO    [0m  [2m[38;5;213mtasks.rw_task[0m  yaw_error: 1.786028, yaw_rate: -0.002615, control signal: 4300.000000
2026-05-08T13:00:53  [1m[38;5;51mINFO    [0m  [2m[38;5;213mtasks.rw_task[0m  yaw_error: 1.786541, yaw_rate: -0.002027, control signal: 4300.000000
2026-05-08T13:00:53  [1m[38;5;51mINFO    [0m  [2m[38;5;213mtasks.rw_task[0m  yaw_error: 1.786031, yaw_rate: -0.000654, control signal: 4300.000000
2026-05-08T13:00:54  [1m[38;5;51mINFO    [0m  [2m[38;5;213mtasks.rw_task[0m  yaw_error: 1.785574, yaw_rate: -0.002206, control signal: 4300.000000
2026-05-08T13:00:54  [1m[38;5;51mINFO    [0m  [2m[38;5;213mtasks.rw_task[0m  yaw_error: 1.785256, yaw_rate: 0.000393, control signal: 4300.000000
2026-05-08T13:00:54  [1m[38;5;51mINFO    [0m  [2m[38;5;213mtasks.rw_task[0m  yaw_error: 1.784738, yaw_rate: -0.000951, control signal: 4300.000000
2026-05-08T13:00:54  [1m[38;5;51mINFO    [0m  [2m[38;5;213mtasks.rw_task[0m  yaw_error: 1.784141, yaw_rate: -0.001671, control signal: 4300.000000
2026-05-08T13:00:54  [1m[38;5;51mINFO    [0m  [2m[38;5;213mtasks.rw_task[0m  yaw_error: 1.783501, yaw_rate: -0.002672, control signal: 4300.000000
2026-05-08T13:00:54  [1m[38;5;51mINFO    [0m  [2m[38;5;213mtasks.rw_task[0m  yaw_error: 1.783275, yaw_rate: 0.002414, control signal: 4300.000000
2026-05-08T13:00:54  [1m[38;5;51mINFO    [0m  [2m[38;5;213mtasks.rw_task[0m  yaw_error: 1.783005, yaw_rate: -0.000412, control signal: 4300.000000
2026-05-08T13:00:54  [1m[38;5;51mINFO    [0m  [2m[38;5;213mtasks.rw_task[0m  yaw_error: 1.782591, yaw_rate: 0.000623, control signal: 4300.000000
2026-05-08T13:00:54  [1m[38;5;51mINFO    [0m  [2m[38;5;213mtasks.rw_task[0m  yaw_error: 1.782887, yaw_rate: 0.000756, control signal: 4300.000000
2026-05-08T13:00:55  [1m[38;5;51mINFO    [0m  [2m[38;5;213mtasks.rw_task[0m  yaw_error: 1.782986, yaw_rate: 0.003035, control signal: 4300.000000
2026-05-08T13:00:55  [1m[38;5;51mINFO    [0m  [2m[38;5;213mtasks.rw_task[0m  yaw_error: 1.782848, yaw_rate: 0.000142, control signal: 4300.000000
2026-05-08T13:00:55  [1m[38;5;51mINFO    [0m  [2m[38;5;213mtasks.rw_task[0m  yaw_error: 1.783247, yaw_rate: -0.003115, control signal: 4300.000000
2026-05-08T13:00:55  [1m[38;5;51mINFO    [0m  [2m[38;5;213mtasks.rw_task[0m  yaw_error: 1.782826, yaw_rate: 0.000345, control signal: 4300.000000
2026-05-08T13:00:55  [1m[38;5;51mINFO    [0m  [2m[38;5;213mtasks.rw_task[0m  yaw_error: 1.782438, yaw_rate: -0.002044, control signal: 4300.000000
2026-05-08T13:00:55  [1m[38;5;51mINFO    [0m  [2m[38;5;213mtasks.rw_task[0m  yaw_error: 1.782202, yaw_rate: -0.000993, control signal: 4300.000000
2026-05-08T13:00:55  [1m[38;5;51mINFO    [0m  [2m[38;5;213mtasks.rw_task[0m  yaw_error: 1.781827, yaw_rate: 0.000118, control signal: 4300.000000
2026-05-08T13:00:55  [1m[38;5;51mINFO    [0m  [2m[38;5;213mtasks.rw_task[0m  yaw_error: 1.781796, yaw_rate: 0.003002, control signal: 4300.000000
2026-05-08T13:00:55  [1m[38;5;51mINFO    [0m  [2m[38;5;213mtasks.rw_task[0m  yaw_error: 1.782069, yaw_rate: -0.002173, control signal: 4300.000000
2026-05-08T13:00:55  [1m[38;5;51mINFO    [0m  [2m[38;5;213mtasks.rw_task[0m  yaw_error: 1.781950, yaw_rate: -0.000397, control signal: 4300.000000
2026-05-08T13:00:56  [1m[38;5;51mINFO    [0m  [2m[38;5;213mtasks.rw_task[0m  yaw_error: 1.781865, yaw_rate: -0.000010, control signal: 4300.000000
2026-05-08T13:00:56  [1m[38;5;51mINFO    [0m  [2m[38;5;213mtasks.rw_task[0m  yaw_error: 1.781938, yaw_rate: -0.002292, control signal: 4300.000000
2026-05-08T13:00:56  [1m[38;5;51mINFO    [0m  [2m[38;5;213mtasks.rw_task[0m  yaw_error: 1.781513, yaw_rate: 0.000545, control signal: 4300.000000
2026-05-08T13:00:56  [1m[38;5;51mINFO    [0m  [2m[38;5;213mtasks.rw_task[0m  yaw_error: 1.781695, yaw_rate: 0.003350, control signal: 4300.000000
2026-05-08T13:00:56  [1m[38;5;51mINFO    [0m  [2m[38;5;213mtasks.rw_task[0m  yaw_error: 1.781936, yaw_rate: -0.001046, control signal: 4300.000000
2026-05-08T13:00:56  [1m[38;5;51mINFO    [0m  [2m[38;5;213mtasks.rw_task[0m  yaw_error: 1.782567, yaw_rate: -0.002640, control signal: 4300.000000
2026-05-08T13:00:56  [1m[38;5;51mINFO    [0m  [2m[38;5;213mtasks.rw_task[0m  yaw_error: 1.782880, yaw_rate: 0.005387, control signal: 4300.000000
2026-05-08T13:00:56  [1m[38;5;51mINFO    [0m  [2m[38;5;213mtasks.rw_task[0m  yaw_error: 1.782379, yaw_rate: 0.001303, control signal: 4300.000000
2026-05-08T13:00:56  [1m[38;5;51mINFO    [0m  [2m[38;5;213mtasks.rw_task[0m  yaw_error: 1.783322, yaw_rate: 0.000869, control signal: 4300.000000
2026-05-08T13:00:57  [1m[38;5;51mINFO    [0m  [2m[38;5;213mtasks.rw_task[0m  yaw_error: 1.783200, yaw_rate: -0.001841, control signal: 4300.000000
2026-05-08T13:00:57  [1m[38;5;51mINFO    [0m  [2m[38;5;213mtasks.rw_task[0m  yaw_error: 1.783319, yaw_rate: -0.000739, control signal: 4300.000000
2026-05-08T13:00:57  [1m[38;5;51mINFO    [0m  [2m[38;5;213mtasks.rw_task[0m  yaw_error: 1.783697, yaw_rate: -0.003296, control signal: 4300.000000
2026-05-08T13:00:57  [1m[38;5;51mINFO    [0m  [2m[38;5;213mtasks.rw_task[0m  yaw_error: 1.784055, yaw_rate: -0.001946, control signal: 4300.000000
2026-05-08T13:00:57  [1m[38;5;51mINFO    [0m  [2m[38;5;213mtasks.rw_task[0m  yaw_error: 1.783770, yaw_rate: 0.000777, control signal: 4300.000000
2026-05-08T13:00:57  [1m[38;5;51mINFO    [0m  [2m[38;5;213mtasks.command_receiver_task[0m  CommandReceiverTask: UpdateSetting field_id=16 → settings.pointing_activate_altitude_m = 10000.0
2026-05-08T13:00:57  [1m[38;5;51mINFO    [0m  [2m[38;5;213mtasks.command_receiver_task[0m  CommandReceiverTask: ACK sent (cmd_id=0xC3 cmd_seq=1 status=0)
2026-05-08T13:00:57  [1m[38;5;51mINFO    [0m  [2m[38;5;213mtasks.rw_task[0m  yaw_error: 1.783675, yaw_rate: 0.001814, control signal: 4300.000000
2026-05-08T13:00:57  [1m[38;5;51mINFO    [0m  [2m[38;5;213mtasks.rw_task[0m  yaw_error: 1.783556, yaw_rate: 0.000078, control signal: 4300.000000
2026-05-08T13:00:57  [1m[38;5;51mINFO    [0m  [2m[38;5;213mtasks.rw_task[0m  yaw_error: 1.783265, yaw_rate: -0.002190, control signal: 4300.000000
2026-05-08T13:00:57  [1m[38;5;51mINFO    [0m  [2m[38;5;213mtasks.command_receiver_task[0m  CommandReceiverTask: GsGpsCommandPacket → wrote 3 keys
2026-05-08T13:00:57  [1m[38;5;51mINFO    [0m  [2m[38;5;213mtasks.command_receiver_task[0m  CommandReceiverTask: ACK sent (cmd_id=0xC4 cmd_seq=8 status=0)
2026-05-08T13:00:57  [1m[38;5;51mINFO    [0m  [2m[38;5;213mtasks.rw_task[0m  yaw_error: 1.782425, yaw_rate: 0.001169, control signal: 4300.000000
2026-05-08T13:00:57  [1m[38;5;51mINFO    [0m  [2m[38;5;213mtasks.rw_task[0m  yaw_error: 1.782769, yaw_rate: -0.001380, control signal: 4300.000000
2026-05-08T13:00:58  [1m[38;5;220mWARNING [0m  [2m[38;5;213mdrivers.gps_driver[0m  GpsDriver: I2C error during read
2026-05-08T13:00:58  [1m[38;5;51mINFO    [0m  [2m[38;5;213mtasks.rw_task[0m  yaw_error: 1.782587, yaw_rate: -0.003164, control signal: 4300.000000
2026-05-08T13:00:58  [1m[38;5;51mINFO    [0m  [2m[38;5;213mtasks.rw_task[0m  yaw_error: 1.782211, yaw_rate: 0.002040, control signal: 4300.000000
2026-05-08T13:00:58  [1m[38;5;51mINFO    [0m  [2m[38;5;213mtasks.rw_task[0m  yaw_error: 1.782178, yaw_rate: 0.001403, control signal: 4300.000000
2026-05-08T13:00:58  [1m[38;5;51mINFO    [0m  [2m[38;5;213mtasks.rw_task[0m  yaw_error: 1.782427, yaw_rate: -0.002052, control signal: 4300.000000
2026-05-08T13:00:58  [1m[38;5;51mINFO    [0m  [2m[38;5;213mtasks.rw_task[0m  yaw_error: 1.782486, yaw_rate: 0.001454, control signal: 4300.000000
2026-05-08T13:00:58  [1m[38;5;51mINFO    [0m  [2m[38;5;213mtasks.rw_task[0m  yaw_error: 1.782114, yaw_rate: 0.002528, control signal: 4300.000000
2026-05-08T13:00:58  [1m[38;5;51mINFO    [0m  [2m[38;5;213mtasks.rw_task[0m  yaw_error: 1.781981, yaw_rate: -0.002556, control signal: 4300.000000
2026-05-08T13:00:58  [1m[38;5;51mINFO    [0m  [2m[38;5;213mtasks.rw_task[0m  yaw_error: 1.781948, yaw_rate: 0.003359, control signal: 4300.000000
2026-05-08T13:00:58  [1m[38;5;51mINFO    [0m  [2m[38;5;213mtasks.rw_task[0m  yaw_error: 1.781757, yaw_rate: 0.002420, control signal: 4300.000000
2026-05-08T13:00:58  [1m[38;5;51mINFO    [0m  [2m[38;5;213mtasks.rw_task[0m  yaw_error: 1.781128, yaw_rate: 0.002604, control signal: 4300.000000
2026-05-08T13:00:59  [1m[38;5;51mINFO    [0m  [2m[38;5;213mtasks.rw_task[0m  yaw_error: 1.780999, yaw_rate: 0.000379, control signal: 4300.000000
2026-05-08T13:00:59  [1m[38;5;51mINFO    [0m  [2m[38;5;213mtasks.rw_task[0m  yaw_error: 1.781203, yaw_rate: -0.000922, control signal: 4300.000000
2026-05-08T13:00:59  [1m[38;5;51mINFO    [0m  [2m[38;5;213mtasks.rw_task[0m  yaw_error: 1.781343, yaw_rate: 0.001749, control signal: 4300.000000
2026-05-08T13:00:59  [1m[38;5;51mINFO    [0m  [2m[38;5;213mtasks.rw_task[0m  yaw_error: 1.781477, yaw_rate: -0.000306, control signal: 4300.000000
2026-05-08T13:00:59  [1m[38;5;51mINFO    [0m  [2m[38;5;213mtasks.rw_task[0m  yaw_error: 1.782124, yaw_rate: -0.001482, control signal: 4300.000000
2026-05-08T13:00:59  [1m[38;5;51mINFO    [0m  [2m[38;5;213mtasks.rw_task[0m  yaw_error: 1.782332, yaw_rate: -0.000430, control signal: 4300.000000
2026-05-08T13:00:59  [1m[38;5;51mINFO    [0m  [2m[38;5;213mtasks.rw_task[0m  yaw_error: 1.782090, yaw_rate: 0.000707, control signal: 4300.000000
2026-05-08T13:00:59  [1m[38;5;51mINFO    [0m  [2m[38;5;213mtasks.rw_task[0m  yaw_error: 1.781660, yaw_rate: -0.002263, control signal: 4300.000000
2026-05-08T13:00:59  [1m[38;5;51mINFO    [0m  [2m[38;5;213mtasks.rw_task[0m  yaw_error: 1.781289, yaw_rate: -0.001163, control signal: 4300.000000
2026-05-08T13:01:00  [1m[38;5;51mINFO    [0m  [2m[38;5;213mtasks.rw_task[0m  yaw_error: 1.781026, yaw_rate: 0.000164, control signal: 4300.000000
2026-05-08T13:01:00  [1m[38;5;51mINFO    [0m  [2m[38;5;213mtasks.rw_task[0m  yaw_error: 1.780719, yaw_rate: -0.000366, control signal: 4300.000000
2026-05-08T13:01:00  [1m[38;5;51mINFO    [0m  [2m[38;5;213mtasks.rw_task[0m  yaw_error: 1.780648, yaw_rate: -0.002860, control signal: 4300.000000
2026-05-08T13:01:00  [1m[38;5;51mINFO    [0m  [2m[38;5;213mtasks.rw_task[0m  yaw_error: 1.780404, yaw_rate: 0.002924, control signal: 4300.000000
2026-05-08T13:01:00  [1m[38;5;51mINFO    [0m  [2m[38;5;213mtasks.rw_task[0m  yaw_error: 1.780084, yaw_rate: 0.000153, control signal: 4300.000000
2026-05-08T13:01:00  [1m[38;5;51mINFO    [0m  [2m[38;5;213mtasks.rw_task[0m  yaw_error: 1.780198, yaw_rate: 0.001238, control signal: 4300.000000
2026-05-08T13:01:00  [1m[38;5;51mINFO    [0m  [2m[38;5;213mtasks.rw_task[0m  yaw_error: 1.779679, yaw_rate: 0.002147, control signal: 4300.000000
2026-05-08T13:01:00  [1m[38;5;51mINFO    [0m  [2m[38;5;213mtasks.rw_task[0m  yaw_error: 1.779298, yaw_rate: 0.001183, control signal: 4300.000000
2026-05-08T13:01:00  [1m[38;5;51mINFO    [0m  [2m[38;5;213mtasks.rw_task[0m  yaw_error: 1.779106, yaw_rate: -0.002160, control signal: 4300.000000
2026-05-08T13:01:00  [1m[38;5;51mINFO    [0m  [2m[38;5;213mtasks.rw_task[0m  yaw_error: 1.779229, yaw_rate: 0.002585, control signal: 4300.000000
2026-05-08T13:01:01  [1m[38;5;51mINFO    [0m  [2m[38;5;213mtasks.rw_task[0m  yaw_error: 1.778790, yaw_rate: 0.004278, control signal: 4300.000000
2026-05-08T13:01:01  [1m[38;5;51mINFO    [0m  [2m[38;5;213mtasks.rw_task[0m  yaw_error: 1.779741, yaw_rate: -0.000478, control signal: 4300.000000
2026-05-08T13:01:01  [1m[38;5;51mINFO    [0m  [2m[38;5;213mtasks.rw_task[0m  yaw_error: 1.779764, yaw_rate: -0.001429, control signal: 4300.000000
2026-05-08T13:01:01  [1m[38;5;51mINFO    [0m  [2m[38;5;213mtasks.rw_task[0m  yaw_error: 1.779581, yaw_rate: 0.001402, control signal: 4300.000000
2026-05-08T13:01:01  [1m[38;5;51mINFO    [0m  [2m[38;5;213mtasks.rw_task[0m  yaw_error: 1.779389, yaw_rate: 0.001635, control signal: 4300.000000
2026-05-08T13:01:01  [1m[38;5;51mINFO    [0m  [2m[38;5;213mtasks.rw_task[0m  yaw_error: 1.779491, yaw_rate: -0.001011, control signal: 4300.000000
2026-05-08T13:01:01  [1m[38;5;51mINFO    [0m  [2m[38;5;213mtasks.rw_task[0m  yaw_error: 1.779140, yaw_rate: -0.000568, control signal: 4300.000000
2026-05-08T13:01:01  [1m[38;5;51mINFO    [0m  [2m[38;5;213mtasks.rw_task[0m  yaw_error: 1.779275, yaw_rate: 0.002566, control signal: 4300.000000
2026-05-08T13:01:01  [1m[38;5;51mINFO    [0m  [2m[38;5;213mtasks.rw_task[0m  yaw_error: 1.779611, yaw_rate: -0.001350, control signal: 4300.000000
2026-05-08T13:01:02  [1m[38;5;51mINFO    [0m  [2m[38;5;213mtasks.rw_task[0m  yaw_error: 1.779023, yaw_rate: 0.000511, control signal: 4300.000000
2026-05-08T13:01:02  [1m[38;5;51mINFO    [0m  [2m[38;5;213mtasks.rw_task[0m  yaw_error: 1.779230, yaw_rate: 0.001910, control signal: 4300.000000
2026-05-08T13:01:02  [1m[38;5;51mINFO    [0m  [2m[38;5;213mtasks.rw_task[0m  yaw_error: 1.779320, yaw_rate: 0.002038, control signal: 4300.000000
2026-05-08T13:01:02  [1m[38;5;51mINFO    [0m  [2m[38;5;213mtasks.rw_task[0m  yaw_error: 1.779946, yaw_rate: -0.002144, control signal: 4300.000000
2026-05-08T13:01:02  [1m[38;5;51mINFO    [0m  [2m[38;5;213mtasks.rw_task[0m  yaw_error: 1.779795, yaw_rate: 0.000705, control signal: 4300.000000
2026-05-08T13:01:02  [1m[38;5;51mINFO    [0m  [2m[38;5;213mtasks.rw_task[0m  yaw_error: 1.779981, yaw_rate: 0.000882, control signal: 4300.000000
2026-05-08T13:01:02  [1m[38;5;51mINFO    [0m  [2m[38;5;213mtasks.rw_task[0m  yaw_error: 1.779859, yaw_rate: -0.002131, control signal: 4300.000000
2026-05-08T13:01:02  [1m[38;5;51mINFO    [0m  [2m[38;5;213mtasks.rw_task[0m  yaw_error: 1.778860, yaw_rate: -0.001056, control signal: 4300.000000
2026-05-08T13:01:02  [1m[38;5;51mINFO    [0m  [2m[38;5;213mtasks.command_receiver_task[0m  CommandReceiverTask: GsGpsCommandPacket → wrote 3 keys
2026-05-08T13:01:02  [1m[38;5;51mINFO    [0m  [2m[38;5;213mtasks.command_receiver_task[0m  CommandReceiverTask: ACK sent (cmd_id=0xC4 cmd_seq=9 status=0)
2026-05-08T13:01:02  [1m[38;5;51mINFO    [0m  [2m[38;5;213mtasks.rw_task[0m  yaw_error: 1.777323, yaw_rate: 0.001980, control signal: 4300.000000
2026-05-08T13:01:02  [1m[38;5;51mINFO    [0m  [2m[38;5;213mtasks.rw_task[0m  yaw_error: 1.778508, yaw_rate: -0.002157, control signal: 4300.000000
2026-05-08T13:01:03  [1m[38;5;51mINFO    [0m  [2m[38;5;213mtasks.rw_task[0m  yaw_error: 1.776618, yaw_rate: -0.002854, control signal: 4300.000000
2026-05-08T13:01:03  [1m[38;5;51mINFO    [0m  [2m[38;5;213mtasks.rw_task[0m  yaw_error: 1.776959, yaw_rate: 0.003796, control signal: 4300.000000
2026-05-08T13:01:03  [1m[38;5;51mINFO    [0m  [2m[38;5;213mtasks.rw_task[0m  yaw_error: 1.777153, yaw_rate: 0.000540, control signal: 4300.000000
2026-05-08T13:01:03  [1m[38;5;51mINFO    [0m  [2m[38;5;213mtasks.rw_task[0m  yaw_error: 1.776852, yaw_rate: 0.000762, control signal: 4300.000000
2026-05-08T13:01:03  [1m[38;5;51mINFO    [0m  [2m[38;5;213mtasks.rw_task[0m  yaw_error: 1.776671, yaw_rate: -0.001659, control signal: 4300.000000
2026-05-08T13:01:03  [1m[38;5;51mINFO    [0m  [2m[38;5;213mtasks.rw_task[0m  yaw_error: 1.777024, yaw_rate: 0.000602, control signal: 4300.000000
2026-05-08T13:01:03  [1m[38;5;51mINFO    [0m  [2m[38;5;213mtasks.rw_task[0m  yaw_error: 1.776711, yaw_rate: 0.002255, control signal: 4300.000000
2026-05-08T13:01:03  [1m[38;5;51mINFO    [0m  [2m[38;5;213mtasks.rw_task[0m  yaw_error: 1.776888, yaw_rate: -0.003377, control signal: 4300.000000
2026-05-08T13:01:03  [1m[38;5;51mINFO    [0m  [2m[38;5;213mtasks.rw_task[0m  yaw_error: 1.777497, yaw_rate: -0.004790, control signal: 4300.000000
2026-05-08T13:01:04  [1m[38;5;51mINFO    [0m  [2m[38;5;213mtasks.rw_task[0m  yaw_error: 1.777691, yaw_rate: 0.004280, control signal: 4300.000000
2026-05-08T13:01:04  [1m[38;5;51mINFO    [0m  [2m[38;5;213mtasks.rw_task[0m  yaw_error: 1.777099, yaw_rate: -0.002681, control signal: 4300.000000
2026-05-08T13:01:04  [1m[38;5;51mINFO    [0m  [2m[38;5;213mtasks.rw_task[0m  yaw_error: 1.777018, yaw_rate: -0.001479, control signal: 4300.000000
2026-05-08T13:01:04  [1m[38;5;51mINFO    [0m  [2m[38;5;213mtasks.rw_task[0m  yaw_error: 1.777202, yaw_rate: -0.002255, control signal: 4300.000000
2026-05-08T13:01:04  [1m[38;5;51mINFO    [0m  [2m[38;5;213mtasks.rw_task[0m  yaw_error: 1.776896, yaw_rate: 0.004037, control signal: 4300.000000
2026-05-08T13:01:04  [1m[38;5;51mINFO    [0m  [2m[38;5;213mtasks.rw_task[0m  yaw_error: 1.776693, yaw_rate: -0.002907, control signal: 4300.000000
2026-05-08T13:01:04  [1m[38;5;51mINFO    [0m  [2m[38;5;213mtasks.rw_task[0m  yaw_error: 1.776811, yaw_rate: -0.000502, control signal: 4300.000000
2026-05-08T13:01:04  [1m[38;5;51mINFO    [0m  [2m[38;5;213mtasks.rw_task[0m  yaw_error: 1.776582, yaw_rate: -0.000098, control signal: 4300.000000
2026-05-08T13:01:04  [1m[38;5;51mINFO    [0m  [2m[38;5;213mtasks.rw_task[0m  yaw_error: 1.776794, yaw_rate: -0.002461, control signal: 4300.000000
2026-05-08T13:01:04  [1m[38;5;51mINFO    [0m  [2m[38;5;213mtasks.rw_task[0m  yaw_error: 1.777069, yaw_rate: -0.000708, control signal: 4300.000000
2026-05-08T13:01:05  [1m[38;5;51mINFO    [0m  [2m[38;5;213mtasks.rw_task[0m  yaw_error: 1.776877, yaw_rate: 0.003361, control signal: 4300.000000
2026-05-08T13:01:05  [1m[38;5;51mINFO    [0m  [2m[38;5;213mtasks.rw_task[0m  yaw_error: 1.777253, yaw_rate: -0.001431, control signal: 4300.000000
2026-05-08T13:01:05  [1m[38;5;51mINFO    [0m  [2m[38;5;213mtasks.rw_task[0m  yaw_error: 1.776768, yaw_rate: -0.001738, control signal: 4300.000000
2026-05-08T13:01:05  [1m[38;5;51mINFO    [0m  [2m[38;5;213mtasks.rw_task[0m  yaw_error: 1.775503, yaw_rate: 0.004017, control signal: 4300.000000
2026-05-08T13:01:05  [1m[38;5;51mINFO    [0m  [2m[38;5;213mtasks.rw_task[0m  yaw_error: 1.778265, yaw_rate: -0.002039, control signal: 4300.000000
2026-05-08T13:01:05  [1m[38;5;51mINFO    [0m  [2m[38;5;213mtasks.rw_task[0m  yaw_error: 1.774168, yaw_rate: 0.004864, control signal: 4300.000000
2026-05-08T13:01:05  [1m[38;5;51mINFO    [0m  [2m[38;5;213mtasks.rw_task[0m  yaw_error: 1.777199, yaw_rate: -0.001777, control signal: 4300.000000
2026-05-08T13:01:05  [1m[38;5;51mINFO    [0m  [2m[38;5;213mtasks.rw_task[0m  yaw_error: 1.775424, yaw_rate: 0.001456, control signal: 4300.000000
2026-05-08T13:01:05  [1m[38;5;51mINFO    [0m  [2m[38;5;213mtasks.rw_task[0m  yaw_error: 1.775154, yaw_rate: -0.000576, control signal: 4300.000000
2026-05-08T13:01:05  [1m[38;5;51mINFO    [0m  [2m[38;5;213mtasks.rw_task[0m  yaw_error: 1.774588, yaw_rate: -0.000919, control signal: 4300.000000
2026-05-08T13:01:06  [1m[38;5;51mINFO    [0m  [2m[38;5;213mtasks.rw_task[0m  yaw_error: 1.774423, yaw_rate: -0.000159, control signal: 4300.000000
2026-05-08T13:01:06  [1m[38;5;51mINFO    [0m  [2m[38;5;213mtasks.rw_task[0m  yaw_error: 1.774015, yaw_rate: 0.004231, control signal: 4300.000000
2026-05-08T13:01:06  [1m[38;5;51mINFO    [0m  [2m[38;5;213mtasks.rw_task[0m  yaw_error: 1.776504, yaw_rate: -0.005323, control signal: 4300.000000
2026-05-08T13:01:06  [1m[38;5;51mINFO    [0m  [2m[38;5;213mtasks.rw_task[0m  yaw_error: 1.774755, yaw_rate: -0.003060, control signal: 4300.000000
2026-05-08T13:01:06  [1m[38;5;51mINFO    [0m  [2m[38;5;213mtasks.rw_task[0m  yaw_error: 1.774398, yaw_rate: 0.002072, control signal: 4300.000000
2026-05-08T13:01:06  [1m[38;5;51mINFO    [0m  [2m[38;5;213mtasks.rw_task[0m  yaw_error: 1.773906, yaw_rate: -0.000462, control signal: 4300.000000
2026-05-08T13:01:06  [1m[38;5;51mINFO    [0m  [2m[38;5;213mtasks.rw_task[0m  yaw_error: 1.776958, yaw_rate: -0.001321, control signal: 4300.000000
2026-05-08T13:01:06  [1m[38;5;51mINFO    [0m  [2m[38;5;213mtasks.rw_task[0m  yaw_error: 1.784037, yaw_rate: -0.002870, control signal: 4300.000000
2026-05-08T13:01:06  [1m[38;5;51mINFO    [0m  [2m[38;5;213mtasks.rw_task[0m  yaw_error: 1.786597, yaw_rate: -0.008441, control signal: 4300.000000
2026-05-08T13:01:07  [1m[38;5;51mINFO    [0m  [2m[38;5;213mtasks.rw_task[0m  yaw_error: 1.787811, yaw_rate: -0.003841, control signal: 4300.000000
2026-05-08T13:01:07  [1m[38;5;51mINFO    [0m  [2m[38;5;213mtasks.rw_task[0m  yaw_error: 1.786961, yaw_rate: 0.000482, control signal: 4300.000000
2026-05-08T13:01:07  [1m[38;5;51mINFO    [0m  [2m[38;5;213mtasks.rw_task[0m  yaw_error: 1.786096, yaw_rate: 0.001303, control signal: 4300.000000
2026-05-08T13:01:07  [1m[38;5;51mINFO    [0m  [2m[38;5;213mtasks.rw_task[0m  yaw_error: 1.785619, yaw_rate: -0.002761, control signal: 4300.000000
2026-05-08T13:01:07  [1m[38;5;51mINFO    [0m  [2m[38;5;213mtasks.rw_task[0m  yaw_error: 1.785565, yaw_rate: 0.000392, control signal: 4300.000000
2026-05-08T13:01:07  [1m[38;5;51mINFO    [0m  [2m[38;5;213mtasks.rw_task[0m  yaw_error: 1.785750, yaw_rate: -0.001332, control signal: 4300.000000
2026-05-08T13:01:07  [1m[38;5;51mINFO    [0m  [2m[38;5;213mtasks.rw_task[0m  yaw_error: 1.785729, yaw_rate: -0.004062, control signal: 4300.000000
2026-05-08T13:01:07  [1m[38;5;51mINFO    [0m  [2m[38;5;213mtasks.rw_task[0m  yaw_error: 1.785947, yaw_rate: -0.002029, control signal: 4300.000000
2026-05-08T13:01:07  [1m[38;5;51mINFO    [0m  [2m[38;5;213mtasks.command_receiver_task[0m  CommandReceiverTask: GsGpsCommandPacket → wrote 3 keys
2026-05-08T13:01:07  [1m[38;5;51mINFO    [0m  [2m[38;5;213mtasks.command_receiver_task[0m  CommandReceiverTask: ACK sent (cmd_id=0xC4 cmd_seq=10 status=0)
2026-05-08T13:01:07  [1m[38;5;51mINFO    [0m  [2m[38;5;213mtasks.rw_task[0m  yaw_error: 1.785491, yaw_rate: 0.002310, control signal: 4300.000000
2026-05-08T13:01:07  [1m[38;5;51mINFO    [0m  [2m[38;5;213mtasks.rw_task[0m  yaw_error: 1.787326, yaw_rate: -0.001079, control signal: 4300.000000
2026-05-08T13:01:08  [1m[38;5;51mINFO    [0m  [2m[38;5;213mtasks.rw_task[0m  yaw_error: 1.787842, yaw_rate: 0.000840, control signal: 4300.000000
2026-05-08T13:01:08  [1m[38;5;51mINFO    [0m  [2m[38;5;213mtasks.rw_task[0m  yaw_error: 1.786674, yaw_rate: -0.000504, control signal: 4300.000000
2026-05-08T13:01:08  [1m[38;5;51mINFO    [0m  [2m[38;5;213mtasks.rw_task[0m  yaw_error: 1.784317, yaw_rate: 0.005059, control signal: 4300.000000
2026-05-08T13:01:08  [1m[38;5;51mINFO    [0m  [2m[38;5;213mtasks.rw_task[0m  yaw_error: 1.783354, yaw_rate: -0.000047, control signal: 4300.000000
2026-05-08T13:01:08  [1m[38;5;51mINFO    [0m  [2m[38;5;213mtasks.rw_task[0m  yaw_error: 1.782345, yaw_rate: -0.002312, control signal: 4300.000000
2026-05-08T13:01:08  [1m[38;5;51mINFO    [0m  [2m[38;5;213mtasks.rw_task[0m  yaw_error: 1.781059, yaw_rate: 0.003023, control signal: 4300.000000
2026-05-08T13:01:08  [1m[38;5;51mINFO    [0m  [2m[38;5;213mtasks.rw_task[0m  yaw_error: 1.780508, yaw_rate: 0.001875, control signal: 4300.000000
2026-05-08T13:01:08  [1m[38;5;51mINFO    [0m  [2m[38;5;213mtasks.rw_task[0m  yaw_error: 1.779698, yaw_rate: 0.007255, control signal: 4300.000000
2026-05-08T13:01:08  [1m[38;5;51mINFO    [0m  [2m[38;5;213mtasks.rw_task[0m  yaw_error: 1.780342, yaw_rate: 0.004785, control signal: 4300.000000
2026-05-08T13:01:08  [1m[38;5;51mINFO    [0m  [2m[38;5;213mtasks.rw_task[0m  yaw_error: 1.780631, yaw_rate: 0.008263, control signal: 4300.000000
2026-05-08T13:01:09  [1m[38;5;51mINFO    [0m  [2m[38;5;213mtasks.rw_task[0m  yaw_error: 1.778990, yaw_rate: 0.005076, control signal: 4300.000000
2026-05-08T13:01:09  [1m[38;5;51mINFO    [0m  [2m[38;5;213mtasks.rw_task[0m  yaw_error: 1.776335, yaw_rate: -0.003205, control signal: 4300.000000
2026-05-08T13:01:09  [1m[38;5;51mINFO    [0m  [2m[38;5;213mtasks.rw_task[0m  yaw_error: 1.776209, yaw_rate: 0.002305, control signal: 4300.000000
2026-05-08T13:01:09  [1m[38;5;51mINFO    [0m  [2m[38;5;213mtasks.rw_task[0m  yaw_error: 1.776422, yaw_rate: -0.002842, control signal: 4300.000000
2026-05-08T13:01:09  [1m[38;5;51mINFO    [0m  [2m[38;5;213mtasks.rw_task[0m  yaw_error: 1.775240, yaw_rate: 0.001188, control signal: 4300.000000
2026-05-08T13:01:09  [1m[38;5;51mINFO    [0m  [2m[38;5;213mtasks.rw_task[0m  yaw_error: 1.774028, yaw_rate: 0.001364, control signal: 4300.000000
2026-05-08T13:01:09  [1m[38;5;51mINFO    [0m  [2m[38;5;213mtasks.rw_task[0m  yaw_error: 1.773637, yaw_rate: 0.003323, control signal: 4300.000000
2026-05-08T13:01:09  [1m[38;5;51mINFO    [0m  [2m[38;5;213mtasks.rw_task[0m  yaw_error: 1.773566, yaw_rate: -0.001395, control signal: 4300.000000
2026-05-08T13:01:09  [1m[38;5;51mINFO    [0m  [2m[38;5;213mtasks.rw_task[0m  yaw_error: 1.773925, yaw_rate: 0.001637, control signal: 4300.000000
2026-05-08T13:01:10  [1m[38;5;51mINFO    [0m  [2m[38;5;213mtasks.rw_task[0m  yaw_error: 1.775236, yaw_rate: 0.002553, control signal: 4300.000000
2026-05-08T13:01:10  [1m[38;5;51mINFO    [0m  [2m[38;5;213mtasks.rw_task[0m  yaw_error: 1.776055, yaw_rate: -0.001151, control signal: 4300.000000
2026-05-08T13:01:10  [1m[38;5;51mINFO    [0m  [2m[38;5;213mtasks.rw_task[0m  yaw_error: 1.776597, yaw_rate: -0.002810, control signal: 4300.000000
2026-05-08T13:01:10  [1m[38;5;51mINFO    [0m  [2m[38;5;213mtasks.rw_task[0m  yaw_error: 1.776962, yaw_rate: 0.002626, control signal: 4300.000000
2026-05-08T13:01:10  [1m[38;5;51mINFO    [0m  [2m[38;5;213mtasks.rw_task[0m  yaw_error: 1.777275, yaw_rate: 0.002892, control signal: 4300.000000
2026-05-08T13:01:10  [1m[38;5;51mINFO    [0m  [2m[38;5;213mtasks.rw_task[0m  yaw_error: 1.777267, yaw_rate: -0.001756, control signal: 4300.000000
2026-05-08T13:01:10  [1m[38;5;51mINFO    [0m  [2m[38;5;213mtasks.rw_task[0m  yaw_error: 1.776582, yaw_rate: 0.000131, control signal: 4300.000000
2026-05-08T13:01:10  [1m[38;5;51mINFO    [0m  [2m[38;5;213mtasks.rw_task[0m  yaw_error: 1.776931, yaw_rate: -0.001621, control signal: 4300.000000
2026-05-08T13:01:10  [1m[38;5;51mINFO    [0m  [2m[38;5;213mtasks.rw_task[0m  yaw_error: 1.776713, yaw_rate: 0.002450, control signal: 4300.000000
2026-05-08T13:01:10  [1m[38;5;51mINFO    [0m  [2m[38;5;213mtasks.rw_task[0m  yaw_error: 1.776472, yaw_rate: -0.000693, control signal: 4300.000000
2026-05-08T13:01:11  [1m[38;5;51mINFO    [0m  [2m[38;5;213mtasks.rw_task[0m  yaw_error: 1.776525, yaw_rate: 0.000959, control signal: 4300.000000
2026-05-08T13:01:11  [1m[38;5;51mINFO    [0m  [2m[38;5;213mtasks.rw_task[0m  yaw_error: 1.776008, yaw_rate: 0.001257, control signal: 4300.000000
2026-05-08T13:01:11  [1m[38;5;51mINFO    [0m  [2m[38;5;213mtasks.rw_task[0m  yaw_error: 1.776545, yaw_rate: -0.001016, control signal: 4300.000000
2026-05-08T13:01:11  [1m[38;5;51mINFO    [0m  [2m[38;5;213mtasks.rw_task[0m  yaw_error: 1.776451, yaw_rate: -0.002671, control signal: 4300.000000
2026-05-08T13:01:11  [1m[38;5;51mINFO    [0m  [2m[38;5;213mtasks.rw_task[0m  yaw_error: 1.776719, yaw_rate: 0.001742, control signal: 4300.000000
2026-05-08T13:01:11  [1m[38;5;51mINFO    [0m  [2m[38;5;213mtasks.rw_task[0m  yaw_error: 1.776860, yaw_rate: 0.001438, control signal: 4300.000000
2026-05-08T13:01:11  [1m[38;5;51mINFO    [0m  [2m[38;5;213mtasks.rw_task[0m  yaw_error: 1.778003, yaw_rate: -0.001081, control signal: 4300.000000
2026-05-08T13:01:11  [1m[38;5;51mINFO    [0m  [2m[38;5;213mtasks.rw_task[0m  yaw_error: 1.778399, yaw_rate: 0.002292, control signal: 4300.000000
2026-05-08T13:01:11  [1m[38;5;51mINFO    [0m  [2m[38;5;213mtasks.rw_task[0m  yaw_error: 1.778801, yaw_rate: 0.002835, control signal: 4300.000000
2026-05-08T13:01:12  [1m[38;5;51mINFO    [0m  [2m[38;5;213mtasks.rw_task[0m  yaw_error: 1.778294, yaw_rate: 0.000434, control signal: 4300.000000
2026-05-08T13:01:12  [1m[38;5;51mINFO    [0m  [2m[38;5;213mtasks.rw_task[0m  yaw_error: 1.778185, yaw_rate: 0.000634, control signal: 4300.000000
2026-05-08T13:01:12  [1m[38;5;51mINFO    [0m  [2m[38;5;213mtasks.rw_task[0m  yaw_error: 1.777540, yaw_rate: 0.001849, control signal: 4300.000000
2026-05-08T13:01:12  [1m[38;5;51mINFO    [0m  [2m[38;5;213mtasks.rw_task[0m  yaw_error: 1.778152, yaw_rate: -0.001155, control signal: 4300.000000
2026-05-08T13:01:12  [1m[38;5;51mINFO    [0m  [2m[38;5;213mtasks.rw_task[0m  yaw_error: 1.779242, yaw_rate: -0.001135, control signal: 4300.000000
2026-05-08T13:01:12  [1m[38;5;51mINFO    [0m  [2m[38;5;213mtasks.rw_task[0m  yaw_error: 1.781521, yaw_rate: 0.000136, control signal: 4300.000000
2026-05-08T13:01:12  [1m[38;5;51mINFO    [0m  [2m[38;5;213mtasks.rw_task[0m  yaw_error: 1.782899, yaw_rate: -0.003594, control signal: 4300.000000
2026-05-08T13:01:12  [1m[38;5;51mINFO    [0m  [2m[38;5;213mtasks.rw_task[0m  yaw_error: 1.784320, yaw_rate: -0.007861, control signal: 4300.000000
2026-05-08T13:01:12  [1m[38;5;51mINFO    [0m  [2m[38;5;213mtasks.rw_task[0m  yaw_error: 1.784369, yaw_rate: -0.002556, control signal: 4300.000000
2026-05-08T13:01:12  [1m[38;5;51mINFO    [0m  [2m[38;5;213mtasks.command_receiver_task[0m  CommandReceiverTask: GsGpsCommandPacket → wrote 3 keys
2026-05-08T13:01:12  [1m[38;5;51mINFO    [0m  [2m[38;5;213mtasks.command_receiver_task[0m  CommandReceiverTask: ACK sent (cmd_id=0xC4 cmd_seq=11 status=0)
2026-05-08T13:01:12  [1m[38;5;51mINFO    [0m  [2m[38;5;213mtasks.rw_task[0m  yaw_error: 1.784391, yaw_rate: -0.000184, control signal: 4300.000000
2026-05-08T13:01:13  [1m[38;5;51mINFO    [0m  [2m[38;5;213mtasks.rw_task[0m  yaw_error: 1.784414, yaw_rate: 0.001549, control signal: 4300.000000
2026-05-08T13:01:13  [1m[38;5;51mINFO    [0m  [2m[38;5;213mtasks.rw_task[0m  yaw_error: 1.786169, yaw_rate: 0.003994, control signal: 4300.000000
2026-05-08T13:01:13  [1m[38;5;51mINFO    [0m  [2m[38;5;213mtasks.rw_task[0m  yaw_error: 1.782434, yaw_rate: -0.001262, control signal: 4300.000000
2026-05-08T13:01:13  [1m[38;5;51mINFO    [0m  [2m[38;5;213mtasks.rw_task[0m  yaw_error: 1.782541, yaw_rate: 0.002537, control signal: 4300.000000
2026-05-08T13:01:13  [1m[38;5;51mINFO    [0m  [2m[38;5;213mtasks.rw_task[0m  yaw_error: 1.784643, yaw_rate: -0.002250, control signal: 4300.000000
2026-05-08T13:01:13  [1m[38;5;51mINFO    [0m  [2m[38;5;213mtasks.rw_task[0m  yaw_error: 1.781556, yaw_rate: -0.000456, control signal: 4300.000000
2026-05-08T13:01:13  [1m[38;5;51mINFO    [0m  [2m[38;5;213mtasks.rw_task[0m  yaw_error: 1.781179, yaw_rate: 0.001209, control signal: 4300.000000
2026-05-08T13:01:13  [1m[38;5;51mINFO    [0m  [2m[38;5;213mtasks.rw_task[0m  yaw_error: 1.778851, yaw_rate: -0.001653, control signal: 4300.000000
2026-05-08T13:01:13  [1m[38;5;51mINFO    [0m  [2m[38;5;213mtasks.rw_task[0m  yaw_error: 1.775898, yaw_rate: 0.001205, control signal: 4300.000000
2026-05-08T13:01:14  [1m[38;5;51mINFO    [0m  [2m[38;5;213mtasks.rw_task[0m  yaw_error: 1.772955, yaw_rate: 0.005685, control signal: 4300.000000
2026-05-08T13:01:14  [1m[38;5;51mINFO    [0m  [2m[38;5;213mtasks.rw_task[0m  yaw_error: 1.773971, yaw_rate: -0.000997, control signal: 4300.000000
2026-05-08T13:01:14  [1m[38;5;51mINFO    [0m  [2m[38;5;213mtasks.rw_task[0m  yaw_error: 1.774732, yaw_rate: -0.002604, control signal: 4300.000000
2026-05-08T13:01:14  [1m[38;5;51mINFO    [0m  [2m[38;5;213mtasks.rw_task[0m  yaw_error: 1.775012, yaw_rate: 0.000550, control signal: 4300.000000
2026-05-08T13:01:14  [1m[38;5;51mINFO    [0m  [2m[38;5;213mtasks.rw_task[0m  yaw_error: 1.775720, yaw_rate: -0.007511, control signal: 4300.000000
2026-05-08T13:01:14  [1m[38;5;51mINFO    [0m  [2m[38;5;213mtasks.rw_task[0m  yaw_error: 1.780425, yaw_rate: 0.000932, control signal: 4300.000000
2026-05-08T13:01:14  [1m[38;5;51mINFO    [0m  [2m[38;5;213mtasks.rw_task[0m  yaw_error: 1.787063, yaw_rate: -0.003457, control signal: 4300.000000
2026-05-08T13:01:14  [1m[38;5;51mINFO    [0m  [2m[38;5;213mtasks.rw_task[0m  yaw_error: 1.790257, yaw_rate: -0.006291, control signal: 4300.000000
2026-05-08T13:01:14  [1m[38;5;51mINFO    [0m  [2m[38;5;213mtasks.rw_task[0m  yaw_error: 1.790418, yaw_rate: -0.008436, control signal: 4300.000000
2026-05-08T13:01:14  [1m[38;5;51mINFO    [0m  [2m[38;5;213mtasks.rw_task[0m  yaw_error: 1.790149, yaw_rate: -0.001948, control signal: 4300.000000
2026-05-08T13:01:15  [1m[38;5;51mINFO    [0m  [2m[38;5;213mtasks.rw_task[0m  yaw_error: 1.790985, yaw_rate: 0.000960, control signal: 4300.000000
2026-05-08T13:01:15  [1m[38;5;51mINFO    [0m  [2m[38;5;213mtasks.rw_task[0m  yaw_error: 1.789563, yaw_rate: -0.001572, control signal: 4300.000000
2026-05-08T13:01:15  [1m[38;5;51mINFO    [0m  [2m[38;5;213mtasks.rw_task[0m  yaw_error: 1.789989, yaw_rate: 0.004000, control signal: 4300.000000
2026-05-08T13:01:15  [1m[38;5;51mINFO    [0m  [2m[38;5;213mtasks.rw_task[0m  yaw_error: 1.791818, yaw_rate: -0.004357, control signal: 4300.000000
2026-05-08T13:01:15  [1m[38;5;51mINFO    [0m  [2m[38;5;213mtasks.rw_task[0m  yaw_error: 1.791141, yaw_rate: 0.002280, control signal: 4300.000000
2026-05-08T13:01:15  [1m[38;5;51mINFO    [0m  [2m[38;5;213mtasks.rw_task[0m  yaw_error: 1.791382, yaw_rate: -0.000350, control signal: 4300.000000
2026-05-08T13:01:15  [1m[38;5;51mINFO    [0m  [2m[38;5;213mtasks.rw_task[0m  yaw_error: 1.791852, yaw_rate: 0.002286, control signal: 4300.000000
2026-05-08T13:01:15  [1m[38;5;51mINFO    [0m  [2m[38;5;213mtasks.rw_task[0m  yaw_error: 1.792355, yaw_rate: 0.004817, control signal: 4300.000000
2026-05-08T13:01:15  [1m[38;5;51mINFO    [0m  [2m[38;5;213mtasks.rw_task[0m  yaw_error: 1.792782, yaw_rate: 0.004883, control signal: 4300.000000
2026-05-08T13:01:15  [1m[38;5;51mINFO    [0m  [2m[38;5;213mtasks.rw_task[0m  yaw_error: 1.794762, yaw_rate: 0.001609, control signal: 4300.000000
2026-05-08T13:01:16  [1m[38;5;51mINFO    [0m  [2m[38;5;213mtasks.rw_task[0m  yaw_error: 1.794554, yaw_rate: 0.001550, control signal: 4300.000000
2026-05-08T13:01:16  [1m[38;5;51mINFO    [0m  [2m[38;5;213mtasks.rw_task[0m  yaw_error: 1.794379, yaw_rate: 0.000648, control signal: 4300.000000
2026-05-08T13:01:16  [1m[38;5;51mINFO    [0m  [2m[38;5;213mtasks.rw_task[0m  yaw_error: 1.793850, yaw_rate: 0.005204, control signal: 4300.000000
2026-05-08T13:01:16  [1m[38;5;51mINFO    [0m  [2m[38;5;213mtasks.rw_task[0m  yaw_error: 1.793165, yaw_rate: 0.005361, control signal: 4300.000000
2026-05-08T13:01:16  [1m[38;5;51mINFO    [0m  [2m[38;5;213mtasks.rw_task[0m  yaw_error: 1.793726, yaw_rate: 0.004202, control signal: 4300.000000
2026-05-08T13:01:16  [1m[38;5;51mINFO    [0m  [2m[38;5;213mtasks.rw_task[0m  yaw_error: 1.793477, yaw_rate: 0.002039, control signal: 4300.000000
2026-05-08T13:01:16  [1m[38;5;51mINFO    [0m  [2m[38;5;213mtasks.rw_task[0m  yaw_error: 1.795614, yaw_rate: 0.003850, control signal: 4300.000000
2026-05-08T13:01:16  [1m[38;5;51mINFO    [0m  [2m[38;5;213mtasks.rw_task[0m  yaw_error: 1.795372, yaw_rate: -0.002823, control signal: 4300.000000
2026-05-08T13:01:16  [1m[38;5;51mINFO    [0m  [2m[38;5;213mtasks.rw_task[0m  yaw_error: 1.793940, yaw_rate: 0.001506, control signal: 4300.000000
2026-05-08T13:01:17  [1m[38;5;51mINFO    [0m  [2m[38;5;213mtasks.rw_task[0m  yaw_error: 1.794424, yaw_rate: 0.002193, control signal: 4300.000000
2026-05-08T13:01:17  [1m[38;5;51mINFO    [0m  [2m[38;5;213mtasks.rw_task[0m  yaw_error: 1.794438, yaw_rate: 0.002198, control signal: 4300.000000
2026-05-08T13:01:17  [1m[38;5;51mINFO    [0m  [2m[38;5;213mtasks.rw_task[0m  yaw_error: 1.793807, yaw_rate: -0.003868, control signal: 4300.000000
2026-05-08T13:01:17  [1m[38;5;51mINFO    [0m  [2m[38;5;213mtasks.rw_task[0m  yaw_error: 1.796490, yaw_rate: 0.002013, control signal: 4300.000000
2026-05-08T13:01:17  [1m[38;5;51mINFO    [0m  [2m[38;5;213mtasks.rw_task[0m  yaw_error: 1.794913, yaw_rate: -0.002086, control signal: 4300.000000
2026-05-08T13:01:17  [1m[38;5;51mINFO    [0m  [2m[38;5;213mtasks.rw_task[0m  yaw_error: 1.795344, yaw_rate: 0.000298, control signal: 4300.000000
2026-05-08T13:01:17  [1m[38;5;51mINFO    [0m  [2m[38;5;213mtasks.rw_task[0m  yaw_error: 1.793891, yaw_rate: -0.000552, control signal: 4300.000000
2026-05-08T13:01:17  [1m[38;5;51mINFO    [0m  [2m[38;5;213mtasks.rw_task[0m  yaw_error: 1.794801, yaw_rate: 0.000636, control signal: 4300.000000
2026-05-08T13:01:17  [1m[38;5;51mINFO    [0m  [2m[38;5;213mtasks.rw_task[0m  yaw_error: 1.795585, yaw_rate: -0.003371, control signal: 4300.000000
2026-05-08T13:01:17  [1m[38;5;51mINFO    [0m  [2m[38;5;213mtasks.command_receiver_task[0m  CommandReceiverTask: GsGpsCommandPacket → wrote 3 keys
2026-05-08T13:01:17  [1m[38;5;51mINFO    [0m  [2m[38;5;213mtasks.command_receiver_task[0m  CommandReceiverTask: ACK sent (cmd_id=0xC4 cmd_seq=12 status=0)
2026-05-08T13:01:17  [1m[38;5;51mINFO    [0m  [2m[38;5;213mtasks.rw_task[0m  yaw_error: 1.797179, yaw_rate: 0.002904, control signal: 4300.000000
2026-05-08T13:01:18  [1m[38;5;51mINFO    [0m  [2m[38;5;213mtasks.rw_task[0m  yaw_error: 1.797755, yaw_rate: -0.003032, control signal: 4300.000000
2026-05-08T13:01:18  [1m[38;5;51mINFO    [0m  [2m[38;5;213mtasks.rw_task[0m  yaw_error: 1.795908, yaw_rate: -0.001048, control signal: 4300.000000
2026-05-08T13:01:18  [1m[38;5;51mINFO    [0m  [2m[38;5;213mtasks.rw_task[0m  yaw_error: 1.796196, yaw_rate: 0.002431, control signal: 4300.000000
2026-05-08T13:01:18  [1m[38;5;51mINFO    [0m  [2m[38;5;213mtasks.rw_task[0m  yaw_error: 1.795623, yaw_rate: -0.002615, control signal: 4300.000000
2026-05-08T13:01:18  [1m[38;5;51mINFO    [0m  [2m[38;5;213mtasks.rw_task[0m  yaw_error: 1.795754, yaw_rate: -0.001981, control signal: 4300.000000
2026-05-08T13:01:18  [1m[38;5;51mINFO    [0m  [2m[38;5;213mtasks.rw_task[0m  yaw_error: 1.796047, yaw_rate: -0.002459, control signal: 4300.000000
2026-05-08T13:01:18  [1m[38;5;51mINFO    [0m  [2m[38;5;213mtasks.rw_task[0m  yaw_error: 1.795490, yaw_rate: 0.001899, control signal: 4300.000000
2026-05-08T13:01:18  [1m[38;5;51mINFO    [0m  [2m[38;5;213mtasks.rw_task[0m  yaw_error: 1.796135, yaw_rate: -0.002122, control signal: 4300.000000
2026-05-08T13:01:18  [1m[38;5;51mINFO    [0m  [2m[38;5;213mtasks.rw_task[0m  yaw_error: 1.795703, yaw_rate: -0.006662, control signal: 4300.000000
2026-05-08T13:01:19  [1m[38;5;51mINFO    [0m  [2m[38;5;213mtasks.rw_task[0m  yaw_error: 1.795157, yaw_rate: 0.000690, control signal: 4300.000000
2026-05-08T13:01:19  [1m[38;5;51mINFO    [0m  [2m[38;5;213mtasks.rw_task[0m  yaw_error: 1.793990, yaw_rate: 0.015853, control signal: 4300.000000
2026-05-08T13:01:19  [1m[38;5;51mINFO    [0m  [2m[38;5;213mtasks.rw_task[0m  yaw_error: 1.796020, yaw_rate: 0.002380, control signal: 4300.000000
2026-05-08T13:01:19  [1m[38;5;51mINFO    [0m  [2m[38;5;213mtasks.rw_task[0m  yaw_error: 1.794585, yaw_rate: -0.003098, control signal: 4300.000000
2026-05-08T13:01:19  [1m[38;5;51mINFO    [0m  [2m[38;5;213mtasks.rw_task[0m  yaw_error: 1.793893, yaw_rate: 0.000854, control signal: 4300.000000
2026-05-08T13:01:19  [1m[38;5;51mINFO    [0m  [2m[38;5;213mtasks.rw_task[0m  yaw_error: 1.792801, yaw_rate: 0.003455, control signal: 4300.000000
2026-05-08T13:01:19  [1m[38;5;51mINFO    [0m  [2m[38;5;213mtasks.rw_task[0m  yaw_error: 1.795096, yaw_rate: 0.001422, control signal: 4300.000000
2026-05-08T13:01:19  [1m[38;5;51mINFO    [0m  [2m[38;5;213mtasks.rw_task[0m  yaw_error: 1.796650, yaw_rate: 0.006183, control signal: 4300.000000
2026-05-08T13:01:19  [1m[38;5;51mINFO    [0m  [2m[38;5;213mtasks.rw_task[0m  yaw_error: 1.800434, yaw_rate: 0.007862, control signal: 4300.000000
2026-05-08T13:01:19  [1m[38;5;51mINFO    [0m  [2m[38;5;213mtasks.rw_task[0m  yaw_error: 1.801597, yaw_rate: 0.014770, control signal: 4300.000000
2026-05-08T13:01:20  [1m[38;5;51mINFO    [0m  [2m[38;5;213mtasks.rw_task[0m  yaw_error: 1.800723, yaw_rate: -0.004130, control signal: 4300.000000
2026-05-08T13:01:20  [1m[38;5;51mINFO    [0m  [2m[38;5;213mtasks.rw_task[0m  yaw_error: 1.802122, yaw_rate: 0.007565, control signal: 4300.000000
2026-05-08T13:01:20  [1m[38;5;51mINFO    [0m  [2m[38;5;213mtasks.rw_task[0m  yaw_error: 1.796867, yaw_rate: -0.026217, control signal: 4300.000000
2026-05-08T13:01:20  [1m[38;5;51mINFO    [0m  [2m[38;5;213mtasks.rw_task[0m  yaw_error: 1.795545, yaw_rate: 0.015243, control signal: 4300.000000
2026-05-08T13:01:20  [1m[38;5;51mINFO    [0m  [2m[38;5;213mtasks.rw_task[0m  yaw_error: 1.798734, yaw_rate: -0.008457, control signal: 4300.000000
2026-05-08T13:01:20  [1m[38;5;51mINFO    [0m  [2m[38;5;213mtasks.rw_task[0m  yaw_error: 1.796149, yaw_rate: 0.000080, control signal: 4300.000000
2026-05-08T13:01:20  [1m[38;5;51mINFO    [0m  [2m[38;5;213mtasks.rw_task[0m  yaw_error: 1.797906, yaw_rate: 0.000292, control signal: 4300.000000
2026-05-08T13:01:20  [1m[38;5;51mINFO    [0m  [2m[38;5;213mtasks.rw_task[0m  yaw_error: 1.797739, yaw_rate: -0.001530, control signal: 4300.000000
2026-05-08T13:01:20  [1m[38;5;51mINFO    [0m  [2m[38;5;213mtasks.rw_task[0m  yaw_error: 1.798792, yaw_rate: 0.003556, control signal: 4300.000000
2026-05-08T13:01:20  [1m[38;5;51mINFO    [0m  [2m[38;5;213mtasks.rw_task[0m  yaw_error: 1.798352, yaw_rate: -0.002348, control signal: 4300.000000
2026-05-08T13:01:21  [1m[38;5;51mINFO    [0m  [2m[38;5;213mtasks.rw_task[0m  yaw_error: 1.798321, yaw_rate: -0.000376, control signal: 4300.000000
2026-05-08T13:01:21  [1m[38;5;51mINFO    [0m  [2m[38;5;213mtasks.rw_task[0m  yaw_error: 1.796334, yaw_rate: -0.000641, control signal: 4300.000000
2026-05-08T13:01:21  [1m[38;5;51mINFO    [0m  [2m[38;5;213mtasks.rw_task[0m  yaw_error: 1.797523, yaw_rate: 0.013463, control signal: 4300.000000
2026-05-08T13:01:21  [1m[38;5;51mINFO    [0m  [2m[38;5;213mtasks.rw_task[0m  yaw_error: 1.800549, yaw_rate: 0.001601, control signal: 4300.000000
2026-05-08T13:01:21  [1m[38;5;51mINFO    [0m  [2m[38;5;213mtasks.rw_task[0m  yaw_error: 1.799407, yaw_rate: 0.001844, control signal: 4300.000000
2026-05-08T13:01:21  [1m[38;5;51mINFO    [0m  [2m[38;5;213mtasks.rw_task[0m  yaw_error: 1.797979, yaw_rate: -0.002946, control signal: 4300.000000
2026-05-08T13:01:21  [1m[38;5;51mINFO    [0m  [2m[38;5;213mtasks.rw_task[0m  yaw_error: 1.798550, yaw_rate: 0.002526, control signal: 4300.000000
2026-05-08T13:01:21  [1m[38;5;51mINFO    [0m  [2m[38;5;213mtasks.rw_task[0m  yaw_error: 1.800331, yaw_rate: 0.002421, control signal: 4300.000000
2026-05-08T13:01:21  [1m[38;5;51mINFO    [0m  [2m[38;5;213mtasks.rw_task[0m  yaw_error: 1.798467, yaw_rate: 0.000665, control signal: 4300.000000
2026-05-08T13:01:22  [1m[38;5;51mINFO    [0m  [2m[38;5;213mtasks.rw_task[0m  yaw_error: 1.797523, yaw_rate: 0.000064, control signal: 4300.000000
2026-05-08T13:01:22  [1m[38;5;51mINFO    [0m  [2m[38;5;213mtasks.rw_task[0m  yaw_error: 1.798910, yaw_rate: -0.000262, control signal: 4300.000000
2026-05-08T13:01:22  [1m[38;5;51mINFO    [0m  [2m[38;5;213mtasks.rw_task[0m  yaw_error: 1.798000, yaw_rate: -0.002481, control signal: 4300.000000
2026-05-08T13:01:22  [1m[38;5;51mINFO    [0m  [2m[38;5;213mtasks.rw_task[0m  yaw_error: 1.798625, yaw_rate: 0.004234, control signal: 4300.000000
2026-05-08T13:01:22  [1m[38;5;51mINFO    [0m  [2m[38;5;213mtasks.rw_task[0m  yaw_error: 1.797660, yaw_rate: -0.005645, control signal: 4300.000000
2026-05-08T13:01:22  [1m[38;5;51mINFO    [0m  [2m[38;5;213mtasks.rw_task[0m  yaw_error: 1.796787, yaw_rate: -0.001109, control signal: 4300.000000
2026-05-08T13:01:22  [1m[38;5;51mINFO    [0m  [2m[38;5;213mtasks.rw_task[0m  yaw_error: 1.797650, yaw_rate: 0.001443, control signal: 4300.000000
2026-05-08T13:01:22  [1m[38;5;51mINFO    [0m  [2m[38;5;213mtasks.rw_task[0m  yaw_error: 1.799051, yaw_rate: -0.001054, control signal: 4300.000000
2026-05-08T13:01:22  [1m[38;5;51mINFO    [0m  [2m[38;5;213mtasks.rw_task[0m  yaw_error: 1.809939, yaw_rate: -0.002995, control signal: 4300.000000
2026-05-08T13:01:22  [1m[38;5;51mINFO    [0m  [2m[38;5;213mtasks.command_receiver_task[0m  CommandReceiverTask: GsGpsCommandPacket → wrote 3 keys
2026-05-08T13:01:22  [1m[38;5;51mINFO    [0m  [2m[38;5;213mtasks.command_receiver_task[0m  CommandReceiverTask: ACK sent (cmd_id=0xC4 cmd_seq=13 status=0)
2026-05-08T13:01:22  [1m[38;5;51mINFO    [0m  [2m[38;5;213mtasks.rw_task[0m  yaw_error: 1.798554, yaw_rate: -0.009093, control signal: 4300.000000
2026-05-08T13:01:23  [1m[38;5;51mINFO    [0m  [2m[38;5;213mtasks.rw_task[0m  yaw_error: 1.799820, yaw_rate: -0.000955, control signal: 4300.000000
2026-05-08T13:01:23  [1m[38;5;51mINFO    [0m  [2m[38;5;213mtasks.rw_task[0m  yaw_error: 1.799476, yaw_rate: 0.000936, control signal: 4300.000000
2026-05-08T13:01:23  [1m[38;5;51mINFO    [0m  [2m[38;5;213mtasks.rw_task[0m  yaw_error: 1.796770, yaw_rate: -0.003971, control signal: 4300.000000
2026-05-08T13:01:23  [1m[38;5;51mINFO    [0m  [2m[38;5;213mtasks.rw_task[0m  yaw_error: 1.797490, yaw_rate: 0.006662, control signal: 4300.000000
2026-05-08T13:01:23  [1m[38;5;51mINFO    [0m  [2m[38;5;213mtasks.rw_task[0m  yaw_error: 1.799981, yaw_rate: -0.002667, control signal: 4300.000000
2026-05-08T13:01:23  [1m[38;5;51mINFO    [0m  [2m[38;5;213mtasks.rw_task[0m  yaw_error: 1.798738, yaw_rate: 0.000572, control signal: 4300.000000
2026-05-08T13:01:23  [1m[38;5;51mINFO    [0m  [2m[38;5;213mtasks.rw_task[0m  yaw_error: 1.798658, yaw_rate: -0.002004, control signal: 4300.000000
2026-05-08T13:01:23  [1m[38;5;51mINFO    [0m  [2m[38;5;213mtasks.rw_task[0m  yaw_error: 1.798332, yaw_rate: 0.001505, control signal: 4300.000000
2026-05-08T13:01:23  [1m[38;5;51mINFO    [0m  [2m[38;5;213mtasks.rw_task[0m  yaw_error: 1.798816, yaw_rate: 0.004719, control signal: 4300.000000
2026-05-08T13:01:24  [1m[38;5;51mINFO    [0m  [2m[38;5;213mtasks.rw_task[0m  yaw_error: 1.800747, yaw_rate: -0.004782, control signal: 4300.000000
2026-05-08T13:01:24  [1m[38;5;51mINFO    [0m  [2m[38;5;213mtasks.rw_task[0m  yaw_error: 1.800334, yaw_rate: 0.002670, control signal: 4300.000000
2026-05-08T13:01:24  [1m[38;5;51mINFO    [0m  [2m[38;5;213mtasks.rw_task[0m  yaw_error: 1.798055, yaw_rate: -0.000633, control signal: 4300.000000
2026-05-08T13:01:24  [1m[38;5;51mINFO    [0m  [2m[38;5;213mtasks.rw_task[0m  yaw_error: 1.798631, yaw_rate: 0.001270, control signal: 4300.000000
2026-05-08T13:01:24  [1m[38;5;51mINFO    [0m  [2m[38;5;213mtasks.rw_task[0m  yaw_error: 1.799372, yaw_rate: 0.003655, control signal: 4300.000000
2026-05-08T13:01:24  [1m[38;5;51mINFO    [0m  [2m[38;5;213mtasks.rw_task[0m  yaw_error: 1.798541, yaw_rate: -0.001133, control signal: 4300.000000
2026-05-08T13:01:24  [1m[38;5;51mINFO    [0m  [2m[38;5;213mtasks.rw_task[0m  yaw_error: 1.801967, yaw_rate: 0.001031, control signal: 4300.000000
2026-05-08T13:01:24  [1m[38;5;51mINFO    [0m  [2m[38;5;213mtasks.rw_task[0m  yaw_error: 1.799810, yaw_rate: -0.005370, control signal: 4300.000000
2026-05-08T13:01:24  [1m[38;5;51mINFO    [0m  [2m[38;5;213mtasks.rw_task[0m  yaw_error: 1.803151, yaw_rate: 0.016802, control signal: 4300.000000
2026-05-08T13:01:24  [1m[38;5;51mINFO    [0m  [2m[38;5;213mtasks.rw_task[0m  yaw_error: 1.795389, yaw_rate: -0.008984, control signal: 4300.000000
2026-05-08T13:01:25  [1m[38;5;51mINFO    [0m  [2m[38;5;213mtasks.rw_task[0m  yaw_error: 1.798397, yaw_rate: -0.006145, control signal: 4300.000000
2026-05-08T13:01:25  [1m[38;5;51mINFO    [0m  [2m[38;5;213mtasks.rw_task[0m  yaw_error: 1.797538, yaw_rate: 0.003503, control signal: 4300.000000
2026-05-08T13:01:25  [1m[38;5;51mINFO    [0m  [2m[38;5;213mtasks.rw_task[0m  yaw_error: 1.797041, yaw_rate: 0.003545, control signal: 4300.000000
2026-05-08T13:01:25  [1m[38;5;51mINFO    [0m  [2m[38;5;213mtasks.rw_task[0m  yaw_error: 1.798398, yaw_rate: 0.010352, control signal: 4300.000000
2026-05-08T13:01:25  [1m[38;5;51mINFO    [0m  [2m[38;5;213mtasks.rw_task[0m  yaw_error: 1.798524, yaw_rate: 0.005173, control signal: 4300.000000
2026-05-08T13:01:25  [1m[38;5;51mINFO    [0m  [2m[38;5;213mtasks.rw_task[0m  yaw_error: 1.797242, yaw_rate: 0.002855, control signal: 4300.000000
2026-05-08T13:01:25  [1m[38;5;51mINFO    [0m  [2m[38;5;213mtasks.rw_task[0m  yaw_error: 1.797899, yaw_rate: 0.005137, control signal: 4300.000000
2026-05-08T13:01:25  [1m[38;5;51mINFO    [0m  [2m[38;5;213mtasks.rw_task[0m  yaw_error: 1.797691, yaw_rate: 0.001522, control signal: 4300.000000
2026-05-08T13:01:25  [1m[38;5;51mINFO    [0m  [2m[38;5;213mtasks.rw_task[0m  yaw_error: 1.798357, yaw_rate: -0.003975, control signal: 4300.000000
2026-05-08T13:01:26  [1m[38;5;51mINFO    [0m  [2m[38;5;213mtasks.rw_task[0m  yaw_error: 1.798354, yaw_rate: -0.003081, control signal: 4300.000000
2026-05-08T13:01:26  [1m[38;5;51mINFO    [0m  [2m[38;5;213mtasks.rw_task[0m  yaw_error: 1.797852, yaw_rate: 0.000643, control signal: 4300.000000
2026-05-08T13:01:26  [1m[38;5;51mINFO    [0m  [2m[38;5;213mtasks.rw_task[0m  yaw_error: 1.797575, yaw_rate: -0.001442, control signal: 4300.000000
2026-05-08T13:01:26  [1m[38;5;51mINFO    [0m  [2m[38;5;213mtasks.rw_task[0m  yaw_error: 1.800706, yaw_rate: 0.001188, control signal: 4300.000000
2026-05-08T13:01:26  [1m[38;5;51mINFO    [0m  [2m[38;5;213mtasks.rw_task[0m  yaw_error: 1.797704, yaw_rate: 0.005524, control signal: 4300.000000
2026-05-08T13:01:26  [1m[38;5;51mINFO    [0m  [2m[38;5;213mtasks.rw_task[0m  yaw_error: 1.798334, yaw_rate: -0.001393, control signal: 4300.000000
2026-05-08T13:01:26  [1m[38;5;51mINFO    [0m  [2m[38;5;213mtasks.rw_task[0m  yaw_error: 1.797701, yaw_rate: -0.000860, control signal: 4300.000000
2026-05-08T13:01:26  [1m[38;5;51mINFO    [0m  [2m[38;5;213mtasks.rw_task[0m  yaw_error: 1.796268, yaw_rate: -0.001738, control signal: 4300.000000
2026-05-08T13:01:26  [1m[38;5;51mINFO    [0m  [2m[38;5;213mtasks.rw_task[0m  yaw_error: 1.796662, yaw_rate: -0.002275, control signal: 4300.000000
2026-05-08T13:01:26  [1m[38;5;51mINFO    [0m  [2m[38;5;213mtasks.rw_task[0m  yaw_error: 1.797639, yaw_rate: -0.001769, control signal: 4300.000000
2026-05-08T13:01:27  [1m[38;5;51mINFO    [0m  [2m[38;5;213mtasks.rw_task[0m  yaw_error: 1.797940, yaw_rate: 0.003197, control signal: 4300.000000
2026-05-08T13:01:27  [1m[38;5;51mINFO    [0m  [2m[38;5;213mtasks.rw_task[0m  yaw_error: 1.797511, yaw_rate: 0.002630, control signal: 4300.000000
2026-05-08T13:01:27  [1m[38;5;51mINFO    [0m  [2m[38;5;213mtasks.rw_task[0m  yaw_error: 1.798058, yaw_rate: -0.002001, control signal: 4300.000000
2026-05-08T13:01:27  [1m[38;5;51mINFO    [0m  [2m[38;5;213mtasks.rw_task[0m  yaw_error: 1.797171, yaw_rate: -0.003728, control signal: 4300.000000
2026-05-08T13:01:27  [1m[38;5;51mINFO    [0m  [2m[38;5;213mtasks.rw_task[0m  yaw_error: 1.798163, yaw_rate: 0.004170, control signal: 4300.000000
2026-05-08T13:01:27  [1m[38;5;51mINFO    [0m  [2m[38;5;213mtasks.rw_task[0m  yaw_error: 1.798450, yaw_rate: 0.001792, control signal: 4300.000000
2026-05-08T13:01:27  [1m[38;5;51mINFO    [0m  [2m[38;5;213mtasks.rw_task[0m  yaw_error: 1.799561, yaw_rate: -0.004342, control signal: 4300.000000
2026-05-08T13:01:27  [1m[38;5;51mINFO    [0m  [2m[38;5;213mtasks.rw_task[0m  yaw_error: 1.799026, yaw_rate: -0.007704, control signal: 4300.000000
2026-05-08T13:01:27  [1m[38;5;51mINFO    [0m  [2m[38;5;213mtasks.rw_task[0m  yaw_error: 1.798675, yaw_rate: 0.001987, control signal: 4300.000000
2026-05-08T13:01:27  [1m[38;5;51mINFO    [0m  [2m[38;5;213mtasks.command_receiver_task[0m  CommandReceiverTask: GsGpsCommandPacket → wrote 3 keys
2026-05-08T13:01:27  [1m[38;5;51mINFO    [0m  [2m[38;5;213mtasks.command_receiver_task[0m  CommandReceiverTask: ACK sent (cmd_id=0xC4 cmd_seq=14 status=0)
2026-05-08T13:01:27  [1m[38;5;51mINFO    [0m  [2m[38;5;213mtasks.rw_task[0m  yaw_error: 1.799815, yaw_rate: 0.001807, control signal: 4300.000000
2026-05-08T13:01:28  [1m[38;5;51mINFO    [0m  [2m[38;5;213mtasks.rw_task[0m  yaw_error: 1.800864, yaw_rate: -0.004458, control signal: 4300.000000
2026-05-08T13:01:28  [1m[38;5;51mINFO    [0m  [2m[38;5;213mtasks.rw_task[0m  yaw_error: 1.801532, yaw_rate: 0.002653, control signal: 4300.000000
2026-05-08T13:01:28  [1m[38;5;51mINFO    [0m  [2m[38;5;213mtasks.rw_task[0m  yaw_error: 1.801360, yaw_rate: 0.002927, control signal: 4300.000000
2026-05-08T13:01:28  [1m[38;5;51mINFO    [0m  [2m[38;5;213mtasks.rw_task[0m  yaw_error: 1.801099, yaw_rate: 0.000520, control signal: 4300.000000
2026-05-08T13:01:28  [1m[38;5;51mINFO    [0m  [2m[38;5;213mtasks.rw_task[0m  yaw_error: 1.801253, yaw_rate: -0.002709, control signal: 4300.000000
2026-05-08T13:01:28  [1m[38;5;51mINFO    [0m  [2m[38;5;213mcore.lifecycle[0m  Received SIGINT — initiating graceful shutdown
2026-05-08T13:01:28  [1m[38;5;51mINFO    [0m  [2m[38;5;213mmain[0m  Shutdown event received — stopping all tasks
2026-05-08T13:01:28  [1m[38;5;51mINFO    [0m  [2m[38;5;213mcore.watchdog[0m  Watchdog stopped
2026-05-08T13:01:28  [1m[38;5;51mINFO    [0m  [2m[38;5;213mcore.scheduler[0m  Stopping all tasks
2026-05-08T13:01:28  [1m[38;5;51mINFO    [0m  [2m[38;5;213mtasks.datalogger_task[0m  DataLoggerTask: all CSV files closed
2026-05-08T13:01:28  [1m[38;5;51mINFO    [0m  [2m[38;5;213mcore.task_base[0m  Task datalogger stopped
2026-05-08T13:01:28  [1m[38;5;51mINFO    [0m  [2m[38;5;213mcore.task_base[0m  Task power stopped
2026-05-08T13:01:28  [1m[38;5;51mINFO    [0m  [2m[38;5;213mcore.task_base[0m  Task flight_stage stopped
2026-05-08T13:01:28  [1m[38;5;51mINFO    [0m  [2m[38;5;213mcore.task_base[0m  Task command_receiver stopped
2026-05-08T13:01:28  [1m[38;5;51mINFO    [0m  [2m[38;5;213mtelemetry.transport[0m  SerialTransport closed
2026-05-08T13:01:28  [1m[38;5;51mINFO    [0m  [2m[38;5;213mtelemetry.telemetry_task[0m  TelemetryTask: transport closed
2026-05-08T13:01:28  [1m[38;5;51mINFO    [0m  [2m[38;5;213mcore.task_base[0m  Task telemetry stopped
2026-05-08T13:01:28  [1m[38;5;51mINFO    [0m  [2m[38;5;213mtasks.gps_task[0m  GpsTask: driver closed
2026-05-08T13:01:28  [1m[38;5;51mINFO    [0m  [2m[38;5;213mtasks.rw_task[0m  yaw_error: 1.800612, yaw_rate: 0.003228, control signal: 4300.000000
2026-05-08T13:01:28  [1m[38;5;51mINFO    [0m  [2m[38;5;213mcore.task_base[0m  Task gps stopped
2026-05-08T13:01:28  [1m[38;5;51mINFO    [0m  [2m[38;5;213mtasks.mavlink_task[0m  MavlinkTask: connection closed
2026-05-08T13:01:28  [1m[38;5;51mINFO    [0m  [2m[38;5;213mcore.task_base[0m  Task mavlink stopped
2026-05-08T13:01:28  [1m[38;5;51mINFO    [0m  [2m[38;5;213mtasks.rw_task[0m  yaw_error: 1.800524, yaw_rate: -0.004931, control signal: 4300.000000
2026-05-08T13:01:28  [1m[38;5;51mINFO    [0m  [2m[38;5;213mcore.task_base[0m  Task reaction_wheel stopped
2026-05-08T13:01:29  [1m[38;5;51mINFO    [0m  [2m[38;5;213mmain[0m  ALTAIR V2 shutdown complete
